option (use plan N'<ShowPlanXML xmlns="http://schemas.microsoft.com/sqlserver/2004/07/showplan" Version="1.2" Build="12.0.4213.0"><BatchSequence><Batch><Statements><StmtSimple StatementText="&#xa;declare @startdate datetime = &apos;2017-01-02 00:00:00.000&apos;&#xa;" StatementId="1" StatementCompId="1" StatementType="ASSIGN" RetrievedFromCache="false"/><StmtSimple StatementText="declare @stonecode int = 265022191&#xa;&#xa;" StatementId="2" StatementCompId="2" StatementType="ASSIGN" RetrievedFromCache="false"/><StmtSimple StatementText="SELECT&#xa;  Total = COUNT(1)&#xa;FROM (&#xa;SELECT&#xa;  OperationId = MAX(mov.id_movement),&#xa;  TransactionId = act.acquirer_transaction_key,&#xa;  Category = MAX(CASE&#xa;    WHEN mov.buy4_movement_category = 20 THEN 90 -- Chargeback&#xa;    WHEN mov.buy4_movement_category = 21 THEN 80 -- Estorno de Chargeback&#xa;    WHEN mov.buy4_movement_category = 24 THEN 70 -- Estorno&#xa;    WHEN mov.buy4_movement_category = 25 THEN 60 -- Estorno Parcial&#xa;    WHEN mov.buy4_movement_category = 22 THEN 50 -- Aluguel POS&#xa;    WHEN mov.buy4_movement_category = 23 THEN 41 -- Internal Transfer&#xa;    WHEN mov.buy4_movement_category = 27 THEN 40 -- Ajuste Financeiro&#xa;    WHEN mov.buy4_movement_category = 6 THEN 30 -- Antecipação&#xa;    WHEN mov.buy4_movement_category = 14 THEN 20 -- Venda&#xa;    ELSE 0&#xa;  END),&#xa;  PresentationDate = act.presentation_date,&#xa;  ProductType = CASE p.product_type&#xa;    WHEN 1 THEN &apos;Débito&apos;&#xa;    WHEN 2 THEN &apos;Crédito&apos;&#xa;    ELSE &apos;Stone&apos;&#xa;  END,&#xa;  InstallmentNumber = act.installment_number,&#xa;  Installments = sp.installments,&#xa;  ProductBrand = CASE &#xa;&#x9;&#x9;WHEN p.id_brand = 1 THEN &apos;Visa&apos;&#xa;&#x9;&#x9;WHEN p.id_brand = 2 THEN &apos;MasterCard&apos;&#xa;&#x9;&#x9;WHEN p.id_brand BETWEEN 1001 AND 9998 THEN &apos;Boleto&apos;&#xa;&#x9;&#x9;ELSE &apos;Stone&apos;&#xa;&#x9;END,&#xa;  Amount = SUM(CASE&#xa;    WHEN mov.ID_MERCHANT = mov.ID_PAYMENT_OWNER OR mov.ID_PAYMENT_OWNER IS NULL&#xa;      THEN CASE mov.operation_code&#xa;        WHEN 1 THEN +mov.amount&#xa;        ELSE -mov.amount&#xa;      END&#xa;  END),&#xa;  GrossAmout = MIN(CASE mov.buy4_movement_category&#xa;    WHEN 20 THEN -1 -- Chargeback&#xa;    WHEN 24 THEN -1 -- Estorno&#xa;    WHEN 25 THEN -1 -- Estorno Parcial&#xa;    ELSE 1&#xa;  END) * MAX(act.original_amount),&#xa;  PaymentStatus = MAX(CASE&#xa;    WHEN mov.buy4_movement_category NOT IN (20, 21) THEN&#xa;      CASE&#xa;        WHEN act.id_transaction_status = 4 THEN &apos;Suspenso&apos;&#xa;        WHEN act.outgoing_status != 8 THEN &apos;A receber&apos;&#xa;        ELSE &apos;Suspenso&apos;&#xa;      END&#xa;    ELSE &apos;A receber&apos;&#xa;  END),&#xa;  PaymentDateTime = mov.due_date,&#xa;  PaymentDate = CAST(mov.due_date AS DATE),&#xa;  SerialNumber = acm.SerialNumber,&#xa;  ProductMaskedPan = act.transaction_masked_pan&#xa;FROM&#xa;  Buy4_bo..amr_movement mov (nolock)&#xa;  LEFT JOIN Buy4_bo..atx_tx_movement_detail movd (nolock)&#xa;    ON mov.id_movement = movd.id_movement&#xa;  LEFT JOIN Buy4_bo..atx_confirmed_transaction act (nolock)&#xa;    ON act.id_confirmed_transaction = movd.id_confirmed_transaction&#xa;  LEFT JOIN Buy4_bo..abc_sale_plan sp (nolock)&#xa;    ON act.id_sale_plan = sp.id_sale_plan&#xa;  LEFT JOIN Buy4_bo..abc_product p (nolock)&#xa;    ON mov.id_product = p.id_product&#xa;  JOIN Buy4_bo..amr_merchant mer (nolock)&#xa;    ON mov.id_merchant = mer.id_merchant&#xa;  LEFT JOIN Buy4_bo..abc_terminal abc_t (nolock)&#xa;    ON abc_t.terminal_code = act.terminal_code&#xa;  LEFT JOIN Buy4_bo..buy4_terminal bt (nolock)&#xa;    ON bt.TerminalId = abc_t.id_terminal&#xa;  LEFT JOIN Buy4..CaptureMethod cm (nolock)&#xa;    ON cm.CaptureMethodKey = REPLACE(bt.Buy4TerminalId, &apos;-&apos;, &apos;&apos;)&#xa;  LEFT JOIN Buy4..AllocatedCaptureMethod acm (nolock)&#xa;    ON cm.Id = acm.MerchantCaptureMethodId&#xa;WHERE&#xa;   mov.movement_type in (3,4)&#xa;   AND mov.id_original_movement IS NULL&#xa;   AND mov.settlement_date IS NULL&#xa;   AND (mov.id_payment_owner IS NULL OR mov.id_merchant = mov.id_payment_owner)&#xa;   AND mer.merchant_identifier = @stonecode&#xa;   AND CAST(mov.due_date AS DATE) = &apos;2017-01-02 00:00:00.000&apos;&#xa;GROUP BY&#xa;  act.id_confirmed_transaction,&#xa;  act.acquirer_transaction_key,&#xa;  act.presentation_date,&#xa;  p.product_type,&#xa;  act.installment_number,&#xa;  sp.installments,&#xa;  p.id_brand,&#xa;  mov.due_date,&#xa;  acm.SerialNumber,&#xa;  act.transaction_masked_pan,&#xa;  CASE&#xa;    WHEN mov.buy4_movement_category IN (20, 21, 23, 27) THEN mov.id_movement&#xa;  END&#xa;&#xa;UNION&#xa;&#xa;SELECT&#xa;  OperationId = MAX(mov.id_movement),&#xa;  TransactionId = act.acquirer_transaction_key,&#xa;  Category = MAX(CASE&#xa;    WHEN mov.buy4_movement_category = 20 THEN 90 -- Chargeback&#xa;    WHEN mov.buy4_movement_category = 21 THEN 80 -- Estorno de Chargeback&#xa;    WHEN mov.buy4_movement_category = 24 THEN 70 -- Estorno&#xa;    WHEN mov.buy4_movement_category = 25 THEN 60 -- Estorno Parcial&#xa;    WHEN mov.buy4_movement_category = 22 THEN 50 -- Aluguel PO" StatementId="3" StatementCompId="3" StatementType="SELECT" RetrievedFromCache="false" StatementSubTreeCost="0.670536" StatementEstRows="1" StatementOptmLevel="FULL" QueryHash="0xF36F6DCC920F3FF8" QueryPlanHash="0xA0E5E99137538ABD" StatementOptmEarlyAbortReason="TimeOut" CardinalityEstimationModelVersion="120"><StatementSetOptions QUOTED_IDENTIFIER="true" ARITHABORT="true" CONCAT_NULL_YIELDS_NULL="true" ANSI_NULLS="true" ANSI_PADDING="true" ANSI_WARNINGS="true" NUMERIC_ROUNDABORT="false"/><QueryPlan NonParallelPlanReason="MaxDOPSetToOne" CachedPlanSize="392" CompileTime="93" CompileCPU="93" CompileMemory="7808"><Warnings><PlanAffectingConvert ConvertIssue="Cardinality Estimate" Expression="CONVERT_IMPLICIT(varchar(40),[bt].[Buy4TerminalId],0)"/><PlanAffectingConvert ConvertIssue="Cardinality Estimate" Expression="CONVERT_IMPLICIT(varchar(40),[bt].[Buy4TerminalId],0)"/></Warnings><MemoryGrantInfo SerialRequiredMemory="3072" SerialDesiredMemory="3296"/><OptimizerHardwareDependentProperties EstimatedAvailableMemoryGrant="3072000" EstimatedPagesCached="768000" EstimatedAvailableDegreeOfParallelism="1"/><RelOp NodeId="0" PhysicalOp="Compute Scalar" LogicalOp="Compute Scalar" EstimateRows="1" EstimateIO="0" EstimateCPU="7.38202e-006" AvgRowSize="11" EstimatedTotalSubtreeCost="0.670536" Parallel="0" EstimateRebinds="0" EstimateRewinds="0" EstimatedExecutionMode="Row"><OutputList><ColumnReference Column="Expr1063"/></OutputList><ComputeScalar><DefinedValues><DefinedValue><ColumnReference Column="Expr1063"/><ScalarOperator ScalarString="CONVERT_IMPLICIT(int,[Expr1078],0)"><Convert DataType="int" Style="0" Implicit="1"><ScalarOperator><Identifier><ColumnReference Column="Expr1078"/></Identifier></ScalarOperator></Convert></ScalarOperator></DefinedValue></DefinedValues><RelOp NodeId="1" PhysicalOp="Stream Aggregate" LogicalOp="Aggregate" EstimateRows="1" EstimateIO="0" EstimateCPU="7.38202e-006" AvgRowSize="11" EstimatedTotalSubtreeCost="0.670536" Parallel="0" EstimateRebinds="0" EstimateRewinds="0" EstimatedExecutionMode="Row"><OutputList><ColumnReference Column="Expr1078"/></OutputList><StreamAggregate><DefinedValues><DefinedValue><ColumnReference Column="Expr1078"/><ScalarOperator ScalarString="Count(*)"><Aggregate AggType="countstar" Distinct="0"/></ScalarOperator></DefinedValue></DefinedValues><RelOp NodeId="2" PhysicalOp="Sort" LogicalOp="Distinct Sort" EstimateRows="11.47" EstimateIO="0.0112613" EstimateCPU="0.000163125" AvgRowSize="9" EstimatedTotalSubtreeCost="0.670529" Parallel="0" EstimateRebinds="0" EstimateRewinds="0" EstimatedExecutionMode="Row"><OutputList/><MemoryFractions Input="0.142857" Output="1"/><Sort Distinct="1"><OrderBy><OrderByColumn Ascending="1"><ColumnReference Column="Union1048"/></OrderByColumn><OrderByColumn Ascending="1"><ColumnReference Column="Union1049"/></OrderByColumn><OrderByColumn Ascending="1"><ColumnReference Column="Union1050"/></OrderByColumn><OrderByColumn Ascending="1"><ColumnReference Column="Union1051"/></OrderByColumn><OrderByColumn Ascending="1"><ColumnReference Column="Union1052"/></OrderByColumn><OrderByColumn Ascending="1"><ColumnReference Column="Union1053"/></OrderByColumn><OrderByColumn Ascending="1"><ColumnReference Column="Union1054"/></OrderByColumn><OrderByColumn Ascending="1"><ColumnReference Column="Union1055"/></OrderByColumn><OrderByColumn Ascending="1"><ColumnReference Column="Union1056"/></OrderByColumn><OrderByColumn Ascending="1"><ColumnReference Column="Union1057"/></OrderByColumn><OrderByColumn Ascending="1"><ColumnReference Column="Union1058"/></OrderByColumn><OrderByColumn Ascending="1"><ColumnReference Column="Union1059"/></OrderByColumn><OrderByColumn Ascending="1"><ColumnReference Column="Union1060"/></OrderByColumn><OrderByColumn Ascending="1"><ColumnReference Column="Union1061"/></OrderByColumn><OrderByColumn Ascending="1"><ColumnReference Column="Union1062"/></OrderByColumn></OrderBy><RelOp NodeId="3" PhysicalOp="Concatenation" LogicalOp="Concatenation" EstimateRows="11.47" EstimateIO="0" EstimateCPU="1.147e-006" AvgRowSize="144" EstimatedTotalSubtreeCost="0.659105" Parallel="0" EstimateRebinds="0" EstimateRewinds="0" EstimatedExecutionMode="Row"><OutputList><ColumnReference Column="Union1048"/><ColumnReference Column="Union1049"/><ColumnReference Column="Union1050"/><ColumnReference Column="Union1051"/><ColumnReference Column="Union1052"/><ColumnReference Column="Union1053"/><ColumnReference Column="Union1054"/><ColumnReference Column="Union1055"/><ColumnReference Column="Union1056"/><ColumnReference Column="Union1057"/><ColumnReference Column="Union1058"/><ColumnReference Column="Union1059"/><ColumnReference Column="Union1060"/><ColumnReference Column="Union1061"/><ColumnReference Column="Union1062"/></OutputList><Concat><DefinedValues><DefinedValue><ColumnReference Column="Union1048"/><ColumnReference Column="Expr1013"/><ColumnReference Column="Expr1037"/></DefinedValue><DefinedValue><ColumnReference Column="Union1049"/><ColumnReference Database="[Buy4_bo]" Schema="[dbo]" Table="[ATX_CONFIRMED_TRANSACTION]" Alias="[act]" Column="ACQUIRER_TRANSACTION_KEY"/><ColumnReference Database="[Buy4_bo]" Schema="[dbo]" Table="[ATX_CONFIRMED_TRANSACTION]" Alias="[act]" Column="ACQUIRER_TRANSACTION_KEY"/></DefinedValue><DefinedValue><ColumnReference Column="Union1050"/><ColumnReference Column="Expr1014"/><ColumnReference Column="Expr1038"/></DefinedValue><DefinedValue><ColumnReference Column="Union1051"/><ColumnReference Database="[Buy4_bo]" Schema="[dbo]" Table="[ATX_CONFIRMED_TRANSACTION]" Alias="[act]" Column="PRESENTATION_DATE"/><ColumnReference Database="[Buy4_bo]" Schema="[dbo]" Table="[ATX_CONFIRMED_TRANSACTION]" Alias="[act]" Column="PRESENTATION_DATE"/></DefinedValue><DefinedValue><ColumnReference Column="Union1052"/><ColumnReference Column="Expr1019"/><ColumnReference Column="Expr1042"/></DefinedValue><DefinedValue><ColumnReference Column="Union1053"/><ColumnReference Database="[Buy4_bo]" Schema="[dbo]" Table="[ATX_CONFIRMED_TRANSACTION]" Alias="[act]" Column="INSTALLMENT_NUMBER"/><ColumnReference Database="[Buy4_bo]" Schema="[dbo]" Table="[ATX_CONFIRMED_TRANSACTION]" Alias="[act]" Column="INSTALLMENT_NUMBER"/></DefinedValue><DefinedValue><ColumnReference Column="Union1054"/><ColumnReference Database="[Buy4_bo]" Schema="[dbo]" Table="[ABC_SALE_PLAN]" Alias="[sp]" Column="INSTALLMENTS"/><ColumnReference Database="[Buy4_bo]" Schema="[dbo]" Table="[ABC_SALE_PLAN]" Alias="[sp]" Column="INSTALLMENTS"/></DefinedValue><DefinedValue><ColumnReference Column="Union1055"/><ColumnReference Column="Expr1020"/><ColumnReference Column="Expr1043"/></DefinedValue><DefinedValue><ColumnReference Column="Union1056"/><ColumnReference Column="Expr1015"/><ColumnReference Column="Expr1039"/></DefinedValue><DefinedValue><ColumnReference Column="Union1057"/><ColumnReference Column="Expr1021"/><ColumnReference Column="Expr1044"/></DefinedValue><DefinedValue><ColumnReference Column="Union1058"/><ColumnReference Column="Expr1018"/><ColumnReference Column="Expr1045"/></DefinedValue><DefinedValue><ColumnReference Column="Union1059"/><ColumnReference Database="[Buy4_bo]" Schema="[dbo]" Table="[AMR_MOVEMENT]" Alias="[mov]" Column="DUE_DATE"/><ColumnReference Column="Expr1046"/></DefinedValue><DefinedValue><ColumnReference Column="Union1060"/><ColumnReference Column="Expr1022"/><ColumnReference Column="Expr1047"/></DefinedValue><DefinedValue><ColumnReference Column="Union1061"/><ColumnReference Database="[Buy4]" Schema="[dbo]" Table="[AllocatedCaptureMethod]" Alias="[acm]" Column="SerialNumber"/><ColumnReference Database="[Buy4]" Schema="[dbo]" Table="[AllocatedCaptureMethod]" Alias="[acm]" Column="SerialNumber"/></DefinedValue><DefinedValue><ColumnReference Column="Union1062"/><ColumnReference Database="[Buy4_bo]" Schema="[dbo]" Table="[ATX_CONFIRMED_TRANSACTION]" Alias="[act]" Column="TRANSACTION_MASKED_PAN"/><ColumnReference Database="[Buy4_bo]" Schema="[dbo]" Table="[ATX_CONFIRMED_TRANSACTION]" Alias="[act]" Column="TRANSACTION_MASKED_PAN"/></DefinedValue></DefinedValues><RelOp NodeId="4" PhysicalOp="Compute Scalar" LogicalOp="Compute Scalar" EstimateRows="1.26144" EstimateIO="0" EstimateCPU="1.26144e-007" AvgRowSize="143" EstimatedTotalSubtreeCost="0.151937" Parallel="0" EstimateRebinds="0" EstimateRewinds="0" EstimatedExecutionMode="Row"><OutputList><ColumnReference Database="[Buy4_bo]" Schema="[dbo]" Table="[AMR_MOVEMENT]" Alias="[mov]" Column="DUE_DATE"/><ColumnReference Database="[Buy4_bo]" Schema="[dbo]" Table="[ATX_CONFIRMED_TRANSACTION]" Alias="[act]" Column="PRESENTATION_DATE"/><ColumnReference Database="[Buy4_bo]" Schema="[dbo]" Table="[ATX_CONFIRMED_TRANSACTION]" Alias="[act]" Column="INSTALLMENT_NUMBER"/><ColumnReference Database="[Buy4_bo]" Schema="[dbo]" Table="[ATX_CONFIRMED_TRANSACTION]" Alias="[act]" Column="TRANSACTION_MASKED_PAN"/><ColumnReference Database="[Buy4_bo]" Schema="[dbo]" Table="[ATX_CONFIRMED_TRANSACTION]" Alias="[act]" Column="ACQUIRER_TRANSACTION_KEY"/><ColumnReference Database="[Buy4_bo]" Schema="[dbo]" Table="[ABC_SALE_PLAN]" Alias="[sp]" Column="INSTALLMENTS"/><ColumnReference Database="[Buy4]" Schema="[dbo]" Table="[AllocatedCaptureMethod]" Alias="[acm]" Column="SerialNumber"/><ColumnReference Column="Expr1013"/><ColumnReference Column="Expr1014"/><ColumnReference Column="Expr1015"/><ColumnReference Column="Expr1018"/><ColumnReference Column="Expr1019"/><ColumnReference Column="Expr1020"/><ColumnReference Column="Expr1021"/><ColumnReference Column="Expr1022"/></OutputList><ComputeScalar><DefinedValues><DefinedValue><ColumnReference Column="Expr1019"/><ScalarOperator ScalarString="CASE WHEN [Buy4_bo].[dbo].[ABC_PRODUCT].[PRODUCT_TYPE] as [p].[PRODUCT_TYPE]=(1.) THEN &apos;Débito&apos; ELSE CASE WHEN [Buy4_bo].[dbo].[ABC_PRODUCT].[PRODUCT_TYPE] as [p].[PRODUCT_TYPE]=(2.) THEN &apos;Crédito&apos; ELSE &apos;Stone&apos; END END"><IF><Condition><ScalarOperator><Compare CompareOp="EQ"><ScalarOperator><Identifier><ColumnReference Database="[Buy4_bo]" Schema="[dbo]" Table="[ABC_PRODUCT]" Alias="[p]" Column="PRODUCT_TYPE"/></Identifier></ScalarOperator><ScalarOperator><Const ConstValue="(1.)"/></ScalarOperator></Compare></ScalarOperator></Condition><Then><ScalarOperator><Const ConstValue="&apos;Débito&apos;"/></ScalarOperator></Then><Else><ScalarOperator><IF><Condition><ScalarOperator><Compare CompareOp="EQ"><ScalarOperator><Identifier><ColumnReference Database="[Buy4_bo]" Schema="[dbo]" Table="[ABC_PRODUCT]" Alias="[p]" Column="PRODUCT_TYPE"/></Identifier></ScalarOperator><ScalarOperator><Const ConstValue="(2.)"/></ScalarOperator></Compare></ScalarOperator></Condition><Then><ScalarOperator><Const ConstValue="&apos;Crédito&apos;"/></ScalarOperator></Then><Else><ScalarOperator><Const ConstValue="&apos;Stone&apos;"/></ScalarOperator></Else></IF></ScalarOperator></Else></IF></ScalarOperator></DefinedValue><DefinedValue><ColumnReference Column="Expr1020"/><ScalarOperator ScalarString="CASE WHEN [Buy4_bo].[dbo].[ABC_PRODUCT].[ID_BRAND] as [p].[ID_BRAND]=(1.) THEN &apos;Visa&apos; ELSE CASE WHEN [Buy4_bo].[dbo].[ABC_PRODUCT].[ID_BRAND] as [p].[ID_BRAND]=(2.) THEN &apos;MasterCard&apos; ELSE CASE WHEN [Buy4_bo].[dbo].[ABC_PRODUCT].[ID_BRAND] as [p].[ID_BRAND]&gt;=(1001) AND [Buy4_bo].[dbo].[ABC_PRODUCT].[ID_BRAND] as [p].[ID_BRAND]&lt;=(9998) THEN &apos;Boleto&apos; ELSE &apos;Stone&apos; END END END"><IF><Condition><ScalarOperator><Compare CompareOp="EQ"><ScalarOperator><Identifier><ColumnReference Database="[Buy4_bo]" Schema="[dbo]" Table="[ABC_PRODUCT]" Alias="[p]" Column="ID_BRAND"/></Identifier></ScalarOperator><ScalarOperator><Const ConstValue="(1.)"/></ScalarOperator></Compare></ScalarOperator></Condition><Then><ScalarOperator><Const ConstValue="&apos;Visa&apos;"/></ScalarOperator></Then><Else><ScalarOperator><IF><Condition><ScalarOperator><Compare CompareOp="EQ"><ScalarOperator><Identifier><ColumnReference Database="[Buy4_bo]" Schema="[dbo]" Table="[ABC_PRODUCT]" Alias="[p]" Column="ID_BRAND"/></Identifier></ScalarOperator><ScalarOperator><Const ConstValue="(2.)"/></ScalarOperator></Compare></ScalarOperator></Condition><Then><ScalarOperator><Const ConstValue="&apos;MasterCard&apos;"/></ScalarOperator></Then><Else><ScalarOperator><IF><Condition><ScalarOperator><Logical Operation="AND"><ScalarOperator><Compare CompareOp="GE"><ScalarOperator><Identifier><ColumnReference Database="[Buy4_bo]" Schema="[dbo]" Table="[ABC_PRODUCT]" Alias="[p]" Column="ID_BRAND"/></Identifier></ScalarOperator><ScalarOperator><Const ConstValue="(1001)"/></ScalarOperator></Compare></ScalarOperator><ScalarOperator><Compare CompareOp="LE"><ScalarOperator><Identifier><ColumnReference Database="[Buy4_bo]" Schema="[dbo]" Table="[ABC_PRODUCT]" Alias="[p]" Column="ID_BRAND"/></Identifier></ScalarOperator><ScalarOperator><Const ConstValue="(9998)"/></ScalarOperator></Compare></ScalarOperator></Logical></ScalarOperator></Condition><Then><ScalarOperator><Const ConstValue="&apos;Boleto&apos;"/></ScalarOperator></Then><Else><ScalarOperator><Const ConstValue="&apos;Stone&apos;"/></ScalarOperator></Else></IF></ScalarOperator></Else></IF></ScalarOperator></Else></IF></ScalarOperator></DefinedValue><DefinedValue><ColumnReference Column="Expr1021"/><ScalarOperator ScalarString="CONVERT_IMPLICIT(numeric(10,0),[Expr1016],0)*[Expr1017]"><Arithmetic Operation="MULT"><ScalarOperator><Convert DataType="numeric" Precision="10" Scale="0" Style="0" Implicit="1"><ScalarOperator><Identifier><ColumnReference Column="Expr1016"/></Identifier></ScalarOperator></Convert></ScalarOperator><ScalarOperator><Identifier><ColumnReference Column="Expr1017"/></Identifier></ScalarOperator></Arithmetic></ScalarOperator></DefinedValue><DefinedValue><ColumnReference Column="Expr1022"/><ScalarOperator ScalarString="CONVERT(date,[Buy4_bo].[dbo].[AMR_MOVEMENT].[DUE_DATE] as [mov].[DUE_DATE],0)"><Convert DataType="date" Style="0" Implicit="0"><ScalarOperator><Identifier><ColumnReference Database="[Buy4_bo]" Schema="[dbo]" Table="[AMR_MOVEMENT]" Alias="[mov]" Column="DUE_DATE"/></Identifier></ScalarOperator></Convert></ScalarOperator></DefinedValue></DefinedValues><RelOp NodeId="5" PhysicalOp="Compute Scalar" LogicalOp="Compute Scalar" EstimateRows="1.26144" EstimateIO="0" EstimateCPU="1.40117e-006" AvgRowSize="134" EstimatedTotalSubtreeCost="0.151937" Parallel="0" EstimateRebinds="0" EstimateRewinds="0" EstimatedExecutionMode="Row"><OutputList><ColumnReference Database="[Buy4_bo]" Schema="[dbo]" Table="[AMR_MOVEMENT]" Alias="[mov]" Column="DUE_DATE"/><ColumnReference Database="[Buy4_bo]" Schema="[dbo]" Table="[ATX_CONFIRMED_TRANSACTION]" Alias="[act]" Column="PRESENTATION_DATE"/><ColumnReference Database="[Buy4_bo]" Schema="[dbo]" Table="[ATX_CONFIRMED_TRANSACTION]" Alias="[act]" Column="INSTALLMENT_NUMBER"/><ColumnReference Database="[Buy4_bo]" Schema="[dbo]" Table="[ATX_CONFIRMED_TRANSACTION]" Alias="[act]" Column="TRANSACTION_MASKED_PAN"/><ColumnReference Database="[Buy4_bo]" Schema="[dbo]" Table="[ATX_CONFIRMED_TRANSACTION]" Alias="[act]" Column="ACQUIRER_TRANSACTION_KEY"/><ColumnReference Database="[Buy4_bo]" Schema="[dbo]" Table="[ABC_SALE_PLAN]" Alias="[sp]" Column="INSTALLMENTS"/><ColumnReference Database="[Buy4_bo]" Schema="[dbo]" Table="[ABC_PRODUCT]" Alias="[p]" Column="PRODUCT_TYPE"/><ColumnReference Database="[Buy4_bo]" Schema="[dbo]" Table="[ABC_PRODUCT]" Alias="[p]" Column="ID_BRAND"/><ColumnReference Database="[Buy4]" Schema="[dbo]" Table="[AllocatedCaptureMethod]" Alias="[acm]" Column="SerialNumber"/><ColumnReference Column="Expr1013"/><ColumnReference Column="Expr1014"/><ColumnReference Column="Expr1015"/><ColumnReference Column="Expr1016"/><ColumnReference Column="Expr1017"/><ColumnReference Column="Expr1018"/></OutputList><ComputeScalar><DefinedValues><DefinedValue><ColumnReference Column="Expr1015"/><ScalarOperator ScalarString="CASE WHEN [Expr1074]=(0) THEN NULL ELSE [Expr1075] END"><IF><Condition><ScalarOperator><Compare CompareOp="EQ"><ScalarOperator><Identifier><ColumnReference Column="Expr1074"/></Identifier></ScalarOperator><ScalarOperator><Const ConstValue="(0)"/></ScalarOperator></Compare></ScalarOperator></Condition><Then><ScalarOperator><Const ConstValue="NULL"/></ScalarOperator></Then><Else><ScalarOperator><Identifier><ColumnReference Column="Expr1075"/></Identifier></ScalarOperator></Else></IF></ScalarOperator></DefinedValue></DefinedValues><RelOp NodeId="6" PhysicalOp="Stream Aggregate" LogicalOp="Aggregate" EstimateRows="1.26144" EstimateIO="0" EstimateCPU="1.40117e-006" AvgRowSize="134" EstimatedTotalSubtreeCost="0.151937" Parallel="0" EstimateRebinds="0" EstimateRewinds="0" EstimatedExecutionMode="Row"><OutputList><ColumnReference Database="[Buy4_bo]" Schema="[dbo]" Table="[AMR_MOVEMENT]" Alias="[mov]" Column="DUE_DATE"/><ColumnReference Database="[Buy4_bo]" Schema="[dbo]" Table="[ATX_CONFIRMED_TRANSACTION]" Alias="[act]" Column="PRESENTATION_DATE"/><ColumnReference Database="[Buy4_bo]" Schema="[dbo]" Table="[ATX_CONFIRMED_TRANSACTION]" Alias="[act]" Column="INSTALLMENT_NUMBER"/><ColumnReference Database="[Buy4_bo]" Schema="[dbo]" Table="[ATX_CONFIRMED_TRANSACTION]" Alias="[act]" Column="TRANSACTION_MASKED_PAN"/><ColumnReference Database="[Buy4_bo]" Schema="[dbo]" Table="[ATX_CONFIRMED_TRANSACTION]" Alias="[act]" Column="ACQUIRER_TRANSACTION_KEY"/><ColumnReference Database="[Buy4_bo]" Schema="[dbo]" Table="[ABC_SALE_PLAN]" Alias="[sp]" Column="INSTALLMENTS"/><ColumnReference Database="[Buy4_bo]" Schema="[dbo]" Table="[ABC_PRODUCT]" Alias="[p]" Column="PRODUCT_TYPE"/><ColumnReference Database="[Buy4_bo]" Schema="[dbo]" Table="[ABC_PRODUCT]" Alias="[p]" Column="ID_BRAND"/><ColumnReference Database="[Buy4]" Schema="[dbo]" Table="[AllocatedCaptureMethod]" Alias="[acm]" Column="SerialNumber"/><ColumnReference Column="Expr1013"/><ColumnReference Column="Expr1014"/><ColumnReference Column="Expr1016"/><ColumnReference Column="Expr1017"/><ColumnReference Column="Expr1018"/><ColumnReference Column="Expr1074"/><ColumnReference Column="Expr1075"/></OutputList><StreamAggregate><DefinedValues><DefinedValue><ColumnReference Column="Expr1013"/><ScalarOperator ScalarString="MAX([Buy4_bo].[dbo].[AMR_MOVEMENT].[ID_MOVEMENT] as [mov].[ID_MOVEMENT])"><Aggregate Distinct="0" AggType="MAX"><ScalarOperator><Identifier><ColumnReference Database="[Buy4_bo]" Schema="[dbo]" Table="[AMR_MOVEMENT]" Alias="[mov]" Column="ID_MOVEMENT"/></Identifier></ScalarOperator></Aggregate></ScalarOperator></DefinedValue><DefinedValue><ColumnReference Column="Expr1014"/><ScalarOperator ScalarString="MAX([Expr1064])"><Aggregate Distinct="0" AggType="MAX"><ScalarOperator><Identifier><ColumnReference Column="Expr1064"/></Identifier></ScalarOperator></Aggregate></ScalarOperator></DefinedValue><DefinedValue><ColumnReference Column="Expr1074"/><ScalarOperator ScalarString="COUNT_BIG([Expr1065])"><Aggregate Distinct="0" AggType="COUNT_BIG"><ScalarOperator><Identifier><ColumnReference Column="Expr1065"/></Identifier></ScalarOperator></Aggregate></ScalarOperator></DefinedValue><DefinedValue><ColumnReference Column="Expr1075"/><ScalarOperator ScalarString="SUM([Expr1065])"><Aggregate Distinct="0" AggType="SUM"><ScalarOperator><Identifier><ColumnReference Column="Expr1065"/></Identifier></ScalarOperator></Aggregate></ScalarOperator></DefinedValue><DefinedValue><ColumnReference Column="Expr1016"/><ScalarOperator ScalarString="MIN([Expr1066])"><Aggregate Distinct="0" AggType="MIN"><ScalarOperator><Identifier><ColumnReference Column="Expr1066"/></Identifier></ScalarOperator></Aggregate></ScalarOperator></DefinedValue><DefinedValue><ColumnReference Column="Expr1017"/><ScalarOperator ScalarString="MAX([Buy4_bo].[dbo].[ATX_CONFIRMED_TRANSACTION].[ORIGINAL_AMOUNT] as [act].[ORIGINAL_AMOUNT])"><Aggregate Distinct="0" AggType="MAX"><ScalarOperator><Identifier><ColumnReference Database="[Buy4_bo]" Schema="[dbo]" Table="[ATX_CONFIRMED_TRANSACTION]" Alias="[act]" Column="ORIGINAL_AMOUNT"/></Identifier></ScalarOperator></Aggregate></ScalarOperator></DefinedValue><DefinedValue><ColumnReference Column="Expr1018"/><ScalarOperator ScalarString="MAX(CASE WHEN [Buy4_bo].[dbo].[AMR_MOVEMENT].[BUY4_MOVEMENT_CATEGORY] as [mov].[BUY4_MOVEMENT_CATEGORY]&lt;&gt;(21) AND [Buy4_bo].[dbo].[AMR_MOVEMENT].[BUY4_MOVEMENT_CATEGORY] as [mov].[BUY4_MOVEMENT_CATEGORY]&lt;&gt;(20) THEN CASE WHEN [Buy4_bo].[dbo].[ATX_CONFIRMED_TRANSACTION].[ID_TRANSACTION_STATUS] as [act].[ID_TRANSACTION_STATUS]=(4.) THEN &apos;Suspenso&apos; ELSE CASE WHEN [Buy4_bo].[dbo].[ATX_CONFIRMED_TRANSACTION].[OUTGOING_STATUS] as [act].[OUTGOING_STATUS]&lt;&gt;(8.) THEN &apos;A receber&apos; ELSE &apos;Suspenso&apos; END END ELSE &apos;A receber&apos; END)"><Aggregate Distinct="0" AggType="MAX"><ScalarOperator><IF><Condition><ScalarOperator><Logical Operation="AND"><ScalarOperator><Compare CompareOp="NE"><ScalarOperator><Identifier><ColumnReference Database="[Buy4_bo]" Schema="[dbo]" Table="[AMR_MOVEMENT]" Alias="[mov]" Column="BUY4_MOVEMENT_CATEGORY"/></Identifier></ScalarOperator><ScalarOperator><Const ConstValue="(21)"/></ScalarOperator></Compare></ScalarOperator><ScalarOperator><Compare CompareOp="NE"><ScalarOperator><Identifier><ColumnReference Database="[Buy4_bo]" Schema="[dbo]" Table="[AMR_MOVEMENT]" Alias="[mov]" Column="BUY4_MOVEMENT_CATEGORY"/></Identifier></ScalarOperator><ScalarOperator><Const ConstValue="(20)"/></ScalarOperator></Compare></ScalarOperator></Logical></ScalarOperator></Condition><Then><ScalarOperator><IF><Condition><ScalarOperator><Compare CompareOp="EQ"><ScalarOperator><Identifier><ColumnReference Database="[Buy4_bo]" Schema="[dbo]" Table="[ATX_CONFIRMED_TRANSACTION]" Alias="[act]" Column="ID_TRANSACTION_STATUS"/></Identifier></ScalarOperator><ScalarOperator><Const ConstValue="(4.)"/></ScalarOperator></Compare></ScalarOperator></Condition><Then><ScalarOperator><Const ConstValue="&apos;Suspenso&apos;"/></ScalarOperator></Then><Else><ScalarOperator><IF><Condition><ScalarOperator><Compare CompareOp="NE"><ScalarOperator><Identifier><ColumnReference Database="[Buy4_bo]" Schema="[dbo]" Table="[ATX_CONFIRMED_TRANSACTION]" Alias="[act]" Column="OUTGOING_STATUS"/></Identifier></ScalarOperator><ScalarOperator><Const ConstValue="(8.)"/></ScalarOperator></Compare></ScalarOperator></Condition><Then><ScalarOperator><Const ConstValue="&apos;A receber&apos;"/></ScalarOperator></Then><Else><ScalarOperator><Const ConstValue="&apos;Suspenso&apos;"/></ScalarOperator></Else></IF></ScalarOperator></Else></IF></ScalarOperator></Then><Else><ScalarOperator><Const ConstValue="&apos;A receber&apos;"/></ScalarOperator></Else></IF></ScalarOperator></Aggregate></ScalarOperator></DefinedValue><DefinedValue><ColumnReference Database="[Buy4_bo]" Schema="[dbo]" Table="[ATX_CONFIRMED_TRANSACTION]" Alias="[act]" Column="ACQUIRER_TRANSACTION_KEY"/><ScalarOperator ScalarString="ANY([Buy4_bo].[dbo].[ATX_CONFIRMED_TRANSACTION].[ACQUIRER_TRANSACTION_KEY] as [act].[ACQUIRER_TRANSACTION_KEY])"><Aggregate Distinct="0" AggType="ANY"><ScalarOperator><Identifier><ColumnReference Database="[Buy4_bo]" Schema="[dbo]" Table="[ATX_CONFIRMED_TRANSACTION]" Alias="[act]" Column="ACQUIRER_TRANSACTION_KEY"/></Identifier></ScalarOperator></Aggregate></ScalarOperator></DefinedValue><DefinedValue><ColumnReference Database="[Buy4_bo]" Schema="[dbo]" Table="[ATX_CONFIRMED_TRANSACTION]" Alias="[act]" Column="PRESENTATION_DATE"/><ScalarOperator ScalarString="ANY([Buy4_bo].[dbo].[ATX_CONFIRMED_TRANSACTION].[PRESENTATION_DATE] as [act].[PRESENTATION_DATE])"><Aggregate Distinct="0" AggType="ANY"><ScalarOperator><Identifier><ColumnReference Database="[Buy4_bo]" Schema="[dbo]" Table="[ATX_CONFIRMED_TRANSACTION]" Alias="[act]" Column="PRESENTATION_DATE"/></Identifier></ScalarOperator></Aggregate></ScalarOperator></DefinedValue><DefinedValue><ColumnReference Database="[Buy4_bo]" Schema="[dbo]" Table="[ATX_CONFIRMED_TRANSACTION]" Alias="[act]" Column="INSTALLMENT_NUMBER"/><ScalarOperator ScalarString="ANY([Buy4_bo].[dbo].[ATX_CONFIRMED_TRANSACTION].[INSTALLMENT_NUMBER] as [act].[INSTALLMENT_NUMBER])"><Aggregate Distinct="0" AggType="ANY"><ScalarOperator><Identifier><ColumnReference Database="[Buy4_bo]" Schema="[dbo]" Table="[ATX_CONFIRMED_TRANSACTION]" Alias="[act]" Column="INSTALLMENT_NUMBER"/></Identifier></ScalarOperator></Aggregate></ScalarOperator></DefinedValue><DefinedValue><ColumnReference Database="[Buy4_bo]" Schema="[dbo]" Table="[ATX_CONFIRMED_TRANSACTION]" Alias="[act]" Column="TRANSACTION_MASKED_PAN"/><ScalarOperator ScalarString="ANY([Buy4_bo].[dbo].[ATX_CONFIRMED_TRANSACTION].[TRANSACTION_MASKED_PAN] as [act].[TRANSACTION_MASKED_PAN])"><Aggregate Distinct="0" AggType="ANY"><ScalarOperator><Identifier><ColumnReference Database="[Buy4_bo]" Schema="[dbo]" Table="[ATX_CONFIRMED_TRANSACTION]" Alias="[act]" Column="TRANSACTION_MASKED_PAN"/></Identifier></ScalarOperator></Aggregate></ScalarOperator></DefinedValue></DefinedValues><GroupBy><ColumnReference Database="[Buy4_bo]" Schema="[dbo]" Table="[ATX_CONFIRMED_TRANSACTION]" Alias="[act]" Column="ID_CONFIRMED_TRANSACTION"/><ColumnReference Database="[Buy4_bo]" Schema="[dbo]" Table="[ABC_PRODUCT]" Alias="[p]" Column="PRODUCT_TYPE"/><ColumnReference Database="[Buy4_bo]" Schema="[dbo]" Table="[ABC_SALE_PLAN]" Alias="[sp]" Column="INSTALLMENTS"/><ColumnReference Database="[Buy4_bo]" Schema="[dbo]" Table="[ABC_PRODUCT]" Alias="[p]" Column="ID_BRAND"/><ColumnReference Database="[Buy4_bo]" Schema="[dbo]" Table="[AMR_MOVEMENT]" Alias="[mov]" Column="DUE_DATE"/><ColumnReference Database="[Buy4]" Schema="[dbo]" Table="[AllocatedCaptureMethod]" Alias="[acm]" Column="SerialNumber"/><ColumnReference Column="Expr1012"/></GroupBy><RelOp NodeId="7" PhysicalOp="Sort" LogicalOp="Sort" EstimateRows="1.28408" EstimateIO="0.0112613" EstimateCPU="0.000100868" AvgRowSize="145" EstimatedTotalSubtreeCost="0.151935" Parallel="0" EstimateRebinds="0" EstimateRewinds="0" EstimatedExecutionMode="Row"><OutputList><ColumnReference Database="[Buy4_bo]" Schema="[dbo]" Table="[AMR_MOVEMENT]" Alias="[mov]" Column="ID_MOVEMENT"/><ColumnReference Database="[Buy4_bo]" Schema="[dbo]" Table="[AMR_MOVEMENT]" Alias="[mov]" Column="DUE_DATE"/><ColumnReference Database="[Buy4_bo]" Schema="[dbo]" Table="[AMR_MOVEMENT]" Alias="[mov]" Column="BUY4_MOVEMENT_CATEGORY"/><ColumnReference Database="[Buy4_bo]" Schema="[dbo]" Table="[ATX_CONFIRMED_TRANSACTION]" Alias="[act]" Column="ID_CONFIRMED_TRANSACTION"/><ColumnReference Database="[Buy4_bo]" Schema="[dbo]" Table="[ATX_CONFIRMED_TRANSACTION]" Alias="[act]" Column="ORIGINAL_AMOUNT"/><ColumnReference Database="[Buy4_bo]" Schema="[dbo]" Table="[ATX_CONFIRMED_TRANSACTION]" Alias="[act]" Column="PRESENTATION_DATE"/><ColumnReference Database="[Buy4_bo]" Schema="[dbo]" Table="[ATX_CONFIRMED_TRANSACTION]" Alias="[act]" Column="OUTGOING_STATUS"/><ColumnReference Database="[Buy4_bo]" Schema="[dbo]" Table="[ATX_CONFIRMED_TRANSACTION]" Alias="[act]" Column="ID_TRANSACTION_STATUS"/><ColumnReference Database="[Buy4_bo]" Schema="[dbo]" Table="[ATX_CONFIRMED_TRANSACTION]" Alias="[act]" Column="INSTALLMENT_NUMBER"/><ColumnReference Database="[Buy4_bo]" Schema="[dbo]" Table="[ATX_CONFIRMED_TRANSACTION]" Alias="[act]" Column="TRANSACTION_MASKED_PAN"/><ColumnReference Database="[Buy4_bo]" Schema="[dbo]" Table="[ATX_CONFIRMED_TRANSACTION]" Alias="[act]" Column="ACQUIRER_TRANSACTION_KEY"/><ColumnReference Database="[Buy4_bo]" Schema="[dbo]" Table="[ABC_SALE_PLAN]" Alias="[sp]" Column="INSTALLMENTS"/><ColumnReference Database="[Buy4_bo]" Schema="[dbo]" Table="[ABC_PRODUCT]" Alias="[p]" Column="PRODUCT_TYPE"/><ColumnReference Database="[Buy4_bo]" Schema="[dbo]" Table="[ABC_PRODUCT]" Alias="[p]" Column="ID_BRAND"/><ColumnReference Database="[Buy4]" Schema="[dbo]" Table="[AllocatedCaptureMethod]" Alias="[acm]" Column="SerialNumber"/><ColumnReference Column="Expr1012"/><ColumnReference Column="Expr1064"/><ColumnReference Column="Expr1065"/><ColumnReference Column="Expr1066"/></OutputList><MemoryFractions Input="0.333333" Output="0.857143"/><Sort Distinct="0"><OrderBy><OrderByColumn Ascending="1"><ColumnReference Database="[Buy4_bo]" Schema="[dbo]" Table="[ATX_CONFIRMED_TRANSACTION]" Alias="[act]" Column="ID_CONFIRMED_TRANSACTION"/></OrderByColumn><OrderByColumn Ascending="1"><ColumnReference Database="[Buy4_bo]" Schema="[dbo]" Table="[ABC_PRODUCT]" Alias="[p]" Column="PRODUCT_TYPE"/></OrderByColumn><OrderByColumn Ascending="1"><ColumnReference Database="[Buy4_bo]" Schema="[dbo]" Table="[ABC_SALE_PLAN]" Alias="[sp]" Column="INSTALLMENTS"/></OrderByColumn><OrderByColumn Ascending="1"><ColumnReference Database="[Buy4_bo]" Schema="[dbo]" Table="[ABC_PRODUCT]" Alias="[p]" Column="ID_BRAND"/></OrderByColumn><OrderByColumn Ascending="1"><ColumnReference Database="[Buy4_bo]" Schema="[dbo]" Table="[AMR_MOVEMENT]" Alias="[mov]" Column="DUE_DATE"/></OrderByColumn><OrderByColumn Ascending="1"><ColumnReference Database="[Buy4]" Schema="[dbo]" Table="[AllocatedCaptureMethod]" Alias="[acm]" Column="SerialNumber"/></OrderByColumn><OrderByColumn Ascending="1"><ColumnReference Column="Expr1012"/></OrderByColumn></OrderBy><RelOp NodeId="8" PhysicalOp="Nested Loops" LogicalOp="Left Outer Join" EstimateRows="1.28408" EstimateIO="0" EstimateCPU="5.36745e-006" AvgRowSize="145" EstimatedTotalSubtreeCost="0.140573" Parallel="0" EstimateRebinds="0" EstimateRewinds="0" EstimatedExecutionMode="Row"><OutputList><ColumnReference Database="[Buy4_bo]" Schema="[dbo]" Table="[AMR_MOVEMENT]" Alias="[mov]" Column="ID_MOVEMENT"/><ColumnReference Database="[Buy4_bo]" Schema="[dbo]" Table="[AMR_MOVEMENT]" Alias="[mov]" Column="DUE_DATE"/><ColumnReference Database="[Buy4_bo]" Schema="[dbo]" Table="[AMR_MOVEMENT]" Alias="[mov]" Column="BUY4_MOVEMENT_CATEGORY"/><ColumnReference Database="[Buy4_bo]" Schema="[dbo]" Table="[ATX_CONFIRMED_TRANSACTION]" Alias="[act]" Column="ID_CONFIRMED_TRANSACTION"/><ColumnReference Database="[Buy4_bo]" Schema="[dbo]" Table="[ATX_CONFIRMED_TRANSACTION]" Alias="[act]" Column="ORIGINAL_AMOUNT"/><ColumnReference Database="[Buy4_bo]" Schema="[dbo]" Table="[ATX_CONFIRMED_TRANSACTION]" Alias="[act]" Column="PRESENTATION_DATE"/><ColumnReference Database="[Buy4_bo]" Schema="[dbo]" Table="[ATX_CONFIRMED_TRANSACTION]" Alias="[act]" Column="OUTGOING_STATUS"/><ColumnReference Database="[Buy4_bo]" Schema="[dbo]" Table="[ATX_CONFIRMED_TRANSACTION]" Alias="[act]" Column="ID_TRANSACTION_STATUS"/><ColumnReference Database="[Buy4_bo]" Schema="[dbo]" Table="[ATX_CONFIRMED_TRANSACTION]" Alias="[act]" Column="INSTALLMENT_NUMBER"/><ColumnReference Database="[Buy4_bo]" Schema="[dbo]" Table="[ATX_CONFIRMED_TRANSACTION]" Alias="[act]" Column="TRANSACTION_MASKED_PAN"/><ColumnReference Database="[Buy4_bo]" Schema="[dbo]" Table="[ATX_CONFIRMED_TRANSACTION]" Alias="[act]" Column="ACQUIRER_TRANSACTION_KEY"/><ColumnReference Database="[Buy4_bo]" Schema="[dbo]" Table="[ABC_SALE_PLAN]" Alias="[sp]" Column="INSTALLMENTS"/><ColumnReference Database="[Buy4_bo]" Schema="[dbo]" Table="[ABC_PRODUCT]" Alias="[p]" Column="PRODUCT_TYPE"/><ColumnReference Database="[Buy4_bo]" Schema="[dbo]" Table="[ABC_PRODUCT]" Alias="[p]" Column="ID_BRAND"/><ColumnReference Database="[Buy4]" Schema="[dbo]" Table="[AllocatedCaptureMethod]" Alias="[acm]" Column="SerialNumber"/><ColumnReference Column="Expr1012"/><ColumnReference Column="Expr1064"/><ColumnReference Column="Expr1065"/><ColumnReference Column="Expr1066"/></OutputList><NestedLoops Optimized="0"><OuterReferences><ColumnReference Database="[Buy4]" Schema="[dbo]" Table="[CaptureMethod]" Alias="[cm]" Column="Id"/></OuterReferences><RelOp NodeId="9" PhysicalOp="Nested Loops" LogicalOp="Left Outer Join" EstimateRows="1.28408" EstimateIO="0" EstimateCPU="5.36958e-006" AvgRowSize="139" EstimatedTotalSubtreeCost="0.136931" Parallel="0" EstimateRebinds="0" EstimateRewinds="0" EstimatedExecutionMode="Row"><OutputList><ColumnReference Database="[Buy4_bo]" Schema="[dbo]" Table="[AMR_MOVEMENT]" Alias="[mov]" Column="ID_MOVEMENT"/><ColumnReference Database="[Buy4_bo]" Schema="[dbo]" Table="[AMR_MOVEMENT]" Alias="[mov]" Column="DUE_DATE"/><ColumnReference Database="[Buy4_bo]" Schema="[dbo]" Table="[AMR_MOVEMENT]" Alias="[mov]" Column="BUY4_MOVEMENT_CATEGORY"/><ColumnReference Database="[Buy4_bo]" Schema="[dbo]" Table="[ATX_CONFIRMED_TRANSACTION]" Alias="[act]" Column="ID_CONFIRMED_TRANSACTION"/><ColumnReference Database="[Buy4_bo]" Schema="[dbo]" Table="[ATX_CONFIRMED_TRANSACTION]" Alias="[act]" Column="ORIGINAL_AMOUNT"/><ColumnReference Database="[Buy4_bo]" Schema="[dbo]" Table="[ATX_CONFIRMED_TRANSACTION]" Alias="[act]" Column="PRESENTATION_DATE"/><ColumnReference Database="[Buy4_bo]" Schema="[dbo]" Table="[ATX_CONFIRMED_TRANSACTION]" Alias="[act]" Column="OUTGOING_STATUS"/><ColumnReference Database="[Buy4_bo]" Schema="[dbo]" Table="[ATX_CONFIRMED_TRANSACTION]" Alias="[act]" Column="ID_TRANSACTION_STATUS"/><ColumnReference Database="[Buy4_bo]" Schema="[dbo]" Table="[ATX_CONFIRMED_TRANSACTION]" Alias="[act]" Column="INSTALLMENT_NUMBER"/><ColumnReference Database="[Buy4_bo]" Schema="[dbo]" Table="[ATX_CONFIRMED_TRANSACTION]" Alias="[act]" Column="TRANSACTION_MASKED_PAN"/><ColumnReference Database="[Buy4_bo]" Schema="[dbo]" Table="[ATX_CONFIRMED_TRANSACTION]" Alias="[act]" Column="ACQUIRER_TRANSACTION_KEY"/><ColumnReference Database="[Buy4_bo]" Schema="[dbo]" Table="[ABC_SALE_PLAN]" Alias="[sp]" Column="INSTALLMENTS"/><ColumnReference Database="[Buy4_bo]" Schema="[dbo]" Table="[ABC_PRODUCT]" Alias="[p]" Column="PRODUCT_TYPE"/><ColumnReference Database="[Buy4_bo]" Schema="[dbo]" Table="[ABC_PRODUCT]" Alias="[p]" Column="ID_BRAND"/><ColumnReference Database="[Buy4]" Schema="[dbo]" Table="[CaptureMethod]" Alias="[cm]" Column="Id"/><ColumnReference Column="Expr1012"/><ColumnReference Column="Expr1064"/><ColumnReference Column="Expr1065"/><ColumnReference Column="Expr1066"/></OutputList><NestedLoops Optimized="0"><OuterReferences><ColumnReference Column="Expr1067"/></OuterReferences><RelOp NodeId="10" PhysicalOp="Compute Scalar" LogicalOp="Compute Scalar" EstimateRows="1.28459" EstimateIO="0" EstimateCPU="1.28459e-007" AvgRowSize="4137" EstimatedTotalSubtreeCost="0.133597" Parallel="0" EstimateRebinds="0" EstimateRewinds="0" EstimatedExecutionMode="Row"><OutputList><ColumnReference Database="[Buy4_bo]" Schema="[dbo]" Table="[AMR_MOVEMENT]" Alias="[mov]" Column="ID_MOVEMENT"/><ColumnReference Database="[Buy4_bo]" Schema="[dbo]" Table="[AMR_MOVEMENT]" Alias="[mov]" Column="DUE_DATE"/><ColumnReference Database="[Buy4_bo]" Schema="[dbo]" Table="[AMR_MOVEMENT]" Alias="[mov]" Column="BUY4_MOVEMENT_CATEGORY"/><ColumnReference Database="[Buy4_bo]" Schema="[dbo]" Table="[ATX_CONFIRMED_TRANSACTION]" Alias="[act]" Column="ID_CONFIRMED_TRANSACTION"/><ColumnReference Database="[Buy4_bo]" Schema="[dbo]" Table="[ATX_CONFIRMED_TRANSACTION]" Alias="[act]" Column="ORIGINAL_AMOUNT"/><ColumnReference Database="[Buy4_bo]" Schema="[dbo]" Table="[ATX_CONFIRMED_TRANSACTION]" Alias="[act]" Column="PRESENTATION_DATE"/><ColumnReference Database="[Buy4_bo]" Schema="[dbo]" Table="[ATX_CONFIRMED_TRANSACTION]" Alias="[act]" Column="OUTGOING_STATUS"/><ColumnReference Database="[Buy4_bo]" Schema="[dbo]" Table="[ATX_CONFIRMED_TRANSACTION]" Alias="[act]" Column="ID_TRANSACTION_STATUS"/><ColumnReference Database="[Buy4_bo]" Schema="[dbo]" Table="[ATX_CONFIRMED_TRANSACTION]" Alias="[act]" Column="INSTALLMENT_NUMBER"/><ColumnReference Database="[Buy4_bo]" Schema="[dbo]" Table="[ATX_CONFIRMED_TRANSACTION]" Alias="[act]" Column="TRANSACTION_MASKED_PAN"/><ColumnReference Database="[Buy4_bo]" Schema="[dbo]" Table="[ATX_CONFIRMED_TRANSACTION]" Alias="[act]" Column="ACQUIRER_TRANSACTION_KEY"/><ColumnReference Database="[Buy4_bo]" Schema="[dbo]" Table="[ABC_SALE_PLAN]" Alias="[sp]" Column="INSTALLMENTS"/><ColumnReference Database="[Buy4_bo]" Schema="[dbo]" Table="[ABC_PRODUCT]" Alias="[p]" Column="PRODUCT_TYPE"/><ColumnReference Database="[Buy4_bo]" Schema="[dbo]" Table="[ABC_PRODUCT]" Alias="[p]" Column="ID_BRAND"/><ColumnReference Column="Expr1012"/><ColumnReference Column="Expr1064"/><ColumnReference Column="Expr1065"/><ColumnReference Column="Expr1066"/><ColumnReference Column="Expr1067"/></OutputList><ComputeScalar><DefinedValues><DefinedValue><ColumnReference Column="Expr1067"/><ScalarOperator ScalarString="replace(CONVERT_IMPLICIT(varchar(40),[Buy4_bo].[dbo].[BUY4_TERMINAL].[Buy4TerminalId] as [bt].[Buy4TerminalId],0),&apos;-&apos;,&apos;&apos;)"><Intrinsic FunctionName="replace"><ScalarOperator><Convert DataType="varchar" Length="40" Style="0" Implicit="1"><ScalarOperator><Identifier><ColumnReference Database="[Buy4_bo]" Schema="[dbo]" Table="[BUY4_TERMINAL]" Alias="[bt]" Column="Buy4TerminalId"/></Identifier></ScalarOperator></Convert></ScalarOperator><ScalarOperator><Const ConstValue="&apos;-&apos;"/></ScalarOperator><ScalarOperator><Const ConstValue="&apos;&apos;"/></ScalarOperator></Intrinsic></ScalarOperator></DefinedValue></DefinedValues><RelOp NodeId="11" PhysicalOp="Nested Loops" LogicalOp="Left Outer Join" EstimateRows="1.28459" EstimateIO="0" EstimateCPU="5.33876e-006" AvgRowSize="151" EstimatedTotalSubtreeCost="0.133597" Parallel="0" EstimateRebinds="0" EstimateRewinds="0" EstimatedExecutionMode="Row"><OutputList><ColumnReference Database="[Buy4_bo]" Schema="[dbo]" Table="[AMR_MOVEMENT]" Alias="[mov]" Column="ID_MOVEMENT"/><ColumnReference Database="[Buy4_bo]" Schema="[dbo]" Table="[AMR_MOVEMENT]" Alias="[mov]" Column="DUE_DATE"/><ColumnReference Database="[Buy4_bo]" Schema="[dbo]" Table="[AMR_MOVEMENT]" Alias="[mov]" Column="BUY4_MOVEMENT_CATEGORY"/><ColumnReference Database="[Buy4_bo]" Schema="[dbo]" Table="[ATX_CONFIRMED_TRANSACTION]" Alias="[act]" Column="ID_CONFIRMED_TRANSACTION"/><ColumnReference Database="[Buy4_bo]" Schema="[dbo]" Table="[ATX_CONFIRMED_TRANSACTION]" Alias="[act]" Column="ORIGINAL_AMOUNT"/><ColumnReference Database="[Buy4_bo]" Schema="[dbo]" Table="[ATX_CONFIRMED_TRANSACTION]" Alias="[act]" Column="PRESENTATION_DATE"/><ColumnReference Database="[Buy4_bo]" Schema="[dbo]" Table="[ATX_CONFIRMED_TRANSACTION]" Alias="[act]" Column="OUTGOING_STATUS"/><ColumnReference Database="[Buy4_bo]" Schema="[dbo]" Table="[ATX_CONFIRMED_TRANSACTION]" Alias="[act]" Column="ID_TRANSACTION_STATUS"/><ColumnReference Database="[Buy4_bo]" Schema="[dbo]" Table="[ATX_CONFIRMED_TRANSACTION]" Alias="[act]" Column="INSTALLMENT_NUMBER"/><ColumnReference Database="[Buy4_bo]" Schema="[dbo]" Table="[ATX_CONFIRMED_TRANSACTION]" Alias="[act]" Column="TRANSACTION_MASKED_PAN"/><ColumnReference Database="[Buy4_bo]" Schema="[dbo]" Table="[ATX_CONFIRMED_TRANSACTION]" Alias="[act]" Column="ACQUIRER_TRANSACTION_KEY"/><ColumnReference Database="[Buy4_bo]" Schema="[dbo]" Table="[ABC_SALE_PLAN]" Alias="[sp]" Column="INSTALLMENTS"/><ColumnReference Database="[Buy4_bo]" Schema="[dbo]" Table="[ABC_PRODUCT]" Alias="[p]" Column="PRODUCT_TYPE"/><ColumnReference Database="[Buy4_bo]" Schema="[dbo]" Table="[ABC_PRODUCT]" Alias="[p]" Column="ID_BRAND"/><ColumnReference Database="[Buy4_bo]" Schema="[dbo]" Table="[BUY4_TERMINAL]" Alias="[bt]" Column="Buy4TerminalId"/><ColumnReference Column="Expr1012"/><ColumnReference Column="Expr1064"/><ColumnReference Column="Expr1065"/><ColumnReference Column="Expr1066"/></OutputList><NestedLoops Optimized="0"><OuterReferences><ColumnReference Database="[Buy4_bo]" Schema="[dbo]" Table="[ABC_TERMINAL]" Alias="[abc_t]" Column="ID_TERMINAL"/></OuterReferences><RelOp NodeId="12" PhysicalOp="Nested Loops" LogicalOp="Inner Join" EstimateRows="1.13336" EstimateIO="0" EstimateCPU="4.73746e-006" AvgRowSize="140" EstimatedTotalSubtreeCost="0.130287" Parallel="0" EstimateRebinds="0" EstimateRewinds="0" EstimatedExecutionMode="Row"><OutputList><ColumnReference Database="[Buy4_bo]" Schema="[dbo]" Table="[AMR_MOVEMENT]" Alias="[mov]" Column="ID_MOVEMENT"/><ColumnReference Database="[Buy4_bo]" Schema="[dbo]" Table="[AMR_MOVEMENT]" Alias="[mov]" Column="DUE_DATE"/><ColumnReference Database="[Buy4_bo]" Schema="[dbo]" Table="[AMR_MOVEMENT]" Alias="[mov]" Column="BUY4_MOVEMENT_CATEGORY"/><ColumnReference Database="[Buy4_bo]" Schema="[dbo]" Table="[ATX_CONFIRMED_TRANSACTION]" Alias="[act]" Column="ID_CONFIRMED_TRANSACTION"/><ColumnReference Database="[Buy4_bo]" Schema="[dbo]" Table="[ATX_CONFIRMED_TRANSACTION]" Alias="[act]" Column="ORIGINAL_AMOUNT"/><ColumnReference Database="[Buy4_bo]" Schema="[dbo]" Table="[ATX_CONFIRMED_TRANSACTION]" Alias="[act]" Column="PRESENTATION_DATE"/><ColumnReference Database="[Buy4_bo]" Schema="[dbo]" Table="[ATX_CONFIRMED_TRANSACTION]" Alias="[act]" Column="OUTGOING_STATUS"/><ColumnReference Database="[Buy4_bo]" Schema="[dbo]" Table="[ATX_CONFIRMED_TRANSACTION]" Alias="[act]" Column="ID_TRANSACTION_STATUS"/><ColumnReference Database="[Buy4_bo]" Schema="[dbo]" Table="[ATX_CONFIRMED_TRANSACTION]" Alias="[act]" Column="INSTALLMENT_NUMBER"/><ColumnReference Database="[Buy4_bo]" Schema="[dbo]" Table="[ATX_CONFIRMED_TRANSACTION]" Alias="[act]" Column="TRANSACTION_MASKED_PAN"/><ColumnReference Database="[Buy4_bo]" Schema="[dbo]" Table="[ATX_CONFIRMED_TRANSACTION]" Alias="[act]" Column="ACQUIRER_TRANSACTION_KEY"/><ColumnReference Database="[Buy4_bo]" Schema="[dbo]" Table="[ABC_SALE_PLAN]" Alias="[sp]" Column="INSTALLMENTS"/><ColumnReference Database="[Buy4_bo]" Schema="[dbo]" Table="[ABC_PRODUCT]" Alias="[p]" Column="PRODUCT_TYPE"/><ColumnReference Database="[Buy4_bo]" Schema="[dbo]" Table="[ABC_PRODUCT]" Alias="[p]" Column="ID_BRAND"/><ColumnReference Database="[Buy4_bo]" Schema="[dbo]" Table="[ABC_TERMINAL]" Alias="[abc_t]" Column="ID_TERMINAL"/><ColumnReference Column="Expr1012"/><ColumnReference Column="Expr1064"/><ColumnReference Column="Expr1065"/><ColumnReference Column="Expr1066"/></OutputList><NestedLoops Optimized="0"><PassThru><ScalarOperator ScalarString="[IsBaseRow1008] IS NULL"><Compare CompareOp="IS"><ScalarOperator><Identifier><ColumnReference Column="IsBaseRow1008"/></Identifier></ScalarOperator><ScalarOperator><Const ConstValue="NULL"/></ScalarOperator></Compare></ScalarOperator></PassThru><OuterReferences><ColumnReference Column="Bmk1007"/></OuterReferences><RelOp NodeId="13" PhysicalOp="Nested Loops" LogicalOp="Left Outer Join" EstimateRows="1.13336" EstimateIO="0" EstimateCPU="4.7072e-006" AvgRowSize="144" EstimatedTotalSubtreeCost="0.126875" Parallel="0" EstimateRebinds="0" EstimateRewinds="0" EstimatedExecutionMode="Row"><OutputList><ColumnReference Database="[Buy4_bo]" Schema="[dbo]" Table="[AMR_MOVEMENT]" Alias="[mov]" Column="ID_MOVEMENT"/><ColumnReference Database="[Buy4_bo]" Schema="[dbo]" Table="[AMR_MOVEMENT]" Alias="[mov]" Column="DUE_DATE"/><ColumnReference Database="[Buy4_bo]" Schema="[dbo]" Table="[AMR_MOVEMENT]" Alias="[mov]" Column="BUY4_MOVEMENT_CATEGORY"/><ColumnReference Database="[Buy4_bo]" Schema="[dbo]" Table="[ATX_CONFIRMED_TRANSACTION]" Alias="[act]" Column="ID_CONFIRMED_TRANSACTION"/><ColumnReference Database="[Buy4_bo]" Schema="[dbo]" Table="[ATX_CONFIRMED_TRANSACTION]" Alias="[act]" Column="ORIGINAL_AMOUNT"/><ColumnReference Database="[Buy4_bo]" Schema="[dbo]" Table="[ATX_CONFIRMED_TRANSACTION]" Alias="[act]" Column="PRESENTATION_DATE"/><ColumnReference Database="[Buy4_bo]" Schema="[dbo]" Table="[ATX_CONFIRMED_TRANSACTION]" Alias="[act]" Column="OUTGOING_STATUS"/><ColumnReference Database="[Buy4_bo]" Schema="[dbo]" Table="[ATX_CONFIRMED_TRANSACTION]" Alias="[act]" Column="ID_TRANSACTION_STATUS"/><ColumnReference Database="[Buy4_bo]" Schema="[dbo]" Table="[ATX_CONFIRMED_TRANSACTION]" Alias="[act]" Column="INSTALLMENT_NUMBER"/><ColumnReference Database="[Buy4_bo]" Schema="[dbo]" Table="[ATX_CONFIRMED_TRANSACTION]" Alias="[act]" Column="TRANSACTION_MASKED_PAN"/><ColumnReference Database="[Buy4_bo]" Schema="[dbo]" Table="[ATX_CONFIRMED_TRANSACTION]" Alias="[act]" Column="ACQUIRER_TRANSACTION_KEY"/><ColumnReference Database="[Buy4_bo]" Schema="[dbo]" Table="[ABC_SALE_PLAN]" Alias="[sp]" Column="INSTALLMENTS"/><ColumnReference Database="[Buy4_bo]" Schema="[dbo]" Table="[ABC_PRODUCT]" Alias="[p]" Column="PRODUCT_TYPE"/><ColumnReference Database="[Buy4_bo]" Schema="[dbo]" Table="[ABC_PRODUCT]" Alias="[p]" Column="ID_BRAND"/><ColumnReference Column="Bmk1007"/><ColumnReference Column="IsBaseRow1008"/><ColumnReference Column="Expr1012"/><ColumnReference Column="Expr1064"/><ColumnReference Column="Expr1065"/><ColumnReference Column="Expr1066"/></OutputList><NestedLoops Optimized="0"><OuterReferences><ColumnReference Database="[Buy4_bo]" Schema="[dbo]" Table="[ATX_CONFIRMED_TRANSACTION]" Alias="[act]" Column="TERMINAL_CODE"/></OuterReferences><RelOp NodeId="14" PhysicalOp="Nested Loops" LogicalOp="Left Outer Join" EstimateRows="1" EstimateIO="0" EstimateCPU="4.18e-006" AvgRowSize="165" EstimatedTotalSubtreeCost="0.123587" Parallel="0" EstimateRebinds="0" EstimateRewinds="0" EstimatedExecutionMode="Row"><OutputList><ColumnReference Database="[Buy4_bo]" Schema="[dbo]" Table="[AMR_MOVEMENT]" Alias="[mov]" Column="ID_MOVEMENT"/><ColumnReference Database="[Buy4_bo]" Schema="[dbo]" Table="[AMR_MOVEMENT]" Alias="[mov]" Column="DUE_DATE"/><ColumnReference Database="[Buy4_bo]" Schema="[dbo]" Table="[AMR_MOVEMENT]" Alias="[mov]" Column="BUY4_MOVEMENT_CATEGORY"/><ColumnReference Database="[Buy4_bo]" Schema="[dbo]" Table="[ATX_CONFIRMED_TRANSACTION]" Alias="[act]" Column="ID_CONFIRMED_TRANSACTION"/><ColumnReference Database="[Buy4_bo]" Schema="[dbo]" Table="[ATX_CONFIRMED_TRANSACTION]" Alias="[act]" Column="ORIGINAL_AMOUNT"/><ColumnReference Database="[Buy4_bo]" Schema="[dbo]" Table="[ATX_CONFIRMED_TRANSACTION]" Alias="[act]" Column="PRESENTATION_DATE"/><ColumnReference Database="[Buy4_bo]" Schema="[dbo]" Table="[ATX_CONFIRMED_TRANSACTION]" Alias="[act]" Column="OUTGOING_STATUS"/><ColumnReference Database="[Buy4_bo]" Schema="[dbo]" Table="[ATX_CONFIRMED_TRANSACTION]" Alias="[act]" Column="TERMINAL_CODE"/><ColumnReference Database="[Buy4_bo]" Schema="[dbo]" Table="[ATX_CONFIRMED_TRANSACTION]" Alias="[act]" Column="ID_TRANSACTION_STATUS"/><ColumnReference Database="[Buy4_bo]" Schema="[dbo]" Table="[ATX_CONFIRMED_TRANSACTION]" Alias="[act]" Column="INSTALLMENT_NUMBER"/><ColumnReference Database="[Buy4_bo]" Schema="[dbo]" Table="[ATX_CONFIRMED_TRANSACTION]" Alias="[act]" Column="TRANSACTION_MASKED_PAN"/><ColumnReference Database="[Buy4_bo]" Schema="[dbo]" Table="[ATX_CONFIRMED_TRANSACTION]" Alias="[act]" Column="ACQUIRER_TRANSACTION_KEY"/><ColumnReference Database="[Buy4_bo]" Schema="[dbo]" Table="[ABC_SALE_PLAN]" Alias="[sp]" Column="INSTALLMENTS"/><ColumnReference Database="[Buy4_bo]" Schema="[dbo]" Table="[ABC_PRODUCT]" Alias="[p]" Column="PRODUCT_TYPE"/><ColumnReference Database="[Buy4_bo]" Schema="[dbo]" Table="[ABC_PRODUCT]" Alias="[p]" Column="ID_BRAND"/><ColumnReference Column="Expr1012"/><ColumnReference Column="Expr1064"/><ColumnReference Column="Expr1065"/><ColumnReference Column="Expr1066"/></OutputList><NestedLoops Optimized="0"><OuterReferences><ColumnReference Database="[Buy4_bo]" Schema="[dbo]" Table="[AMR_MOVEMENT]" Alias="[mov]" Column="ID_PRODUCT"/></OuterReferences><RelOp NodeId="15" PhysicalOp="Nested Loops" LogicalOp="Inner Join" EstimateRows="1" EstimateIO="0" EstimateCPU="4.18e-006" AvgRowSize="160" EstimatedTotalSubtreeCost="0.1203" Parallel="0" EstimateRebinds="0" EstimateRewinds="0" EstimatedExecutionMode="Row"><OutputList><ColumnReference Database="[Buy4_bo]" Schema="[dbo]" Table="[AMR_MOVEMENT]" Alias="[mov]" Column="ID_MOVEMENT"/><ColumnReference Database="[Buy4_bo]" Schema="[dbo]" Table="[AMR_MOVEMENT]" Alias="[mov]" Column="ID_PRODUCT"/><ColumnReference Database="[Buy4_bo]" Schema="[dbo]" Table="[AMR_MOVEMENT]" Alias="[mov]" Column="DUE_DATE"/><ColumnReference Database="[Buy4_bo]" Schema="[dbo]" Table="[AMR_MOVEMENT]" Alias="[mov]" Column="BUY4_MOVEMENT_CATEGORY"/><ColumnReference Database="[Buy4_bo]" Schema="[dbo]" Table="[ATX_CONFIRMED_TRANSACTION]" Alias="[act]" Column="ID_CONFIRMED_TRANSACTION"/><ColumnReference Database="[Buy4_bo]" Schema="[dbo]" Table="[ATX_CONFIRMED_TRANSACTION]" Alias="[act]" Column="ORIGINAL_AMOUNT"/><ColumnReference Database="[Buy4_bo]" Schema="[dbo]" Table="[ATX_CONFIRMED_TRANSACTION]" Alias="[act]" Column="PRESENTATION_DATE"/><ColumnReference Database="[Buy4_bo]" Schema="[dbo]" Table="[ATX_CONFIRMED_TRANSACTION]" Alias="[act]" Column="OUTGOING_STATUS"/><ColumnReference Database="[Buy4_bo]" Schema="[dbo]" Table="[ATX_CONFIRMED_TRANSACTION]" Alias="[act]" Column="TERMINAL_CODE"/><ColumnReference Database="[Buy4_bo]" Schema="[dbo]" Table="[ATX_CONFIRMED_TRANSACTION]" Alias="[act]" Column="ID_TRANSACTION_STATUS"/><ColumnReference Database="[Buy4_bo]" Schema="[dbo]" Table="[ATX_CONFIRMED_TRANSACTION]" Alias="[act]" Column="INSTALLMENT_NUMBER"/><ColumnReference Database="[Buy4_bo]" Schema="[dbo]" Table="[ATX_CONFIRMED_TRANSACTION]" Alias="[act]" Column="TRANSACTION_MASKED_PAN"/><ColumnReference Database="[Buy4_bo]" Schema="[dbo]" Table="[ATX_CONFIRMED_TRANSACTION]" Alias="[act]" Column="ACQUIRER_TRANSACTION_KEY"/><ColumnReference Database="[Buy4_bo]" Schema="[dbo]" Table="[ABC_SALE_PLAN]" Alias="[sp]" Column="INSTALLMENTS"/><ColumnReference Column="Expr1012"/><ColumnReference Column="Expr1064"/><ColumnReference Column="Expr1065"/><ColumnReference Column="Expr1066"/></OutputList><NestedLoops Optimized="0"><PassThru><ScalarOperator ScalarString="[IsBaseRow1004] IS NULL"><Compare CompareOp="IS"><ScalarOperator><Identifier><ColumnReference Column="IsBaseRow1004"/></Identifier></ScalarOperator><ScalarOperator><Const ConstValue="NULL"/></ScalarOperator></Compare></ScalarOperator></PassThru><OuterReferences><ColumnReference Column="Bmk1003"/></OuterReferences><RelOp NodeId="16" PhysicalOp="Nested Loops" LogicalOp="Left Outer Join" EstimateRows="1" EstimateIO="0" EstimateCPU="4.18e-006" AvgRowSize="164" EstimatedTotalSubtreeCost="0.117012" Parallel="0" EstimateRebinds="0" EstimateRewinds="0" EstimatedExecutionMode="Row"><OutputList><ColumnReference Database="[Buy4_bo]" Schema="[dbo]" Table="[AMR_MOVEMENT]" Alias="[mov]" Column="ID_MOVEMENT"/><ColumnReference Database="[Buy4_bo]" Schema="[dbo]" Table="[AMR_MOVEMENT]" Alias="[mov]" Column="ID_PRODUCT"/><ColumnReference Database="[Buy4_bo]" Schema="[dbo]" Table="[AMR_MOVEMENT]" Alias="[mov]" Column="DUE_DATE"/><ColumnReference Database="[Buy4_bo]" Schema="[dbo]" Table="[AMR_MOVEMENT]" Alias="[mov]" Column="BUY4_MOVEMENT_CATEGORY"/><ColumnReference Database="[Buy4_bo]" Schema="[dbo]" Table="[ATX_CONFIRMED_TRANSACTION]" Alias="[act]" Column="ID_CONFIRMED_TRANSACTION"/><ColumnReference Database="[Buy4_bo]" Schema="[dbo]" Table="[ATX_CONFIRMED_TRANSACTION]" Alias="[act]" Column="ORIGINAL_AMOUNT"/><ColumnReference Database="[Buy4_bo]" Schema="[dbo]" Table="[ATX_CONFIRMED_TRANSACTION]" Alias="[act]" Column="PRESENTATION_DATE"/><ColumnReference Database="[Buy4_bo]" Schema="[dbo]" Table="[ATX_CONFIRMED_TRANSACTION]" Alias="[act]" Column="OUTGOING_STATUS"/><ColumnReference Database="[Buy4_bo]" Schema="[dbo]" Table="[ATX_CONFIRMED_TRANSACTION]" Alias="[act]" Column="TERMINAL_CODE"/><ColumnReference Database="[Buy4_bo]" Schema="[dbo]" Table="[ATX_CONFIRMED_TRANSACTION]" Alias="[act]" Column="ID_TRANSACTION_STATUS"/><ColumnReference Database="[Buy4_bo]" Schema="[dbo]" Table="[ATX_CONFIRMED_TRANSACTION]" Alias="[act]" Column="INSTALLMENT_NUMBER"/><ColumnReference Database="[Buy4_bo]" Schema="[dbo]" Table="[ATX_CONFIRMED_TRANSACTION]" Alias="[act]" Column="TRANSACTION_MASKED_PAN"/><ColumnReference Database="[Buy4_bo]" Schema="[dbo]" Table="[ATX_CONFIRMED_TRANSACTION]" Alias="[act]" Column="ACQUIRER_TRANSACTION_KEY"/><ColumnReference Column="Bmk1003"/><ColumnReference Column="IsBaseRow1004"/><ColumnReference Column="Expr1012"/><ColumnReference Column="Expr1064"/><ColumnReference Column="Expr1065"/><ColumnReference Column="Expr1066"/></OutputList><NestedLoops Optimized="0"><OuterReferences><ColumnReference Database="[Buy4_bo]" Schema="[dbo]" Table="[ATX_CONFIRMED_TRANSACTION]" Alias="[act]" Column="ID_SALE_PLAN"/></OuterReferences><RelOp NodeId="17" PhysicalOp="Nested Loops" LogicalOp="Left Outer Join" EstimateRows="1" EstimateIO="0" EstimateCPU="4.18e-006" AvgRowSize="160" EstimatedTotalSubtreeCost="0.113725" Parallel="0" EstimateRebinds="0" EstimateRewinds="0" EstimatedExecutionMode="Row"><OutputList><ColumnReference Database="[Buy4_bo]" Schema="[dbo]" Table="[AMR_MOVEMENT]" Alias="[mov]" Column="ID_MOVEMENT"/><ColumnReference Database="[Buy4_bo]" Schema="[dbo]" Table="[AMR_MOVEMENT]" Alias="[mov]" Column="ID_PRODUCT"/><ColumnReference Database="[Buy4_bo]" Schema="[dbo]" Table="[AMR_MOVEMENT]" Alias="[mov]" Column="DUE_DATE"/><ColumnReference Database="[Buy4_bo]" Schema="[dbo]" Table="[AMR_MOVEMENT]" Alias="[mov]" Column="BUY4_MOVEMENT_CATEGORY"/><ColumnReference Database="[Buy4_bo]" Schema="[dbo]" Table="[ATX_CONFIRMED_TRANSACTION]" Alias="[act]" Column="ID_CONFIRMED_TRANSACTION"/><ColumnReference Database="[Buy4_bo]" Schema="[dbo]" Table="[ATX_CONFIRMED_TRANSACTION]" Alias="[act]" Column="ORIGINAL_AMOUNT"/><ColumnReference Database="[Buy4_bo]" Schema="[dbo]" Table="[ATX_CONFIRMED_TRANSACTION]" Alias="[act]" Column="PRESENTATION_DATE"/><ColumnReference Database="[Buy4_bo]" Schema="[dbo]" Table="[ATX_CONFIRMED_TRANSACTION]" Alias="[act]" Column="ID_SALE_PLAN"/><ColumnReference Database="[Buy4_bo]" Schema="[dbo]" Table="[ATX_CONFIRMED_TRANSACTION]" Alias="[act]" Column="OUTGOING_STATUS"/><ColumnReference Database="[Buy4_bo]" Schema="[dbo]" Table="[ATX_CONFIRMED_TRANSACTION]" Alias="[act]" Column="TERMINAL_CODE"/><ColumnReference Database="[Buy4_bo]" Schema="[dbo]" Table="[ATX_CONFIRMED_TRANSACTION]" Alias="[act]" Column="ID_TRANSACTION_STATUS"/><ColumnReference Database="[Buy4_bo]" Schema="[dbo]" Table="[ATX_CONFIRMED_TRANSACTION]" Alias="[act]" Column="INSTALLMENT_NUMBER"/><ColumnReference Database="[Buy4_bo]" Schema="[dbo]" Table="[ATX_CONFIRMED_TRANSACTION]" Alias="[act]" Column="TRANSACTION_MASKED_PAN"/><ColumnReference Database="[Buy4_bo]" Schema="[dbo]" Table="[ATX_CONFIRMED_TRANSACTION]" Alias="[act]" Column="ACQUIRER_TRANSACTION_KEY"/><ColumnReference Column="Expr1012"/><ColumnReference Column="Expr1064"/><ColumnReference Column="Expr1065"/><ColumnReference Column="Expr1066"/></OutputList><NestedLoops Optimized="1"><OuterReferences><ColumnReference Database="[Buy4_bo]" Schema="[dbo]" Table="[ATX_TX_MOVEMENT_DETAIL]" Alias="[movd]" Column="ID_CONFIRMED_TRANSACTION"/></OuterReferences><RelOp NodeId="19" PhysicalOp="Nested Loops" LogicalOp="Left Outer Join" EstimateRows="1" EstimateIO="0" EstimateCPU="4.18e-006" AvgRowSize="57" EstimatedTotalSubtreeCost="0.110437" Parallel="0" EstimateRebinds="0" EstimateRewinds="0" EstimatedExecutionMode="Row"><OutputList><ColumnReference Database="[Buy4_bo]" Schema="[dbo]" Table="[AMR_MOVEMENT]" Alias="[mov]" Column="ID_MOVEMENT"/><ColumnReference Database="[Buy4_bo]" Schema="[dbo]" Table="[AMR_MOVEMENT]" Alias="[mov]" Column="ID_PRODUCT"/><ColumnReference Database="[Buy4_bo]" Schema="[dbo]" Table="[AMR_MOVEMENT]" Alias="[mov]" Column="DUE_DATE"/><ColumnReference Database="[Buy4_bo]" Schema="[dbo]" Table="[AMR_MOVEMENT]" Alias="[mov]" Column="BUY4_MOVEMENT_CATEGORY"/><ColumnReference Database="[Buy4_bo]" Schema="[dbo]" Table="[ATX_TX_MOVEMENT_DETAIL]" Alias="[movd]" Column="ID_CONFIRMED_TRANSACTION"/><ColumnReference Column="Expr1012"/><ColumnReference Column="Expr1064"/><ColumnReference Column="Expr1065"/><ColumnReference Column="Expr1066"/></OutputList><NestedLoops Optimized="1"><OuterReferences><ColumnReference Database="[Buy4_bo]" Schema="[dbo]" Table="[AMR_MOVEMENT]" Alias="[mov]" Column="ID_MOVEMENT"/></OuterReferences><RelOp NodeId="21" PhysicalOp="Compute Scalar" LogicalOp="Compute Scalar" EstimateRows="1" EstimateIO="0" EstimateCPU="1e-007" AvgRowSize="51" EstimatedTotalSubtreeCost="0.10715" Parallel="0" EstimateRebinds="0" EstimateRewinds="0" EstimatedExecutionMode="Row"><OutputList><ColumnReference Database="[Buy4_bo]" Schema="[dbo]" Table="[AMR_MOVEMENT]" Alias="[mov]" Column="ID_MOVEMENT"/><ColumnReference Database="[Buy4_bo]" Schema="[dbo]" Table="[AMR_MOVEMENT]" Alias="[mov]" Column="ID_PRODUCT"/><ColumnReference Database="[Buy4_bo]" Schema="[dbo]" Table="[AMR_MOVEMENT]" Alias="[mov]" Column="DUE_DATE"/><ColumnReference Database="[Buy4_bo]" Schema="[dbo]" Table="[AMR_MOVEMENT]" Alias="[mov]" Column="BUY4_MOVEMENT_CATEGORY"/><ColumnReference Column="Expr1012"/><ColumnReference Column="Expr1064"/><ColumnReference Column="Expr1065"/><ColumnReference Column="Expr1066"/></OutputList><ComputeScalar><DefinedValues><DefinedValue><ColumnReference Column="Expr1012"/><ScalarOperator ScalarString="CASE WHEN [Buy4_bo].[dbo].[AMR_MOVEMENT].[BUY4_MOVEMENT_CATEGORY] as [mov].[BUY4_MOVEMENT_CATEGORY]=(27) OR [Buy4_bo].[dbo].[AMR_MOVEMENT].[BUY4_MOVEMENT_CATEGORY] as [mov].[BUY4_MOVEMENT_CATEGORY]=(23) OR [Buy4_bo].[dbo].[AMR_MOVEMENT].[BUY4_MOVEMENT_CATEGORY] as [mov].[BUY4_MOVEMENT_CATEGORY]=(21) OR [Buy4_bo].[dbo].[AMR_MOVEMENT].[BUY4_MOVEMENT_CATEGORY] as [mov].[BUY4_MOVEMENT_CATEGORY]=(20) THEN [Buy4_bo].[dbo].[AMR_MOVEMENT].[ID_MOVEMENT] as [mov].[ID_MOVEMENT] ELSE NULL END"><IF><Condition><ScalarOperator><Logical Operation="OR"><ScalarOperator><Compare CompareOp="EQ"><ScalarOperator><Identifier><ColumnReference Database="[Buy4_bo]" Schema="[dbo]" Table="[AMR_MOVEMENT]" Alias="[mov]" Column="BUY4_MOVEMENT_CATEGORY"/></Identifier></ScalarOperator><ScalarOperator><Const ConstValue="(27)"/></ScalarOperator></Compare></ScalarOperator><ScalarOperator><Compare CompareOp="EQ"><ScalarOperator><Identifier><ColumnReference Database="[Buy4_bo]" Schema="[dbo]" Table="[AMR_MOVEMENT]" Alias="[mov]" Column="BUY4_MOVEMENT_CATEGORY"/></Identifier></ScalarOperator><ScalarOperator><Const ConstValue="(23)"/></ScalarOperator></Compare></ScalarOperator><ScalarOperator><Compare CompareOp="EQ"><ScalarOperator><Identifier><ColumnReference Database="[Buy4_bo]" Schema="[dbo]" Table="[AMR_MOVEMENT]" Alias="[mov]" Column="BUY4_MOVEMENT_CATEGORY"/></Identifier></ScalarOperator><ScalarOperator><Const ConstValue="(21)"/></ScalarOperator></Compare></ScalarOperator><ScalarOperator><Compare CompareOp="EQ"><ScalarOperator><Identifier><ColumnReference Database="[Buy4_bo]" Schema="[dbo]" Table="[AMR_MOVEMENT]" Alias="[mov]" Column="BUY4_MOVEMENT_CATEGORY"/></Identifier></ScalarOperator><ScalarOperator><Const ConstValue="(20)"/></ScalarOperator></Compare></ScalarOperator></Logical></ScalarOperator></Condition><Then><ScalarOperator><Identifier><ColumnReference Database="[Buy4_bo]" Schema="[dbo]" Table="[AMR_MOVEMENT]" Alias="[mov]" Column="ID_MOVEMENT"/></Identifier></ScalarOperator></Then><Else><ScalarOperator><Const ConstValue="NULL"/></ScalarOperator></Else></IF></ScalarOperator></DefinedValue><DefinedValue><ColumnReference Column="Expr1064"/><ScalarOperator ScalarString="CASE WHEN [Buy4_bo].[dbo].[AMR_MOVEMENT].[BUY4_MOVEMENT_CATEGORY] as [mov].[BUY4_MOVEMENT_CATEGORY]=(20) THEN (90) ELSE CASE WHEN [Buy4_bo].[dbo].[AMR_MOVEMENT].[BUY4_MOVEMENT_CATEGORY] as [mov].[BUY4_MOVEMENT_CATEGORY]=(21) THEN (80) ELSE CASE WHEN [Buy4_bo].[dbo].[AMR_MOVEMENT].[BUY4_MOVEMENT_CATEGORY] as [mov].[BUY4_MOVEMENT_CATEGORY]=(24) THEN (70) ELSE CASE WHEN [Buy4_bo].[dbo].[AMR_MOVEMENT].[BUY4_MOVEMENT_CATEGORY] as [mov].[BUY4_MOVEMENT_CATEGORY]=(25) THEN (60) ELSE CASE WHEN [Buy4_bo].[dbo].[AMR_MOVEMENT].[BUY4_MOVEMENT_CATEGORY] as [mov].[BUY4_MOVEMENT_CATEGORY]=(22) THEN (50) ELSE CASE WHEN [Buy4_bo].[dbo].[AMR_MOVEMENT].[BUY4_MOVEMENT_CATEGORY] as [mov].[BUY4_MOVEMENT_CATEGORY]=(23) THEN (41) ELSE CASE WHEN [Buy4_bo].[dbo].[AMR_MOVEMENT].[BUY4_MOVEMENT_CATEGORY] as [mov].[BUY4_MOVEMENT_CATEGORY]=(27) THEN (40) ELSE CASE WHEN [Buy4_bo].[dbo].[AMR_MOVEMENT].[BUY4_MOVEMENT_CATEGORY] as [mov].[BUY4_MOVEMENT_CATEGORY]=(6) THEN (30) ELSE CASE WHEN [Buy4_bo].[dbo].[AMR_MOVEMENT].[BUY4_MOVEMENT_CATEGORY] as [mov].[BUY4_MOVEMENT_CATEGORY]=(14) THEN (20) ELSE (0) END END END END END END END END END"><IF><Condition><ScalarOperator><Compare CompareOp="EQ"><ScalarOperator><Identifier><ColumnReference Database="[Buy4_bo]" Schema="[dbo]" Table="[AMR_MOVEMENT]" Alias="[mov]" Column="BUY4_MOVEMENT_CATEGORY"/></Identifier></ScalarOperator><ScalarOperator><Const ConstValue="(20)"/></ScalarOperator></Compare></ScalarOperator></Condition><Then><ScalarOperator><Const ConstValue="(90)"/></ScalarOperator></Then><Else><ScalarOperator><IF><Condition><ScalarOperator><Compare CompareOp="EQ"><ScalarOperator><Identifier><ColumnReference Database="[Buy4_bo]" Schema="[dbo]" Table="[AMR_MOVEMENT]" Alias="[mov]" Column="BUY4_MOVEMENT_CATEGORY"/></Identifier></ScalarOperator><ScalarOperator><Const ConstValue="(21)"/></ScalarOperator></Compare></ScalarOperator></Condition><Then><ScalarOperator><Const ConstValue="(80)"/></ScalarOperator></Then><Else><ScalarOperator><IF><Condition><ScalarOperator><Compare CompareOp="EQ"><ScalarOperator><Identifier><ColumnReference Database="[Buy4_bo]" Schema="[dbo]" Table="[AMR_MOVEMENT]" Alias="[mov]" Column="BUY4_MOVEMENT_CATEGORY"/></Identifier></ScalarOperator><ScalarOperator><Const ConstValue="(24)"/></ScalarOperator></Compare></ScalarOperator></Condition><Then><ScalarOperator><Const ConstValue="(70)"/></ScalarOperator></Then><Else><ScalarOperator><IF><Condition><ScalarOperator><Compare CompareOp="EQ"><ScalarOperator><Identifier><ColumnReference Database="[Buy4_bo]" Schema="[dbo]" Table="[AMR_MOVEMENT]" Alias="[mov]" Column="BUY4_MOVEMENT_CATEGORY"/></Identifier></ScalarOperator><ScalarOperator><Const ConstValue="(25)"/></ScalarOperator></Compare></ScalarOperator></Condition><Then><ScalarOperator><Const ConstValue="(60)"/></ScalarOperator></Then><Else><ScalarOperator><IF><Condition><ScalarOperator><Compare CompareOp="EQ"><ScalarOperator><Identifier><ColumnReference Database="[Buy4_bo]" Schema="[dbo]" Table="[AMR_MOVEMENT]" Alias="[mov]" Column="BUY4_MOVEMENT_CATEGORY"/></Identifier></ScalarOperator><ScalarOperator><Const ConstValue="(22)"/></ScalarOperator></Compare></ScalarOperator></Condition><Then><ScalarOperator><Const ConstValue="(50)"/></ScalarOperator></Then><Else><ScalarOperator><IF><Condition><ScalarOperator><Compare CompareOp="EQ"><ScalarOperator><Identifier><ColumnReference Database="[Buy4_bo]" Schema="[dbo]" Table="[AMR_MOVEMENT]" Alias="[mov]" Column="BUY4_MOVEMENT_CATEGORY"/></Identifier></ScalarOperator><ScalarOperator><Const ConstValue="(23)"/></ScalarOperator></Compare></ScalarOperator></Condition><Then><ScalarOperator><Const ConstValue="(41)"/></ScalarOperator></Then><Else><ScalarOperator><IF><Condition><ScalarOperator><Compare CompareOp="EQ"><ScalarOperator><Identifier><ColumnReference Database="[Buy4_bo]" Schema="[dbo]" Table="[AMR_MOVEMENT]" Alias="[mov]" Column="BUY4_MOVEMENT_CATEGORY"/></Identifier></ScalarOperator><ScalarOperator><Const ConstValue="(27)"/></ScalarOperator></Compare></ScalarOperator></Condition><Then><ScalarOperator><Const ConstValue="(40)"/></ScalarOperator></Then><Else><ScalarOperator><IF><Condition><ScalarOperator><Compare CompareOp="EQ"><ScalarOperator><Identifier><ColumnReference Database="[Buy4_bo]" Schema="[dbo]" Table="[AMR_MOVEMENT]" Alias="[mov]" Column="BUY4_MOVEMENT_CATEGORY"/></Identifier></ScalarOperator><ScalarOperator><Const ConstValue="(6)"/></ScalarOperator></Compare></ScalarOperator></Condition><Then><ScalarOperator><Const ConstValue="(30)"/></ScalarOperator></Then><Else><ScalarOperator><IF><Condition><ScalarOperator><Compare CompareOp="EQ"><ScalarOperator><Identifier><ColumnReference Database="[Buy4_bo]" Schema="[dbo]" Table="[AMR_MOVEMENT]" Alias="[mov]" Column="BUY4_MOVEMENT_CATEGORY"/></Identifier></ScalarOperator><ScalarOperator><Const ConstValue="(14)"/></ScalarOperator></Compare></ScalarOperator></Condition><Then><ScalarOperator><Const ConstValue="(20)"/></ScalarOperator></Then><Else><ScalarOperator><Const ConstValue="(0)"/></ScalarOperator></Else></IF></ScalarOperator></Else></IF></ScalarOperator></Else></IF></ScalarOperator></Else></IF></ScalarOperator></Else></IF></ScalarOperator></Else></IF></ScalarOperator></Else></IF></ScalarOperator></Else></IF></ScalarOperator></Else></IF></ScalarOperator></DefinedValue><DefinedValue><ColumnReference Column="Expr1065"/><ScalarOperator ScalarString="CASE WHEN [Buy4_bo].[dbo].[AMR_MOVEMENT].[ID_MERCHANT] as [mov].[ID_MERCHANT]=[Buy4_bo].[dbo].[AMR_MOVEMENT].[ID_PAYMENT_OWNER] as [mov].[ID_PAYMENT_OWNER] OR [Buy4_bo].[dbo].[AMR_MOVEMENT].[ID_PAYMENT_OWNER] as [mov].[ID_PAYMENT_OWNER] IS NULL THEN CASE WHEN [Buy4_bo].[dbo].[AMR_MOVEMENT].[OPERATION_CODE] as [mov].[OPERATION_CODE]=(1.) THEN [Buy4_bo].[dbo].[AMR_MOVEMENT].[AMOUNT] as [mov].[AMOUNT] ELSE  -[Buy4_bo].[dbo].[AMR_MOVEMENT].[AMOUNT] as [mov].[AMOUNT] END ELSE NULL END"><IF><Condition><ScalarOperator><Logical Operation="OR"><ScalarOperator><Compare CompareOp="EQ"><ScalarOperator><Identifier><ColumnReference Database="[Buy4_bo]" Schema="[dbo]" Table="[AMR_MOVEMENT]" Alias="[mov]" Column="ID_MERCHANT"/></Identifier></ScalarOperator><ScalarOperator><Identifier><ColumnReference Database="[Buy4_bo]" Schema="[dbo]" Table="[AMR_MOVEMENT]" Alias="[mov]" Column="ID_PAYMENT_OWNER"/></Identifier></ScalarOperator></Compare></ScalarOperator><ScalarOperator><Compare CompareOp="IS"><ScalarOperator><Identifier><ColumnReference Database="[Buy4_bo]" Schema="[dbo]" Table="[AMR_MOVEMENT]" Alias="[mov]" Column="ID_PAYMENT_OWNER"/></Identifier></ScalarOperator><ScalarOperator><Const ConstValue="NULL"/></ScalarOperator></Compare></ScalarOperator></Logical></ScalarOperator></Condition><Then><ScalarOperator><IF><Condition><ScalarOperator><Compare CompareOp="EQ"><ScalarOperator><Identifier><ColumnReference Database="[Buy4_bo]" Schema="[dbo]" Table="[AMR_MOVEMENT]" Alias="[mov]" Column="OPERATION_CODE"/></Identifier></ScalarOperator><ScalarOperator><Const ConstValue="(1.)"/></ScalarOperator></Compare></ScalarOperator></Condition><Then><ScalarOperator><Identifier><ColumnReference Database="[Buy4_bo]" Schema="[dbo]" Table="[AMR_MOVEMENT]" Alias="[mov]" Column="AMOUNT"/></Identifier></ScalarOperator></Then><Else><ScalarOperator><Arithmetic Operation="MINUS"><ScalarOperator><Identifier><ColumnReference Database="[Buy4_bo]" Schema="[dbo]" Table="[AMR_MOVEMENT]" Alias="[mov]" Column="AMOUNT"/></Identifier></ScalarOperator></Arithmetic></ScalarOperator></Else></IF></ScalarOperator></Then><Else><ScalarOperator><Const ConstValue="NULL"/></ScalarOperator></Else></IF></ScalarOperator></DefinedValue><DefinedValue><ColumnReference Column="Expr1066"/><ScalarOperator ScalarString="CASE WHEN [Buy4_bo].[dbo].[AMR_MOVEMENT].[BUY4_MOVEMENT_CATEGORY] as [mov].[BUY4_MOVEMENT_CATEGORY]=(20) THEN (-1) ELSE CASE WHEN [Buy4_bo].[dbo].[AMR_MOVEMENT].[BUY4_MOVEMENT_CATEGORY] as [mov].[BUY4_MOVEMENT_CATEGORY]=(24) THEN (-1) ELSE CASE WHEN [Buy4_bo].[dbo].[AMR_MOVEMENT].[BUY4_MOVEMENT_CATEGORY] as [mov].[BUY4_MOVEMENT_CATEGORY]=(25) THEN (-1) ELSE (1) END END END"><IF><Condition><ScalarOperator><Compare CompareOp="EQ"><ScalarOperator><Identifier><ColumnReference Database="[Buy4_bo]" Schema="[dbo]" Table="[AMR_MOVEMENT]" Alias="[mov]" Column="BUY4_MOVEMENT_CATEGORY"/></Identifier></ScalarOperator><ScalarOperator><Const ConstValue="(20)"/></ScalarOperator></Compare></ScalarOperator></Condition><Then><ScalarOperator><Const ConstValue="(-1)"/></ScalarOperator></Then><Else><ScalarOperator><IF><Condition><ScalarOperator><Compare CompareOp="EQ"><ScalarOperator><Identifier><ColumnReference Database="[Buy4_bo]" Schema="[dbo]" Table="[AMR_MOVEMENT]" Alias="[mov]" Column="BUY4_MOVEMENT_CATEGORY"/></Identifier></ScalarOperator><ScalarOperator><Const ConstValue="(24)"/></ScalarOperator></Compare></ScalarOperator></Condition><Then><ScalarOperator><Const ConstValue="(-1)"/></ScalarOperator></Then><Else><ScalarOperator><IF><Condition><ScalarOperator><Compare CompareOp="EQ"><ScalarOperator><Identifier><ColumnReference Database="[Buy4_bo]" Schema="[dbo]" Table="[AMR_MOVEMENT]" Alias="[mov]" Column="BUY4_MOVEMENT_CATEGORY"/></Identifier></ScalarOperator><ScalarOperator><Const ConstValue="(25)"/></ScalarOperator></Compare></ScalarOperator></Condition><Then><ScalarOperator><Const ConstValue="(-1)"/></ScalarOperator></Then><Else><ScalarOperator><Const ConstValue="(1)"/></ScalarOperator></Else></IF></ScalarOperator></Else></IF></ScalarOperator></Else></IF></ScalarOperator></DefinedValue></DefinedValues><RelOp NodeId="22" PhysicalOp="Nested Loops" LogicalOp="Inner Join" EstimateRows="1" EstimateIO="0" EstimateCPU="4.18e-006" AvgRowSize="52" EstimatedTotalSubtreeCost="0.10715" Parallel="0" EstimateRebinds="0" EstimateRewinds="0" EstimatedExecutionMode="Row"><OutputList><ColumnReference Database="[Buy4_bo]" Schema="[dbo]" Table="[AMR_MOVEMENT]" Alias="[mov]" Column="ID_MOVEMENT"/><ColumnReference Database="[Buy4_bo]" Schema="[dbo]" Table="[AMR_MOVEMENT]" Alias="[mov]" Column="ID_PRODUCT"/><ColumnReference Database="[Buy4_bo]" Schema="[dbo]" Table="[AMR_MOVEMENT]" Alias="[mov]" Column="ID_MERCHANT"/><ColumnReference Database="[Buy4_bo]" Schema="[dbo]" Table="[AMR_MOVEMENT]" Alias="[mov]" Column="OPERATION_CODE"/><ColumnReference Database="[Buy4_bo]" Schema="[dbo]" Table="[AMR_MOVEMENT]" Alias="[mov]" Column="DUE_DATE"/><ColumnReference Database="[Buy4_bo]" Schema="[dbo]" Table="[AMR_MOVEMENT]" Alias="[mov]" Column="AMOUNT"/><ColumnReference Database="[Buy4_bo]" Schema="[dbo]" Table="[AMR_MOVEMENT]" Alias="[mov]" Column="ID_PAYMENT_OWNER"/><ColumnReference Database="[Buy4_bo]" Schema="[dbo]" Table="[AMR_MOVEMENT]" Alias="[mov]" Column="BUY4_MOVEMENT_CATEGORY"/></OutputList><NestedLoops Optimized="0"><OuterReferences><ColumnReference Database="[Buy4_bo]" Schema="[dbo]" Table="[AMR_MERCHANT]" Alias="[mer]" Column="ID_MERCHANT"/></OuterReferences><RelOp NodeId="23" PhysicalOp="Index Seek" LogicalOp="Index Seek" EstimateRows="1" EstimateIO="0.003125" EstimateCPU="0.0001581" AvgRowSize="12" EstimatedTotalSubtreeCost="0.0032831" TableCardinality="45007" Parallel="0" EstimateRebinds="0" EstimateRewinds="0" EstimatedExecutionMode="Row"><OutputList><ColumnReference Database="[Buy4_bo]" Schema="[dbo]" Table="[AMR_MERCHANT]" Alias="[mer]" Column="ID_MERCHANT"/></OutputList><IndexScan Ordered="1" ScanDirection="FORWARD" ForcedIndex="0" ForceSeek="0" ForceScan="0" NoExpandHint="0" Storage="RowStore"><DefinedValues><DefinedValue><ColumnReference Database="[Buy4_bo]" Schema="[dbo]" Table="[AMR_MERCHANT]" Alias="[mer]" Column="ID_MERCHANT"/></DefinedValue></DefinedValues><Object Database="[Buy4_bo]" Schema="[dbo]" Table="[AMR_MERCHANT]" Index="[UQ__AMR_MERC__5452827A201EE55F]" Alias="[mer]" TableReferenceId="1" IndexKind="NonClustered" Storage="RowStore"/><SeekPredicates><SeekPredicateNew><SeekKeys><Prefix ScanType="EQ"><RangeColumns><ColumnReference Database="[Buy4_bo]" Schema="[dbo]" Table="[AMR_MERCHANT]" Alias="[mer]" Column="MERCHANT_IDENTIFIER"/></RangeColumns><RangeExpressions><ScalarOperator ScalarString="[@stonecode]"><Identifier><ColumnReference Column="@stonecode"/></Identifier></ScalarOperator></RangeExpressions></Prefix></SeekKeys></SeekPredicateNew></SeekPredicates></IndexScan></RelOp><RelOp NodeId="24" PhysicalOp="Index Seek" LogicalOp="Index Seek" EstimateRows="1" EstimateIO="0.0742361" EstimateCPU="0.00947214" AvgRowSize="66" EstimatedTotalSubtreeCost="0.0837082" TableCardinality="5.38322e+008" Parallel="0" EstimateRebinds="0" EstimateRewinds="0" EstimatedExecutionMode="Row"><OutputList><ColumnReference Database="[Buy4_bo]" Schema="[dbo]" Table="[AMR_MOVEMENT]" Alias="[mov]" Column="ID_MOVEMENT"/><ColumnReference Database="[Buy4_bo]" Schema="[dbo]" Table="[AMR_MOVEMENT]" Alias="[mov]" Column="ID_PRODUCT"/><ColumnReference Database="[Buy4_bo]" Schema="[dbo]" Table="[AMR_MOVEMENT]" Alias="[mov]" Column="ID_MERCHANT"/><ColumnReference Database="[Buy4_bo]" Schema="[dbo]" Table="[AMR_MOVEMENT]" Alias="[mov]" Column="OPERATION_CODE"/><ColumnReference Database="[Buy4_bo]" Schema="[dbo]" Table="[AMR_MOVEMENT]" Alias="[mov]" Column="DUE_DATE"/><ColumnReference Database="[Buy4_bo]" Schema="[dbo]" Table="[AMR_MOVEMENT]" Alias="[mov]" Column="AMOUNT"/><ColumnReference Database="[Buy4_bo]" Schema="[dbo]" Table="[AMR_MOVEMENT]" Alias="[mov]" Column="ID_PAYMENT_OWNER"/><ColumnReference Database="[Buy4_bo]" Schema="[dbo]" Table="[AMR_MOVEMENT]" Alias="[mov]" Column="BUY4_MOVEMENT_CATEGORY"/></OutputList><IndexScan Ordered="1" ScanDirection="FORWARD" ForcedIndex="0" ForceSeek="0" ForceScan="0" NoExpandHint="0" Storage="RowStore"><DefinedValues><DefinedValue><ColumnReference Database="[Buy4_bo]" Schema="[dbo]" Table="[AMR_MOVEMENT]" Alias="[mov]" Column="ID_MOVEMENT"/></DefinedValue><DefinedValue><ColumnReference Database="[Buy4_bo]" Schema="[dbo]" Table="[AMR_MOVEMENT]" Alias="[mov]" Column="ID_PRODUCT"/></DefinedValue><DefinedValue><ColumnReference Database="[Buy4_bo]" Schema="[dbo]" Table="[AMR_MOVEMENT]" Alias="[mov]" Column="ID_MERCHANT"/></DefinedValue><DefinedValue><ColumnReference Database="[Buy4_bo]" Schema="[dbo]" Table="[AMR_MOVEMENT]" Alias="[mov]" Column="OPERATION_CODE"/></DefinedValue><DefinedValue><ColumnReference Database="[Buy4_bo]" Schema="[dbo]" Table="[AMR_MOVEMENT]" Alias="[mov]" Column="DUE_DATE"/></DefinedValue><DefinedValue><ColumnReference Database="[Buy4_bo]" Schema="[dbo]" Table="[AMR_MOVEMENT]" Alias="[mov]" Column="AMOUNT"/></DefinedValue><DefinedValue><ColumnReference Database="[Buy4_bo]" Schema="[dbo]" Table="[AMR_MOVEMENT]" Alias="[mov]" Column="ID_PAYMENT_OWNER"/></DefinedValue><DefinedValue><ColumnReference Database="[Buy4_bo]" Schema="[dbo]" Table="[AMR_MOVEMENT]" Alias="[mov]" Column="BUY4_MOVEMENT_CATEGORY"/></DefinedValue></DefinedValues><Object Database="[Buy4_bo]" Schema="[dbo]" Table="[AMR_MOVEMENT]" Index="[IX_AMR_MOVEMENT_ID_MERCHANT_ID_ORIGINAL_MOVEMENT_BUY4_MOVEMENT_CATEGORY_SETTLEMENT_DATE_MOVEMENT_TYPE_ID_MOVEMENT_OPERATION_CODE]" Alias="[mov]" TableReferenceId="1" IndexKind="NonClustered" Storage="RowStore"/><SeekPredicates><SeekPredicateNew><SeekKeys><Prefix ScanType="EQ"><RangeColumns><ColumnReference Database="[Buy4_bo]" Schema="[dbo]" Table="[AMR_MOVEMENT]" Alias="[mov]" Column="ID_MERCHANT"/><ColumnReference Database="[Buy4_bo]" Schema="[dbo]" Table="[AMR_MOVEMENT]" Alias="[mov]" Column="ID_ORIGINAL_MOVEMENT"/></RangeColumns><RangeExpressions><ScalarOperator ScalarString="[Buy4_bo].[dbo].[AMR_MERCHANT].[ID_MERCHANT] as [mer].[ID_MERCHANT]"><Identifier><ColumnReference Database="[Buy4_bo]" Schema="[dbo]" Table="[AMR_MERCHANT]" Alias="[mer]" Column="ID_MERCHANT"/></Identifier></ScalarOperator><ScalarOperator ScalarString="NULL"><Const ConstValue="NULL"/></ScalarOperator></RangeExpressions></Prefix></SeekKeys></SeekPredicateNew></SeekPredicates><Predicate><ScalarOperator ScalarString="[Buy4_bo].[dbo].[AMR_MOVEMENT].[SETTLEMENT_DATE] as [mov].[SETTLEMENT_DATE] IS NULL AND CONVERT(date,[Buy4_bo].[dbo].[AMR_MOVEMENT].[DUE_DATE] as [mov].[DUE_DATE],0)=&apos;2017-01-02&apos; AND ([Buy4_bo].[dbo].[AMR_MOVEMENT].[ID_PAYMENT_OWNER] as [mov].[ID_PAYMENT_OWNER] IS NULL OR [Buy4_bo].[dbo].[AMR_MOVEMENT].[ID_MERCHANT] as [mov].[ID_MERCHANT]=[Buy4_bo].[dbo].[AMR_MOVEMENT].[ID_PAYMENT_OWNER] as [mov].[ID_PAYMENT_OWNER]) AND ([Buy4_bo].[dbo].[AMR_MOVEMENT].[MOVEMENT_TYPE] as [mov].[MOVEMENT_TYPE]=(3.) OR [Buy4_bo].[dbo].[AMR_MOVEMENT].[MOVEMENT_TYPE] as [mov].[MOVEMENT_TYPE]=(4.))"><Logical Operation="AND"><ScalarOperator><Compare CompareOp="IS"><ScalarOperator><Identifier><ColumnReference Database="[Buy4_bo]" Schema="[dbo]" Table="[AMR_MOVEMENT]" Alias="[mov]" Column="SETTLEMENT_DATE"/></Identifier></ScalarOperator><ScalarOperator><Const ConstValue="NULL"/></ScalarOperator></Compare></ScalarOperator><ScalarOperator><Compare CompareOp="EQ"><ScalarOperator><Convert DataType="date" Style="0" Implicit="0"><ScalarOperator><Identifier><ColumnReference Database="[Buy4_bo]" Schema="[dbo]" Table="[AMR_MOVEMENT]" Alias="[mov]" Column="DUE_DATE"/></Identifier></ScalarOperator></Convert></ScalarOperator><ScalarOperator><Const ConstValue="&apos;2017-01-02&apos;"/></ScalarOperator></Compare></ScalarOperator><ScalarOperator><Logical Operation="OR"><ScalarOperator><Compare CompareOp="IS"><ScalarOperator><Identifier><ColumnReference Database="[Buy4_bo]" Schema="[dbo]" Table="[AMR_MOVEMENT]" Alias="[mov]" Column="ID_PAYMENT_OWNER"/></Identifier></ScalarOperator><ScalarOperator><Const ConstValue="NULL"/></ScalarOperator></Compare></ScalarOperator><ScalarOperator><Compare CompareOp="EQ"><ScalarOperator><Identifier><ColumnReference Database="[Buy4_bo]" Schema="[dbo]" Table="[AMR_MOVEMENT]" Alias="[mov]" Column="ID_MERCHANT"/></Identifier></ScalarOperator><ScalarOperator><Identifier><ColumnReference Database="[Buy4_bo]" Schema="[dbo]" Table="[AMR_MOVEMENT]" Alias="[mov]" Column="ID_PAYMENT_OWNER"/></Identifier></ScalarOperator></Compare></ScalarOperator></Logical></ScalarOperator><ScalarOperator><Logical Operation="OR"><ScalarOperator><Compare CompareOp="EQ"><ScalarOperator><Identifier><ColumnReference Database="[Buy4_bo]" Schema="[dbo]" Table="[AMR_MOVEMENT]" Alias="[mov]" Column="MOVEMENT_TYPE"/></Identifier></ScalarOperator><ScalarOperator><Const ConstValue="(3.)"/></ScalarOperator></Compare></ScalarOperator><ScalarOperator><Compare CompareOp="EQ"><ScalarOperator><Identifier><ColumnReference Database="[Buy4_bo]" Schema="[dbo]" Table="[AMR_MOVEMENT]" Alias="[mov]" Column="MOVEMENT_TYPE"/></Identifier></ScalarOperator><ScalarOperator><Const ConstValue="(4.)"/></ScalarOperator></Compare></ScalarOperator></Logical></ScalarOperator></Logical></ScalarOperator></Predicate></IndexScan></RelOp></NestedLoops></RelOp></ComputeScalar></RelOp><RelOp NodeId="34" PhysicalOp="Index Seek" LogicalOp="Index Seek" EstimateRows="1" EstimateIO="0.003125" EstimateCPU="0.0001581" AvgRowSize="12" EstimatedTotalSubtreeCost="0.0032831" TableCardinality="5.35922e+008" Parallel="0" EstimateRebinds="0" EstimateRewinds="0" EstimatedExecutionMode="Row"><OutputList><ColumnReference Database="[Buy4_bo]" Schema="[dbo]" Table="[ATX_TX_MOVEMENT_DETAIL]" Alias="[movd]" Column="ID_CONFIRMED_TRANSACTION"/></OutputList><IndexScan Ordered="1" ScanDirection="FORWARD" ForcedIndex="0" ForceSeek="0" ForceScan="0" NoExpandHint="0" Storage="RowStore"><DefinedValues><DefinedValue><ColumnReference Database="[Buy4_bo]" Schema="[dbo]" Table="[ATX_TX_MOVEMENT_DETAIL]" Alias="[movd]" Column="ID_CONFIRMED_TRANSACTION"/></DefinedValue></DefinedValues><Object Database="[Buy4_bo]" Schema="[dbo]" Table="[ATX_TX_MOVEMENT_DETAIL]" Index="[ix_idMovement_idConfirmedTransaction]" Alias="[movd]" TableReferenceId="1" IndexKind="NonClustered" Storage="RowStore"/><SeekPredicates><SeekPredicateNew><SeekKeys><Prefix ScanType="EQ"><RangeColumns><ColumnReference Database="[Buy4_bo]" Schema="[dbo]" Table="[ATX_TX_MOVEMENT_DETAIL]" Alias="[movd]" Column="ID_MOVEMENT"/></RangeColumns><RangeExpressions><ScalarOperator ScalarString="[Buy4_bo].[dbo].[AMR_MOVEMENT].[ID_MOVEMENT] as [mov].[ID_MOVEMENT]"><Identifier><ColumnReference Database="[Buy4_bo]" Schema="[dbo]" Table="[AMR_MOVEMENT]" Alias="[mov]" Column="ID_MOVEMENT"/></Identifier></ScalarOperator></RangeExpressions></Prefix></SeekKeys></SeekPredicateNew></SeekPredicates></IndexScan></RelOp></NestedLoops></RelOp><RelOp NodeId="35" PhysicalOp="Clustered Index Seek" LogicalOp="Clustered Index Seek" EstimateRows="1" EstimateIO="0.003125" EstimateCPU="0.0001581" AvgRowSize="115" EstimatedTotalSubtreeCost="0.0032831" TableCardinality="1.50595e+008" Parallel="0" EstimateRebinds="0" EstimateRewinds="1.67766e-008" EstimatedExecutionMode="Row"><OutputList><ColumnReference Database="[Buy4_bo]" Schema="[dbo]" Table="[ATX_CONFIRMED_TRANSACTION]" Alias="[act]" Column="ID_CONFIRMED_TRANSACTION"/><ColumnReference Database="[Buy4_bo]" Schema="[dbo]" Table="[ATX_CONFIRMED_TRANSACTION]" Alias="[act]" Column="ORIGINAL_AMOUNT"/><ColumnReference Database="[Buy4_bo]" Schema="[dbo]" Table="[ATX_CONFIRMED_TRANSACTION]" Alias="[act]" Column="PRESENTATION_DATE"/><ColumnReference Database="[Buy4_bo]" Schema="[dbo]" Table="[ATX_CONFIRMED_TRANSACTION]" Alias="[act]" Column="ID_SALE_PLAN"/><ColumnReference Database="[Buy4_bo]" Schema="[dbo]" Table="[ATX_CONFIRMED_TRANSACTION]" Alias="[act]" Column="OUTGOING_STATUS"/><ColumnReference Database="[Buy4_bo]" Schema="[dbo]" Table="[ATX_CONFIRMED_TRANSACTION]" Alias="[act]" Column="TERMINAL_CODE"/><ColumnReference Database="[Buy4_bo]" Schema="[dbo]" Table="[ATX_CONFIRMED_TRANSACTION]" Alias="[act]" Column="ID_TRANSACTION_STATUS"/><ColumnReference Database="[Buy4_bo]" Schema="[dbo]" Table="[ATX_CONFIRMED_TRANSACTION]" Alias="[act]" Column="INSTALLMENT_NUMBER"/><ColumnReference Database="[Buy4_bo]" Schema="[dbo]" Table="[ATX_CONFIRMED_TRANSACTION]" Alias="[act]" Column="TRANSACTION_MASKED_PAN"/><ColumnReference Database="[Buy4_bo]" Schema="[dbo]" Table="[ATX_CONFIRMED_TRANSACTION]" Alias="[act]" Column="ACQUIRER_TRANSACTION_KEY"/></OutputList><IndexScan Ordered="1" ScanDirection="FORWARD" ForcedIndex="0" ForceSeek="0" ForceScan="0" NoExpandHint="0" Storage="RowStore"><DefinedValues><DefinedValue><ColumnReference Database="[Buy4_bo]" Schema="[dbo]" Table="[ATX_CONFIRMED_TRANSACTION]" Alias="[act]" Column="ID_CONFIRMED_TRANSACTION"/></DefinedValue><DefinedValue><ColumnReference Database="[Buy4_bo]" Schema="[dbo]" Table="[ATX_CONFIRMED_TRANSACTION]" Alias="[act]" Column="ORIGINAL_AMOUNT"/></DefinedValue><DefinedValue><ColumnReference Database="[Buy4_bo]" Schema="[dbo]" Table="[ATX_CONFIRMED_TRANSACTION]" Alias="[act]" Column="PRESENTATION_DATE"/></DefinedValue><DefinedValue><ColumnReference Database="[Buy4_bo]" Schema="[dbo]" Table="[ATX_CONFIRMED_TRANSACTION]" Alias="[act]" Column="ID_SALE_PLAN"/></DefinedValue><DefinedValue><ColumnReference Database="[Buy4_bo]" Schema="[dbo]" Table="[ATX_CONFIRMED_TRANSACTION]" Alias="[act]" Column="OUTGOING_STATUS"/></DefinedValue><DefinedValue><ColumnReference Database="[Buy4_bo]" Schema="[dbo]" Table="[ATX_CONFIRMED_TRANSACTION]" Alias="[act]" Column="TERMINAL_CODE"/></DefinedValue><DefinedValue><ColumnReference Database="[Buy4_bo]" Schema="[dbo]" Table="[ATX_CONFIRMED_TRANSACTION]" Alias="[act]" Column="ID_TRANSACTION_STATUS"/></DefinedValue><DefinedValue><ColumnReference Database="[Buy4_bo]" Schema="[dbo]" Table="[ATX_CONFIRMED_TRANSACTION]" Alias="[act]" Column="INSTALLMENT_NUMBER"/></DefinedValue><DefinedValue><ColumnReference Database="[Buy4_bo]" Schema="[dbo]" Table="[ATX_CONFIRMED_TRANSACTION]" Alias="[act]" Column="TRANSACTION_MASKED_PAN"/></DefinedValue><DefinedValue><ColumnReference Database="[Buy4_bo]" Schema="[dbo]" Table="[ATX_CONFIRMED_TRANSACTION]" Alias="[act]" Column="ACQUIRER_TRANSACTION_KEY"/></DefinedValue></DefinedValues><Object Database="[Buy4_bo]" Schema="[dbo]" Table="[ATX_CONFIRMED_TRANSACTION]" Index="[PK_MTRANSACTION]" Alias="[act]" TableReferenceId="1" IndexKind="Clustered" Storage="RowStore"/><SeekPredicates><SeekPredicateNew><SeekKeys><Prefix ScanType="EQ"><RangeColumns><ColumnReference Database="[Buy4_bo]" Schema="[dbo]" Table="[ATX_CONFIRMED_TRANSACTION]" Alias="[act]" Column="ID_CONFIRMED_TRANSACTION"/></RangeColumns><RangeExpressions><ScalarOperator ScalarString="[Buy4_bo].[dbo].[ATX_TX_MOVEMENT_DETAIL].[ID_CONFIRMED_TRANSACTION] as [movd].[ID_CONFIRMED_TRANSACTION]"><Identifier><ColumnReference Database="[Buy4_bo]" Schema="[dbo]" Table="[ATX_TX_MOVEMENT_DETAIL]" Alias="[movd]" Column="ID_CONFIRMED_TRANSACTION"/></Identifier></ScalarOperator></RangeExpressions></Prefix></SeekKeys></SeekPredicateNew></SeekPredicates></IndexScan></RelOp></NestedLoops></RelOp><RelOp NodeId="36" PhysicalOp="Index Seek" LogicalOp="Index Seek" EstimateRows="1" EstimateIO="0.003125" EstimateCPU="0.0001581" AvgRowSize="16" EstimatedTotalSubtreeCost="0.0032831" TableCardinality="872" Parallel="0" EstimateRebinds="0" EstimateRewinds="1.67766e-008" EstimatedExecutionMode="Row"><OutputList><ColumnReference Column="Bmk1003"/><ColumnReference Column="IsBaseRow1004"/></OutputList><IndexScan Ordered="1" ScanDirection="FORWARD" ForcedIndex="0" ForceSeek="0" ForceScan="0" NoExpandHint="0" Storage="RowStore"><DefinedValues><DefinedValue><ColumnReference Column="Bmk1003"/></DefinedValue><DefinedValue><ColumnReference Column="IsBaseRow1004"/></DefinedValue></DefinedValues><Object Database="[Buy4_bo]" Schema="[dbo]" Table="[ABC_SALE_PLAN]" Index="[PK_MSALE_PLAN]" Alias="[sp]" TableReferenceId="1" IndexKind="NonClustered" Storage="RowStore"/><SeekPredicates><SeekPredicateNew><SeekKeys><Prefix ScanType="EQ"><RangeColumns><ColumnReference Database="[Buy4_bo]" Schema="[dbo]" Table="[ABC_SALE_PLAN]" Alias="[sp]" Column="ID_SALE_PLAN"/></RangeColumns><RangeExpressions><ScalarOperator ScalarString="[Buy4_bo].[dbo].[ATX_CONFIRMED_TRANSACTION].[ID_SALE_PLAN] as [act].[ID_SALE_PLAN]"><Identifier><ColumnReference Database="[Buy4_bo]" Schema="[dbo]" Table="[ATX_CONFIRMED_TRANSACTION]" Alias="[act]" Column="ID_SALE_PLAN"/></Identifier></ScalarOperator></RangeExpressions></Prefix></SeekKeys></SeekPredicateNew></SeekPredicates></IndexScan></RelOp></NestedLoops></RelOp><RelOp NodeId="38" PhysicalOp="RID Lookup" LogicalOp="RID Lookup" EstimateRows="1" EstimateIO="0.003125" EstimateCPU="0.0001581" AvgRowSize="12" EstimatedTotalSubtreeCost="0.0032831" TableCardinality="872" Parallel="0" EstimateRebinds="1.67766e-008" EstimateRewinds="0" EstimatedExecutionMode="Row"><OutputList><ColumnReference Database="[Buy4_bo]" Schema="[dbo]" Table="[ABC_SALE_PLAN]" Alias="[sp]" Column="INSTALLMENTS"/></OutputList><IndexScan Lookup="1" Ordered="1" ScanDirection="FORWARD" ForcedIndex="0" ForceSeek="0" ForceScan="0" NoExpandHint="0" Storage="RowStore"><DefinedValues><DefinedValue><ColumnReference Database="[Buy4_bo]" Schema="[dbo]" Table="[ABC_SALE_PLAN]" Alias="[sp]" Column="INSTALLMENTS"/></DefinedValue></DefinedValues><Object Database="[Buy4_bo]" Schema="[dbo]" Table="[ABC_SALE_PLAN]" Alias="[sp]" TableReferenceId="-1" IndexKind="Heap" Storage="RowStore"/><SeekPredicates><SeekPredicateNew><SeekKeys><Prefix ScanType="EQ"><RangeColumns><ColumnReference Column="Bmk1003"/></RangeColumns><RangeExpressions><ScalarOperator ScalarString="[Bmk1003]"><Identifier><ColumnReference Column="Bmk1003"/></Identifier></ScalarOperator></RangeExpressions></Prefix></SeekKeys></SeekPredicateNew></SeekPredicates></IndexScan></RelOp></NestedLoops></RelOp><RelOp NodeId="42" PhysicalOp="Clustered Index Seek" LogicalOp="Clustered Index Seek" EstimateRows="1" EstimateIO="0.003125" EstimateCPU="0.0001581" AvgRowSize="17" EstimatedTotalSubtreeCost="0.0032831" TableCardinality="345" Parallel="0" EstimateRebinds="0" EstimateRewinds="1.67766e-008" EstimatedExecutionMode="Row"><OutputList><ColumnReference Database="[Buy4_bo]" Schema="[dbo]" Table="[ABC_PRODUCT]" Alias="[p]" Column="PRODUCT_TYPE"/><ColumnReference Database="[Buy4_bo]" Schema="[dbo]" Table="[ABC_PRODUCT]" Alias="[p]" Column="ID_BRAND"/></OutputList><IndexScan Ordered="1" ScanDirection="FORWARD" ForcedIndex="0" ForceSeek="0" ForceScan="0" NoExpandHint="0" Storage="RowStore"><DefinedValues><DefinedValue><ColumnReference Database="[Buy4_bo]" Schema="[dbo]" Table="[ABC_PRODUCT]" Alias="[p]" Column="PRODUCT_TYPE"/></DefinedValue><DefinedValue><ColumnReference Database="[Buy4_bo]" Schema="[dbo]" Table="[ABC_PRODUCT]" Alias="[p]" Column="ID_BRAND"/></DefinedValue></DefinedValues><Object Database="[Buy4_bo]" Schema="[dbo]" Table="[ABC_PRODUCT]" Index="[PK_SUB_PRODUCT]" Alias="[p]" TableReferenceId="1" IndexKind="Clustered" Storage="RowStore"/><SeekPredicates><SeekPredicateNew><SeekKeys><Prefix ScanType="EQ"><RangeColumns><ColumnReference Database="[Buy4_bo]" Schema="[dbo]" Table="[ABC_PRODUCT]" Alias="[p]" Column="ID_PRODUCT"/></RangeColumns><RangeExpressions><ScalarOperator ScalarString="[Buy4_bo].[dbo].[AMR_MOVEMENT].[ID_PRODUCT] as [mov].[ID_PRODUCT]"><Identifier><ColumnReference Database="[Buy4_bo]" Schema="[dbo]" Table="[AMR_MOVEMENT]" Alias="[mov]" Column="ID_PRODUCT"/></Identifier></ScalarOperator></RangeExpressions></Prefix></SeekKeys></SeekPredicateNew></SeekPredicates></IndexScan></RelOp></NestedLoops></RelOp><RelOp NodeId="43" PhysicalOp="Index Seek" LogicalOp="Index Seek" EstimateRows="1.12613" EstimateIO="0.003125" EstimateCPU="0.000158239" AvgRowSize="16" EstimatedTotalSubtreeCost="0.00328324" TableCardinality="75506" Parallel="0" EstimateRebinds="0" EstimateRewinds="1.67766e-008" EstimatedExecutionMode="Row"><OutputList><ColumnReference Column="Bmk1007"/><ColumnReference Column="IsBaseRow1008"/></OutputList><IndexScan Ordered="1" ScanDirection="FORWARD" ForcedIndex="0" ForceSeek="0" ForceScan="0" NoExpandHint="0" Storage="RowStore"><DefinedValues><DefinedValue><ColumnReference Column="Bmk1007"/></DefinedValue><DefinedValue><ColumnReference Column="IsBaseRow1008"/></DefinedValue></DefinedValues><Object Database="[Buy4_bo]" Schema="[dbo]" Table="[ABC_TERMINAL]" Index="[Idx_TerminalCode]" Alias="[abc_t]" TableReferenceId="1" IndexKind="NonClustered" Storage="RowStore"/><SeekPredicates><SeekPredicateNew><SeekKeys><Prefix ScanType="EQ"><RangeColumns><ColumnReference Database="[Buy4_bo]" Schema="[dbo]" Table="[ABC_TERMINAL]" Alias="[abc_t]" Column="TERMINAL_CODE"/></RangeColumns><RangeExpressions><ScalarOperator ScalarString="[Buy4_bo].[dbo].[ATX_CONFIRMED_TRANSACTION].[TERMINAL_CODE] as [act].[TERMINAL_CODE]"><Identifier><ColumnReference Database="[Buy4_bo]" Schema="[dbo]" Table="[ATX_CONFIRMED_TRANSACTION]" Alias="[act]" Column="TERMINAL_CODE"/></Identifier></ScalarOperator></RangeExpressions></Prefix></SeekKeys></SeekPredicateNew></SeekPredicates></IndexScan></RelOp></NestedLoops></RelOp><RelOp NodeId="45" PhysicalOp="RID Lookup" LogicalOp="RID Lookup" EstimateRows="1" EstimateIO="0.003125" EstimateCPU="0.0001581" AvgRowSize="12" EstimatedTotalSubtreeCost="0.00340757" TableCardinality="75506" Parallel="0" EstimateRebinds="0.133364" EstimateRewinds="0" EstimatedExecutionMode="Row"><OutputList><ColumnReference Database="[Buy4_bo]" Schema="[dbo]" Table="[ABC_TERMINAL]" Alias="[abc_t]" Column="ID_TERMINAL"/></OutputList><IndexScan Lookup="1" Ordered="1" ScanDirection="FORWARD" ForcedIndex="0" ForceSeek="0" ForceScan="0" NoExpandHint="0" Storage="RowStore"><DefinedValues><DefinedValue><ColumnReference Database="[Buy4_bo]" Schema="[dbo]" Table="[ABC_TERMINAL]" Alias="[abc_t]" Column="ID_TERMINAL"/></DefinedValue></DefinedValues><Object Database="[Buy4_bo]" Schema="[dbo]" Table="[ABC_TERMINAL]" Alias="[abc_t]" TableReferenceId="-1" IndexKind="Heap" Storage="RowStore"/><SeekPredicates><SeekPredicateNew><SeekKeys><Prefix ScanType="EQ"><RangeColumns><ColumnReference Column="Bmk1007"/></RangeColumns><RangeExpressions><ScalarOperator ScalarString="[Bmk1007]"><Identifier><ColumnReference Column="Bmk1007"/></Identifier></ScalarOperator></RangeExpressions></Prefix></SeekKeys></SeekPredicateNew></SeekPredicates></IndexScan></RelOp></NestedLoops></RelOp><RelOp NodeId="49" PhysicalOp="Index Seek" LogicalOp="Index Seek" EstimateRows="1.12692" EstimateIO="0.003125" EstimateCPU="0.00015824" AvgRowSize="23" EstimatedTotalSubtreeCost="0.00330434" TableCardinality="75514" Parallel="0" EstimateRebinds="0" EstimateRewinds="0.133364" EstimatedExecutionMode="Row"><OutputList><ColumnReference Database="[Buy4_bo]" Schema="[dbo]" Table="[BUY4_TERMINAL]" Alias="[bt]" Column="Buy4TerminalId"/></OutputList><IndexScan Ordered="1" ScanDirection="FORWARD" ForcedIndex="0" ForceSeek="0" ForceScan="0" NoExpandHint="0" Storage="RowStore"><DefinedValues><DefinedValue><ColumnReference Database="[Buy4_bo]" Schema="[dbo]" Table="[BUY4_TERMINAL]" Alias="[bt]" Column="Buy4TerminalId"/></DefinedValue></DefinedValues><Object Database="[Buy4_bo]" Schema="[dbo]" Table="[BUY4_TERMINAL]" Index="[idx_TerminalId]" Alias="[bt]" TableReferenceId="1" IndexKind="NonClustered" Storage="RowStore"/><SeekPredicates><SeekPredicateNew><SeekKeys><Prefix ScanType="EQ"><RangeColumns><ColumnReference Database="[Buy4_bo]" Schema="[dbo]" Table="[BUY4_TERMINAL]" Alias="[bt]" Column="TerminalId"/></RangeColumns><RangeExpressions><ScalarOperator ScalarString="[Buy4_bo].[dbo].[ABC_TERMINAL].[ID_TERMINAL] as [abc_t].[ID_TERMINAL]"><Identifier><ColumnReference Database="[Buy4_bo]" Schema="[dbo]" Table="[ABC_TERMINAL]" Alias="[abc_t]" Column="ID_TERMINAL"/></Identifier></ScalarOperator></RangeExpressions></Prefix></SeekKeys></SeekPredicateNew></SeekPredicates></IndexScan></RelOp></NestedLoops></RelOp></ComputeScalar></RelOp><RelOp NodeId="53" PhysicalOp="Index Seek" LogicalOp="Index Seek" EstimateRows="1" EstimateIO="0.003125" EstimateCPU="0.0001581" AvgRowSize="11" EstimatedTotalSubtreeCost="0.00332809" TableCardinality="75484" Parallel="0" EstimateRebinds="0" EstimateRewinds="0.284589" EstimatedExecutionMode="Row"><OutputList><ColumnReference Database="[Buy4]" Schema="[dbo]" Table="[CaptureMethod]" Alias="[cm]" Column="Id"/></OutputList><IndexScan Ordered="1" ScanDirection="FORWARD" ForcedIndex="0" ForceSeek="0" ForceScan="0" NoExpandHint="0" Storage="RowStore"><DefinedValues><DefinedValue><ColumnReference Database="[Buy4]" Schema="[dbo]" Table="[CaptureMethod]" Alias="[cm]" Column="Id"/></DefinedValue></DefinedValues><Object Database="[Buy4]" Schema="[dbo]" Table="[CaptureMethod]" Index="[Idx_CaptureMethodKey]" Alias="[cm]" TableReferenceId="1" IndexKind="NonClustered" Storage="RowStore"/><SeekPredicates><SeekPredicateNew><SeekKeys><Prefix ScanType="EQ"><RangeColumns><ColumnReference Database="[Buy4]" Schema="[dbo]" Table="[CaptureMethod]" Alias="[cm]" Column="CaptureMethodKey"/></RangeColumns><RangeExpressions><ScalarOperator ScalarString="[Expr1067]"><Identifier><ColumnReference Column="Expr1067"/></Identifier></ScalarOperator></RangeExpressions></Prefix></SeekKeys></SeekPredicateNew></SeekPredicates></IndexScan></RelOp></NestedLoops></RelOp><RelOp NodeId="54" PhysicalOp="Clustered Index Seek" LogicalOp="Clustered Index Seek" EstimateRows="1" EstimateIO="0.003125" EstimateCPU="0.0001581" AvgRowSize="19" EstimatedTotalSubtreeCost="0.00363716" TableCardinality="75458" Parallel="0" EstimateRebinds="0.284079" EstimateRewinds="0" EstimatedExecutionMode="Row"><OutputList><ColumnReference Database="[Buy4]" Schema="[dbo]" Table="[AllocatedCaptureMethod]" Alias="[acm]" Column="SerialNumber"/></OutputList><IndexScan Ordered="1" ScanDirection="FORWARD" ForcedIndex="0" ForceSeek="0" ForceScan="0" NoExpandHint="0" Storage="RowStore"><DefinedValues><DefinedValue><ColumnReference Database="[Buy4]" Schema="[dbo]" Table="[AllocatedCaptureMethod]" Alias="[acm]" Column="SerialNumber"/></DefinedValue></DefinedValues><Object Database="[Buy4]" Schema="[dbo]" Table="[AllocatedCaptureMethod]" Index="[PK__Allocate__DF43794106240423]" Alias="[acm]" TableReferenceId="1" IndexKind="Clustered" Storage="RowStore"/><SeekPredicates><SeekPredicateNew><SeekKeys><Prefix ScanType="EQ"><RangeColumns><ColumnReference Database="[Buy4]" Schema="[dbo]" Table="[AllocatedCaptureMethod]" Alias="[acm]" Column="MerchantCaptureMethodId"/></RangeColumns><RangeExpressions><ScalarOperator ScalarString="[Buy4].[dbo].[CaptureMethod].[Id] as [cm].[Id]"><Identifier><ColumnReference Database="[Buy4]" Schema="[dbo]" Table="[CaptureMethod]" Alias="[cm]" Column="Id"/></Identifier></ScalarOperator></RangeExpressions></Prefix></SeekKeys></SeekPredicateNew></SeekPredicates></IndexScan></RelOp></NestedLoops></RelOp></Sort></RelOp></StreamAggregate></RelOp></ComputeScalar></RelOp></ComputeScalar></RelOp><RelOp NodeId="90" PhysicalOp="Compute Scalar" LogicalOp="Compute Scalar" EstimateRows="10.2086" EstimateIO="0" EstimateCPU="1.02086e-006" AvgRowSize="205" EstimatedTotalSubtreeCost="0.507166" Parallel="0" EstimateRebinds="0" EstimateRewinds="0" EstimatedExecutionMode="Row"><OutputList><ColumnReference Database="[Buy4_bo]" Schema="[dbo]" Table="[ATX_CONFIRMED_TRANSACTION]" Alias="[act]" Column="PRESENTATION_DATE"/><ColumnReference Database="[Buy4_bo]" Schema="[dbo]" Table="[ATX_CONFIRMED_TRANSACTION]" Alias="[act]" Column="INSTALLMENT_NUMBER"/><ColumnReference Database="[Buy4_bo]" Schema="[dbo]" Table="[ATX_CONFIRMED_TRANSACTION]" Alias="[act]" Column="TRANSACTION_MASKED_PAN"/><ColumnReference Database="[Buy4_bo]" Schema="[dbo]" Table="[ATX_CONFIRMED_TRANSACTION]" Alias="[act]" Column="ACQUIRER_TRANSACTION_KEY"/><ColumnReference Database="[Buy4_bo]" Schema="[dbo]" Table="[ABC_SALE_PLAN]" Alias="[sp]" Column="INSTALLMENTS"/><ColumnReference Database="[Buy4]" Schema="[dbo]" Table="[AllocatedCaptureMethod]" Alias="[acm]" Column="SerialNumber"/><ColumnReference Column="Expr1037"/><ColumnReference Column="Expr1038"/><ColumnReference Column="Expr1039"/><ColumnReference Column="Expr1042"/><ColumnReference Column="Expr1043"/><ColumnReference Column="Expr1044"/><ColumnReference Column="Expr1045"/><ColumnReference Column="Expr1046"/><ColumnReference Column="Expr1047"/></OutputList><ComputeScalar><DefinedValues><DefinedValue><ColumnReference Column="Expr1042"/><ScalarOperator ScalarString="CASE WHEN [Buy4_bo].[dbo].[ABC_PRODUCT].[PRODUCT_TYPE] as [p].[PRODUCT_TYPE]=(1.) THEN &apos;Débito&apos; ELSE CASE WHEN [Buy4_bo].[dbo].[ABC_PRODUCT].[PRODUCT_TYPE] as [p].[PRODUCT_TYPE]=(2.) THEN &apos;Crédito&apos; ELSE &apos;Stone&apos; END END"><IF><Condition><ScalarOperator><Compare CompareOp="EQ"><ScalarOperator><Identifier><ColumnReference Database="[Buy4_bo]" Schema="[dbo]" Table="[ABC_PRODUCT]" Alias="[p]" Column="PRODUCT_TYPE"/></Identifier></ScalarOperator><ScalarOperator><Const ConstValue="(1.)"/></ScalarOperator></Compare></ScalarOperator></Condition><Then><ScalarOperator><Const ConstValue="&apos;Débito&apos;"/></ScalarOperator></Then><Else><ScalarOperator><IF><Condition><ScalarOperator><Compare CompareOp="EQ"><ScalarOperator><Identifier><ColumnReference Database="[Buy4_bo]" Schema="[dbo]" Table="[ABC_PRODUCT]" Alias="[p]" Column="PRODUCT_TYPE"/></Identifier></ScalarOperator><ScalarOperator><Const ConstValue="(2.)"/></ScalarOperator></Compare></ScalarOperator></Condition><Then><ScalarOperator><Const ConstValue="&apos;Crédito&apos;"/></ScalarOperator></Then><Else><ScalarOperator><Const ConstValue="&apos;Stone&apos;"/></ScalarOperator></Else></IF></ScalarOperator></Else></IF></ScalarOperator></DefinedValue><DefinedValue><ColumnReference Column="Expr1043"/><ScalarOperator ScalarString="CASE WHEN [Buy4_bo].[dbo].[ABC_PRODUCT].[ID_BRAND] as [p].[ID_BRAND]=(1.) THEN &apos;Visa&apos; ELSE CASE WHEN [Buy4_bo].[dbo].[ABC_PRODUCT].[ID_BRAND] as [p].[ID_BRAND]=(2.) THEN &apos;MasterCard&apos; ELSE CASE WHEN [Buy4_bo].[dbo].[ABC_PRODUCT].[ID_BRAND] as [p].[ID_BRAND]&gt;=(1001) AND [Buy4_bo].[dbo].[ABC_PRODUCT].[ID_BRAND] as [p].[ID_BRAND]&lt;=(9998) THEN &apos;Boleto&apos; ELSE &apos;Stone&apos; END END END"><IF><Condition><ScalarOperator><Compare CompareOp="EQ"><ScalarOperator><Identifier><ColumnReference Database="[Buy4_bo]" Schema="[dbo]" Table="[ABC_PRODUCT]" Alias="[p]" Column="ID_BRAND"/></Identifier></ScalarOperator><ScalarOperator><Const ConstValue="(1.)"/></ScalarOperator></Compare></ScalarOperator></Condition><Then><ScalarOperator><Const ConstValue="&apos;Visa&apos;"/></ScalarOperator></Then><Else><ScalarOperator><IF><Condition><ScalarOperator><Compare CompareOp="EQ"><ScalarOperator><Identifier><ColumnReference Database="[Buy4_bo]" Schema="[dbo]" Table="[ABC_PRODUCT]" Alias="[p]" Column="ID_BRAND"/></Identifier></ScalarOperator><ScalarOperator><Const ConstValue="(2.)"/></ScalarOperator></Compare></ScalarOperator></Condition><Then><ScalarOperator><Const ConstValue="&apos;MasterCard&apos;"/></ScalarOperator></Then><Else><ScalarOperator><IF><Condition><ScalarOperator><Logical Operation="AND"><ScalarOperator><Compare CompareOp="GE"><ScalarOperator><Identifier><ColumnReference Database="[Buy4_bo]" Schema="[dbo]" Table="[ABC_PRODUCT]" Alias="[p]" Column="ID_BRAND"/></Identifier></ScalarOperator><ScalarOperator><Const ConstValue="(1001)"/></ScalarOperator></Compare></ScalarOperator><ScalarOperator><Compare CompareOp="LE"><ScalarOperator><Identifier><ColumnReference Database="[Buy4_bo]" Schema="[dbo]" Table="[ABC_PRODUCT]" Alias="[p]" Column="ID_BRAND"/></Identifier></ScalarOperator><ScalarOperator><Const ConstValue="(9998)"/></ScalarOperator></Compare></ScalarOperator></Logical></ScalarOperator></Condition><Then><ScalarOperator><Const ConstValue="&apos;Boleto&apos;"/></ScalarOperator></Then><Else><ScalarOperator><Const ConstValue="&apos;Stone&apos;"/></ScalarOperator></Else></IF></ScalarOperator></Else></IF></ScalarOperator></Else></IF></ScalarOperator></DefinedValue><DefinedValue><ColumnReference Column="Expr1044"/><ScalarOperator ScalarString="CONVERT_IMPLICIT(numeric(10,0),[Expr1040],0)*[Expr1041]"><Arithmetic Operation="MULT"><ScalarOperator><Convert DataType="numeric" Precision="10" Scale="0" Style="0" Implicit="1"><ScalarOperator><Identifier><ColumnReference Column="Expr1040"/></Identifier></ScalarOperator></Convert></ScalarOperator><ScalarOperator><Identifier><ColumnReference Column="Expr1041"/></Identifier></ScalarOperator></Arithmetic></ScalarOperator></DefinedValue><DefinedValue><ColumnReference Column="Expr1045"/><ScalarOperator ScalarString="&apos;Compensado&apos;"><Const ConstValue="&apos;Compensado&apos;"/></ScalarOperator></DefinedValue><DefinedValue><ColumnReference Column="Expr1046"/><ScalarOperator ScalarString="CONVERT_IMPLICIT(datetime,[Buy4_bo].[dbo].[BUY4_SETTLEMENT_EVENT].[SettlementDate] as [sett].[SettlementDate],0)"><Convert DataType="datetime" Style="0" Implicit="1"><ScalarOperator><Identifier><ColumnReference Database="[Buy4_bo]" Schema="[dbo]" Table="[BUY4_SETTLEMENT_EVENT]" Alias="[sett]" Column="SettlementDate"/></Identifier></ScalarOperator></Convert></ScalarOperator></DefinedValue><DefinedValue><ColumnReference Column="Expr1047"/><ScalarOperator ScalarString="CONVERT(date,[Buy4_bo].[dbo].[BUY4_SETTLEMENT_EVENT].[SettlementDate] as [sett].[SettlementDate],0)"><Convert DataType="date" Style="0" Implicit="0"><ScalarOperator><Identifier><ColumnReference Database="[Buy4_bo]" Schema="[dbo]" Table="[BUY4_SETTLEMENT_EVENT]" Alias="[sett]" Column="SettlementDate"/></Identifier></ScalarOperator></Convert></ScalarOperator></DefinedValue></DefinedValues><RelOp NodeId="91" PhysicalOp="Compute Scalar" LogicalOp="Compute Scalar" EstimateRows="10.2086" EstimateIO="0" EstimateCPU="1.12512e-005" AvgRowSize="184" EstimatedTotalSubtreeCost="0.507165" Parallel="0" EstimateRebinds="0" EstimateRewinds="0" EstimatedExecutionMode="Row"><OutputList><ColumnReference Database="[Buy4_bo]" Schema="[dbo]" Table="[ATX_CONFIRMED_TRANSACTION]" Alias="[act]" Column="PRESENTATION_DATE"/><ColumnReference Database="[Buy4_bo]" Schema="[dbo]" Table="[ATX_CONFIRMED_TRANSACTION]" Alias="[act]" Column="INSTALLMENT_NUMBER"/><ColumnReference Database="[Buy4_bo]" Schema="[dbo]" Table="[ATX_CONFIRMED_TRANSACTION]" Alias="[act]" Column="TRANSACTION_MASKED_PAN"/><ColumnReference Database="[Buy4_bo]" Schema="[dbo]" Table="[ATX_CONFIRMED_TRANSACTION]" Alias="[act]" Column="ACQUIRER_TRANSACTION_KEY"/><ColumnReference Database="[Buy4_bo]" Schema="[dbo]" Table="[ABC_SALE_PLAN]" Alias="[sp]" Column="INSTALLMENTS"/><ColumnReference Database="[Buy4_bo]" Schema="[dbo]" Table="[ABC_PRODUCT]" Alias="[p]" Column="PRODUCT_TYPE"/><ColumnReference Database="[Buy4_bo]" Schema="[dbo]" Table="[ABC_PRODUCT]" Alias="[p]" Column="ID_BRAND"/><ColumnReference Database="[Buy4_bo]" Schema="[dbo]" Table="[BUY4_SETTLEMENT_EVENT]" Alias="[sett]" Column="SettlementDate"/><ColumnReference Database="[Buy4]" Schema="[dbo]" Table="[AllocatedCaptureMethod]" Alias="[acm]" Column="SerialNumber"/><ColumnReference Column="Expr1037"/><ColumnReference Column="Expr1038"/><ColumnReference Column="Expr1039"/><ColumnReference Column="Expr1040"/><ColumnReference Column="Expr1041"/></OutputList><ComputeScalar><DefinedValues><DefinedValue><ColumnReference Column="Expr1039"/><ScalarOperator ScalarString="CASE WHEN [Expr1076]=(0) THEN NULL ELSE [Expr1077] END"><IF><Condition><ScalarOperator><Compare CompareOp="EQ"><ScalarOperator><Identifier><ColumnReference Column="Expr1076"/></Identifier></ScalarOperator><ScalarOperator><Const ConstValue="(0)"/></ScalarOperator></Compare></ScalarOperator></Condition><Then><ScalarOperator><Const ConstValue="NULL"/></ScalarOperator></Then><Else><ScalarOperator><Identifier><ColumnReference Column="Expr1077"/></Identifier></ScalarOperator></Else></IF></ScalarOperator></DefinedValue></DefinedValues><RelOp NodeId="92" PhysicalOp="Stream Aggregate" LogicalOp="Aggregate" EstimateRows="10.2086" EstimateIO="0" EstimateCPU="1.12512e-005" AvgRowSize="184" EstimatedTotalSubtreeCost="0.507165" Parallel="0" EstimateRebinds="0" EstimateRewinds="0" EstimatedExecutionMode="Row"><OutputList><ColumnReference Database="[Buy4_bo]" Schema="[dbo]" Table="[ATX_CONFIRMED_TRANSACTION]" Alias="[act]" Column="PRESENTATION_DATE"/><ColumnReference Database="[Buy4_bo]" Schema="[dbo]" Table="[ATX_CONFIRMED_TRANSACTION]" Alias="[act]" Column="INSTALLMENT_NUMBER"/><ColumnReference Database="[Buy4_bo]" Schema="[dbo]" Table="[ATX_CONFIRMED_TRANSACTION]" Alias="[act]" Column="TRANSACTION_MASKED_PAN"/><ColumnReference Database="[Buy4_bo]" Schema="[dbo]" Table="[ATX_CONFIRMED_TRANSACTION]" Alias="[act]" Column="ACQUIRER_TRANSACTION_KEY"/><ColumnReference Database="[Buy4_bo]" Schema="[dbo]" Table="[ABC_SALE_PLAN]" Alias="[sp]" Column="INSTALLMENTS"/><ColumnReference Database="[Buy4_bo]" Schema="[dbo]" Table="[ABC_PRODUCT]" Alias="[p]" Column="PRODUCT_TYPE"/><ColumnReference Database="[Buy4_bo]" Schema="[dbo]" Table="[ABC_PRODUCT]" Alias="[p]" Column="ID_BRAND"/><ColumnReference Database="[Buy4_bo]" Schema="[dbo]" Table="[BUY4_SETTLEMENT_EVENT]" Alias="[sett]" Column="SettlementDate"/><ColumnReference Database="[Buy4]" Schema="[dbo]" Table="[AllocatedCaptureMethod]" Alias="[acm]" Column="SerialNumber"/><ColumnReference Column="Expr1037"/><ColumnReference Column="Expr1038"/><ColumnReference Column="Expr1040"/><ColumnReference Column="Expr1041"/><ColumnReference Column="Expr1076"/><ColumnReference Column="Expr1077"/></OutputList><StreamAggregate><DefinedValues><DefinedValue><ColumnReference Column="Expr1037"/><ScalarOperator ScalarString="MAX([Buy4_bo].[dbo].[AMR_MOVEMENT].[ID_MOVEMENT] as [mov].[ID_MOVEMENT])"><Aggregate Distinct="0" AggType="MAX"><ScalarOperator><Identifier><ColumnReference Database="[Buy4_bo]" Schema="[dbo]" Table="[AMR_MOVEMENT]" Alias="[mov]" Column="ID_MOVEMENT"/></Identifier></ScalarOperator></Aggregate></ScalarOperator></DefinedValue><DefinedValue><ColumnReference Column="Expr1038"/><ScalarOperator ScalarString="MAX([Expr1069])"><Aggregate Distinct="0" AggType="MAX"><ScalarOperator><Identifier><ColumnReference Column="Expr1069"/></Identifier></ScalarOperator></Aggregate></ScalarOperator></DefinedValue><DefinedValue><ColumnReference Column="Expr1076"/><ScalarOperator ScalarString="COUNT_BIG([Expr1070])"><Aggregate Distinct="0" AggType="COUNT_BIG"><ScalarOperator><Identifier><ColumnReference Column="Expr1070"/></Identifier></ScalarOperator></Aggregate></ScalarOperator></DefinedValue><DefinedValue><ColumnReference Column="Expr1077"/><ScalarOperator ScalarString="SUM([Expr1070])"><Aggregate Distinct="0" AggType="SUM"><ScalarOperator><Identifier><ColumnReference Column="Expr1070"/></Identifier></ScalarOperator></Aggregate></ScalarOperator></DefinedValue><DefinedValue><ColumnReference Column="Expr1040"/><ScalarOperator ScalarString="MIN([Expr1071])"><Aggregate Distinct="0" AggType="MIN"><ScalarOperator><Identifier><ColumnReference Column="Expr1071"/></Identifier></ScalarOperator></Aggregate></ScalarOperator></DefinedValue><DefinedValue><ColumnReference Column="Expr1041"/><ScalarOperator ScalarString="MAX([Buy4_bo].[dbo].[ATX_CONFIRMED_TRANSACTION].[ORIGINAL_AMOUNT] as [act].[ORIGINAL_AMOUNT])"><Aggregate Distinct="0" AggType="MAX"><ScalarOperator><Identifier><ColumnReference Database="[Buy4_bo]" Schema="[dbo]" Table="[ATX_CONFIRMED_TRANSACTION]" Alias="[act]" Column="ORIGINAL_AMOUNT"/></Identifier></ScalarOperator></Aggregate></ScalarOperator></DefinedValue><DefinedValue><ColumnReference Database="[Buy4_bo]" Schema="[dbo]" Table="[ATX_CONFIRMED_TRANSACTION]" Alias="[act]" Column="ACQUIRER_TRANSACTION_KEY"/><ScalarOperator ScalarString="ANY([Buy4_bo].[dbo].[ATX_CONFIRMED_TRANSACTION].[ACQUIRER_TRANSACTION_KEY] as [act].[ACQUIRER_TRANSACTION_KEY])"><Aggregate Distinct="0" AggType="ANY"><ScalarOperator><Identifier><ColumnReference Database="[Buy4_bo]" Schema="[dbo]" Table="[ATX_CONFIRMED_TRANSACTION]" Alias="[act]" Column="ACQUIRER_TRANSACTION_KEY"/></Identifier></ScalarOperator></Aggregate></ScalarOperator></DefinedValue><DefinedValue><ColumnReference Database="[Buy4_bo]" Schema="[dbo]" Table="[ATX_CONFIRMED_TRANSACTION]" Alias="[act]" Column="PRESENTATION_DATE"/><ScalarOperator ScalarString="ANY([Buy4_bo].[dbo].[ATX_CONFIRMED_TRANSACTION].[PRESENTATION_DATE] as [act].[PRESENTATION_DATE])"><Aggregate Distinct="0" AggType="ANY"><ScalarOperator><Identifier><ColumnReference Database="[Buy4_bo]" Schema="[dbo]" Table="[ATX_CONFIRMED_TRANSACTION]" Alias="[act]" Column="PRESENTATION_DATE"/></Identifier></ScalarOperator></Aggregate></ScalarOperator></DefinedValue><DefinedValue><ColumnReference Database="[Buy4_bo]" Schema="[dbo]" Table="[ATX_CONFIRMED_TRANSACTION]" Alias="[act]" Column="INSTALLMENT_NUMBER"/><ScalarOperator ScalarString="ANY([Buy4_bo].[dbo].[ATX_CONFIRMED_TRANSACTION].[INSTALLMENT_NUMBER] as [act].[INSTALLMENT_NUMBER])"><Aggregate Distinct="0" AggType="ANY"><ScalarOperator><Identifier><ColumnReference Database="[Buy4_bo]" Schema="[dbo]" Table="[ATX_CONFIRMED_TRANSACTION]" Alias="[act]" Column="INSTALLMENT_NUMBER"/></Identifier></ScalarOperator></Aggregate></ScalarOperator></DefinedValue><DefinedValue><ColumnReference Database="[Buy4_bo]" Schema="[dbo]" Table="[ATX_CONFIRMED_TRANSACTION]" Alias="[act]" Column="TRANSACTION_MASKED_PAN"/><ScalarOperator ScalarString="ANY([Buy4_bo].[dbo].[ATX_CONFIRMED_TRANSACTION].[TRANSACTION_MASKED_PAN] as [act].[TRANSACTION_MASKED_PAN])"><Aggregate Distinct="0" AggType="ANY"><ScalarOperator><Identifier><ColumnReference Database="[Buy4_bo]" Schema="[dbo]" Table="[ATX_CONFIRMED_TRANSACTION]" Alias="[act]" Column="TRANSACTION_MASKED_PAN"/></Identifier></ScalarOperator></Aggregate></ScalarOperator></DefinedValue></DefinedValues><GroupBy><ColumnReference Database="[Buy4_bo]" Schema="[dbo]" Table="[ATX_CONFIRMED_TRANSACTION]" Alias="[act]" Column="ID_CONFIRMED_TRANSACTION"/><ColumnReference Database="[Buy4_bo]" Schema="[dbo]" Table="[ABC_PRODUCT]" Alias="[p]" Column="PRODUCT_TYPE"/><ColumnReference Database="[Buy4_bo]" Schema="[dbo]" Table="[ABC_SALE_PLAN]" Alias="[sp]" Column="INSTALLMENTS"/><ColumnReference Database="[Buy4_bo]" Schema="[dbo]" Table="[ABC_PRODUCT]" Alias="[p]" Column="ID_BRAND"/><ColumnReference Database="[Buy4_bo]" Schema="[dbo]" Table="[BUY4_SETTLEMENT_EVENT]" Alias="[sett]" Column="SettlementDate"/><ColumnReference Database="[Buy4]" Schema="[dbo]" Table="[AllocatedCaptureMethod]" Alias="[acm]" Column="SerialNumber"/><ColumnReference Column="Expr1036"/></GroupBy><RelOp NodeId="93" PhysicalOp="Sort" LogicalOp="Sort" EstimateRows="10.2448" EstimateIO="0.0112613" EstimateCPU="0.000153834" AvgRowSize="186" EstimatedTotalSubtreeCost="0.507154" Parallel="0" EstimateRebinds="0" EstimateRewinds="0" EstimatedExecutionMode="Row"><OutputList><ColumnReference Database="[Buy4_bo]" Schema="[dbo]" Table="[AMR_MOVEMENT]" Alias="[mov]" Column="ID_MOVEMENT"/><ColumnReference Database="[Buy4_bo]" Schema="[dbo]" Table="[ATX_CONFIRMED_TRANSACTION]" Alias="[act]" Column="ID_CONFIRMED_TRANSACTION"/><ColumnReference Database="[Buy4_bo]" Schema="[dbo]" Table="[ATX_CONFIRMED_TRANSACTION]" Alias="[act]" Column="ORIGINAL_AMOUNT"/><ColumnReference Database="[Buy4_bo]" Schema="[dbo]" Table="[ATX_CONFIRMED_TRANSACTION]" Alias="[act]" Column="PRESENTATION_DATE"/><ColumnReference Database="[Buy4_bo]" Schema="[dbo]" Table="[ATX_CONFIRMED_TRANSACTION]" Alias="[act]" Column="INSTALLMENT_NUMBER"/><ColumnReference Database="[Buy4_bo]" Schema="[dbo]" Table="[ATX_CONFIRMED_TRANSACTION]" Alias="[act]" Column="TRANSACTION_MASKED_PAN"/><ColumnReference Database="[Buy4_bo]" Schema="[dbo]" Table="[ATX_CONFIRMED_TRANSACTION]" Alias="[act]" Column="ACQUIRER_TRANSACTION_KEY"/><ColumnReference Database="[Buy4_bo]" Schema="[dbo]" Table="[ABC_SALE_PLAN]" Alias="[sp]" Column="INSTALLMENTS"/><ColumnReference Database="[Buy4_bo]" Schema="[dbo]" Table="[ABC_PRODUCT]" Alias="[p]" Column="PRODUCT_TYPE"/><ColumnReference Database="[Buy4_bo]" Schema="[dbo]" Table="[ABC_PRODUCT]" Alias="[p]" Column="ID_BRAND"/><ColumnReference Database="[Buy4_bo]" Schema="[dbo]" Table="[BUY4_SETTLEMENT_EVENT]" Alias="[sett]" Column="SettlementDate"/><ColumnReference Database="[Buy4]" Schema="[dbo]" Table="[AllocatedCaptureMethod]" Alias="[acm]" Column="SerialNumber"/><ColumnReference Column="Expr1036"/><ColumnReference Column="Expr1069"/><ColumnReference Column="Expr1070"/><ColumnReference Column="Expr1071"/></OutputList><MemoryFractions Input="0.142857" Output="0.857143"/><Sort Distinct="0"><OrderBy><OrderByColumn Ascending="1"><ColumnReference Database="[Buy4_bo]" Schema="[dbo]" Table="[ATX_CONFIRMED_TRANSACTION]" Alias="[act]" Column="ID_CONFIRMED_TRANSACTION"/></OrderByColumn><OrderByColumn Ascending="1"><ColumnReference Database="[Buy4_bo]" Schema="[dbo]" Table="[ABC_PRODUCT]" Alias="[p]" Column="PRODUCT_TYPE"/></OrderByColumn><OrderByColumn Ascending="1"><ColumnReference Database="[Buy4_bo]" Schema="[dbo]" Table="[ABC_SALE_PLAN]" Alias="[sp]" Column="INSTALLMENTS"/></OrderByColumn><OrderByColumn Ascending="1"><ColumnReference Database="[Buy4_bo]" Schema="[dbo]" Table="[ABC_PRODUCT]" Alias="[p]" Column="ID_BRAND"/></OrderByColumn><OrderByColumn Ascending="1"><ColumnReference Database="[Buy4_bo]" Schema="[dbo]" Table="[BUY4_SETTLEMENT_EVENT]" Alias="[sett]" Column="SettlementDate"/></OrderByColumn><OrderByColumn Ascending="1"><ColumnReference Database="[Buy4]" Schema="[dbo]" Table="[AllocatedCaptureMethod]" Alias="[acm]" Column="SerialNumber"/></OrderByColumn><OrderByColumn Ascending="1"><ColumnReference Column="Expr1036"/></OrderByColumn></OrderBy><RelOp NodeId="94" PhysicalOp="Nested Loops" LogicalOp="Left Outer Join" EstimateRows="10.2448" EstimateIO="0" EstimateCPU="4.28231e-005" AvgRowSize="186" EstimatedTotalSubtreeCost="0.495739" Parallel="0" EstimateRebinds="0" EstimateRewinds="0" EstimatedExecutionMode="Row"><OutputList><ColumnReference Database="[Buy4_bo]" Schema="[dbo]" Table="[AMR_MOVEMENT]" Alias="[mov]" Column="ID_MOVEMENT"/><ColumnReference Database="[Buy4_bo]" Schema="[dbo]" Table="[ATX_CONFIRMED_TRANSACTION]" Alias="[act]" Column="ID_CONFIRMED_TRANSACTION"/><ColumnReference Database="[Buy4_bo]" Schema="[dbo]" Table="[ATX_CONFIRMED_TRANSACTION]" Alias="[act]" Column="ORIGINAL_AMOUNT"/><ColumnReference Database="[Buy4_bo]" Schema="[dbo]" Table="[ATX_CONFIRMED_TRANSACTION]" Alias="[act]" Column="PRESENTATION_DATE"/><ColumnReference Database="[Buy4_bo]" Schema="[dbo]" Table="[ATX_CONFIRMED_TRANSACTION]" Alias="[act]" Column="INSTALLMENT_NUMBER"/><ColumnReference Database="[Buy4_bo]" Schema="[dbo]" Table="[ATX_CONFIRMED_TRANSACTION]" Alias="[act]" Column="TRANSACTION_MASKED_PAN"/><ColumnReference Database="[Buy4_bo]" Schema="[dbo]" Table="[ATX_CONFIRMED_TRANSACTION]" Alias="[act]" Column="ACQUIRER_TRANSACTION_KEY"/><ColumnReference Database="[Buy4_bo]" Schema="[dbo]" Table="[ABC_SALE_PLAN]" Alias="[sp]" Column="INSTALLMENTS"/><ColumnReference Database="[Buy4_bo]" Schema="[dbo]" Table="[ABC_PRODUCT]" Alias="[p]" Column="PRODUCT_TYPE"/><ColumnReference Database="[Buy4_bo]" Schema="[dbo]" Table="[ABC_PRODUCT]" Alias="[p]" Column="ID_BRAND"/><ColumnReference Database="[Buy4_bo]" Schema="[dbo]" Table="[BUY4_SETTLEMENT_EVENT]" Alias="[sett]" Column="SettlementDate"/><ColumnReference Database="[Buy4]" Schema="[dbo]" Table="[AllocatedCaptureMethod]" Alias="[acm]" Column="SerialNumber"/><ColumnReference Column="Expr1036"/><ColumnReference Column="Expr1069"/><ColumnReference Column="Expr1070"/><ColumnReference Column="Expr1071"/></OutputList><NestedLoops Optimized="0"><OuterReferences><ColumnReference Database="[Buy4]" Schema="[dbo]" Table="[CaptureMethod]" Alias="[cm]" Column="Id"/></OuterReferences><RelOp NodeId="95" PhysicalOp="Nested Loops" LogicalOp="Left Outer Join" EstimateRows="10.2448" EstimateIO="0" EstimateCPU="4.28401e-005" AvgRowSize="163" EstimatedTotalSubtreeCost="0.465376" Parallel="0" EstimateRebinds="0" EstimateRewinds="0" EstimatedExecutionMode="Row"><OutputList><ColumnReference Database="[Buy4_bo]" Schema="[dbo]" Table="[AMR_MOVEMENT]" Alias="[mov]" Column="ID_MOVEMENT"/><ColumnReference Database="[Buy4_bo]" Schema="[dbo]" Table="[ATX_CONFIRMED_TRANSACTION]" Alias="[act]" Column="ID_CONFIRMED_TRANSACTION"/><ColumnReference Database="[Buy4_bo]" Schema="[dbo]" Table="[ATX_CONFIRMED_TRANSACTION]" Alias="[act]" Column="ORIGINAL_AMOUNT"/><ColumnReference Database="[Buy4_bo]" Schema="[dbo]" Table="[ATX_CONFIRMED_TRANSACTION]" Alias="[act]" Column="PRESENTATION_DATE"/><ColumnReference Database="[Buy4_bo]" Schema="[dbo]" Table="[ATX_CONFIRMED_TRANSACTION]" Alias="[act]" Column="INSTALLMENT_NUMBER"/><ColumnReference Database="[Buy4_bo]" Schema="[dbo]" Table="[ATX_CONFIRMED_TRANSACTION]" Alias="[act]" Column="TRANSACTION_MASKED_PAN"/><ColumnReference Database="[Buy4_bo]" Schema="[dbo]" Table="[ATX_CONFIRMED_TRANSACTION]" Alias="[act]" Column="ACQUIRER_TRANSACTION_KEY"/><ColumnReference Database="[Buy4_bo]" Schema="[dbo]" Table="[ABC_SALE_PLAN]" Alias="[sp]" Column="INSTALLMENTS"/><ColumnReference Database="[Buy4_bo]" Schema="[dbo]" Table="[ABC_PRODUCT]" Alias="[p]" Column="PRODUCT_TYPE"/><ColumnReference Database="[Buy4_bo]" Schema="[dbo]" Table="[ABC_PRODUCT]" Alias="[p]" Column="ID_BRAND"/><ColumnReference Database="[Buy4_bo]" Schema="[dbo]" Table="[BUY4_SETTLEMENT_EVENT]" Alias="[sett]" Column="SettlementDate"/><ColumnReference Database="[Buy4]" Schema="[dbo]" Table="[CaptureMethod]" Alias="[cm]" Column="Id"/><ColumnReference Column="Expr1036"/><ColumnReference Column="Expr1069"/><ColumnReference Column="Expr1070"/><ColumnReference Column="Expr1071"/></OutputList><NestedLoops Optimized="0"><OuterReferences><ColumnReference Column="Expr1072"/></OuterReferences><RelOp NodeId="96" PhysicalOp="Compute Scalar" LogicalOp="Compute Scalar" EstimateRows="10.2488" EstimateIO="0" EstimateCPU="1.02488e-006" AvgRowSize="4161" EstimatedTotalSubtreeCost="0.434958" Parallel="0" EstimateRebinds="0" EstimateRewinds="0" EstimatedExecutionMode="Row"><OutputList><ColumnReference Database="[Buy4_bo]" Schema="[dbo]" Table="[AMR_MOVEMENT]" Alias="[mov]" Column="ID_MOVEMENT"/><ColumnReference Database="[Buy4_bo]" Schema="[dbo]" Table="[ATX_CONFIRMED_TRANSACTION]" Alias="[act]" Column="ID_CONFIRMED_TRANSACTION"/><ColumnReference Database="[Buy4_bo]" Schema="[dbo]" Table="[ATX_CONFIRMED_TRANSACTION]" Alias="[act]" Column="ORIGINAL_AMOUNT"/><ColumnReference Database="[Buy4_bo]" Schema="[dbo]" Table="[ATX_CONFIRMED_TRANSACTION]" Alias="[act]" Column="PRESENTATION_DATE"/><ColumnReference Database="[Buy4_bo]" Schema="[dbo]" Table="[ATX_CONFIRMED_TRANSACTION]" Alias="[act]" Column="INSTALLMENT_NUMBER"/><ColumnReference Database="[Buy4_bo]" Schema="[dbo]" Table="[ATX_CONFIRMED_TRANSACTION]" Alias="[act]" Column="TRANSACTION_MASKED_PAN"/><ColumnReference Database="[Buy4_bo]" Schema="[dbo]" Table="[ATX_CONFIRMED_TRANSACTION]" Alias="[act]" Column="ACQUIRER_TRANSACTION_KEY"/><ColumnReference Database="[Buy4_bo]" Schema="[dbo]" Table="[ABC_SALE_PLAN]" Alias="[sp]" Column="INSTALLMENTS"/><ColumnReference Database="[Buy4_bo]" Schema="[dbo]" Table="[ABC_PRODUCT]" Alias="[p]" Column="PRODUCT_TYPE"/><ColumnReference Database="[Buy4_bo]" Schema="[dbo]" Table="[ABC_PRODUCT]" Alias="[p]" Column="ID_BRAND"/><ColumnReference Database="[Buy4_bo]" Schema="[dbo]" Table="[BUY4_SETTLEMENT_EVENT]" Alias="[sett]" Column="SettlementDate"/><ColumnReference Column="Expr1036"/><ColumnReference Column="Expr1069"/><ColumnReference Column="Expr1070"/><ColumnReference Column="Expr1071"/><ColumnReference Column="Expr1072"/></OutputList><ComputeScalar><DefinedValues><DefinedValue><ColumnReference Column="Expr1072"/><ScalarOperator ScalarString="replace(CONVERT_IMPLICIT(varchar(40),[Buy4_bo].[dbo].[BUY4_TERMINAL].[Buy4TerminalId] as [bt].[Buy4TerminalId],0),&apos;-&apos;,&apos;&apos;)"><Intrinsic FunctionName="replace"><ScalarOperator><Convert DataType="varchar" Length="40" Style="0" Implicit="1"><ScalarOperator><Identifier><ColumnReference Database="[Buy4_bo]" Schema="[dbo]" Table="[BUY4_TERMINAL]" Alias="[bt]" Column="Buy4TerminalId"/></Identifier></ScalarOperator></Convert></ScalarOperator><ScalarOperator><Const ConstValue="&apos;-&apos;"/></ScalarOperator><ScalarOperator><Const ConstValue="&apos;&apos;"/></ScalarOperator></Intrinsic></ScalarOperator></DefinedValue></DefinedValues><RelOp NodeId="97" PhysicalOp="Nested Loops" LogicalOp="Left Outer Join" EstimateRows="10.2488" EstimateIO="0" EstimateCPU="4.25942e-005" AvgRowSize="175" EstimatedTotalSubtreeCost="0.434957" Parallel="0" EstimateRebinds="0" EstimateRewinds="0" EstimatedExecutionMode="Row"><OutputList><ColumnReference Database="[Buy4_bo]" Schema="[dbo]" Table="[AMR_MOVEMENT]" Alias="[mov]" Column="ID_MOVEMENT"/><ColumnReference Database="[Buy4_bo]" Schema="[dbo]" Table="[ATX_CONFIRMED_TRANSACTION]" Alias="[act]" Column="ID_CONFIRMED_TRANSACTION"/><ColumnReference Database="[Buy4_bo]" Schema="[dbo]" Table="[ATX_CONFIRMED_TRANSACTION]" Alias="[act]" Column="ORIGINAL_AMOUNT"/><ColumnReference Database="[Buy4_bo]" Schema="[dbo]" Table="[ATX_CONFIRMED_TRANSACTION]" Alias="[act]" Column="PRESENTATION_DATE"/><ColumnReference Database="[Buy4_bo]" Schema="[dbo]" Table="[ATX_CONFIRMED_TRANSACTION]" Alias="[act]" Column="INSTALLMENT_NUMBER"/><ColumnReference Database="[Buy4_bo]" Schema="[dbo]" Table="[ATX_CONFIRMED_TRANSACTION]" Alias="[act]" Column="TRANSACTION_MASKED_PAN"/><ColumnReference Database="[Buy4_bo]" Schema="[dbo]" Table="[ATX_CONFIRMED_TRANSACTION]" Alias="[act]" Column="ACQUIRER_TRANSACTION_KEY"/><ColumnReference Database="[Buy4_bo]" Schema="[dbo]" Table="[ABC_SALE_PLAN]" Alias="[sp]" Column="INSTALLMENTS"/><ColumnReference Database="[Buy4_bo]" Schema="[dbo]" Table="[ABC_PRODUCT]" Alias="[p]" Column="PRODUCT_TYPE"/><ColumnReference Database="[Buy4_bo]" Schema="[dbo]" Table="[ABC_PRODUCT]" Alias="[p]" Column="ID_BRAND"/><ColumnReference Database="[Buy4_bo]" Schema="[dbo]" Table="[BUY4_SETTLEMENT_EVENT]" Alias="[sett]" Column="SettlementDate"/><ColumnReference Database="[Buy4_bo]" Schema="[dbo]" Table="[BUY4_TERMINAL]" Alias="[bt]" Column="Buy4TerminalId"/><ColumnReference Column="Expr1036"/><ColumnReference Column="Expr1069"/><ColumnReference Column="Expr1070"/><ColumnReference Column="Expr1071"/></OutputList><NestedLoops Optimized="0"><OuterReferences><ColumnReference Database="[Buy4_bo]" Schema="[dbo]" Table="[ABC_TERMINAL]" Alias="[abc_t]" Column="ID_TERMINAL"/></OuterReferences><RelOp NodeId="98" PhysicalOp="Nested Loops" LogicalOp="Inner Join" EstimateRows="9.04232" EstimateIO="0" EstimateCPU="3.77969e-005" AvgRowSize="164" EstimatedTotalSubtreeCost="0.40858" Parallel="0" EstimateRebinds="0" EstimateRewinds="0" EstimatedExecutionMode="Row"><OutputList><ColumnReference Database="[Buy4_bo]" Schema="[dbo]" Table="[AMR_MOVEMENT]" Alias="[mov]" Column="ID_MOVEMENT"/><ColumnReference Database="[Buy4_bo]" Schema="[dbo]" Table="[ATX_CONFIRMED_TRANSACTION]" Alias="[act]" Column="ID_CONFIRMED_TRANSACTION"/><ColumnReference Database="[Buy4_bo]" Schema="[dbo]" Table="[ATX_CONFIRMED_TRANSACTION]" Alias="[act]" Column="ORIGINAL_AMOUNT"/><ColumnReference Database="[Buy4_bo]" Schema="[dbo]" Table="[ATX_CONFIRMED_TRANSACTION]" Alias="[act]" Column="PRESENTATION_DATE"/><ColumnReference Database="[Buy4_bo]" Schema="[dbo]" Table="[ATX_CONFIRMED_TRANSACTION]" Alias="[act]" Column="INSTALLMENT_NUMBER"/><ColumnReference Database="[Buy4_bo]" Schema="[dbo]" Table="[ATX_CONFIRMED_TRANSACTION]" Alias="[act]" Column="TRANSACTION_MASKED_PAN"/><ColumnReference Database="[Buy4_bo]" Schema="[dbo]" Table="[ATX_CONFIRMED_TRANSACTION]" Alias="[act]" Column="ACQUIRER_TRANSACTION_KEY"/><ColumnReference Database="[Buy4_bo]" Schema="[dbo]" Table="[ABC_SALE_PLAN]" Alias="[sp]" Column="INSTALLMENTS"/><ColumnReference Database="[Buy4_bo]" Schema="[dbo]" Table="[ABC_PRODUCT]" Alias="[p]" Column="PRODUCT_TYPE"/><ColumnReference Database="[Buy4_bo]" Schema="[dbo]" Table="[ABC_PRODUCT]" Alias="[p]" Column="ID_BRAND"/><ColumnReference Database="[Buy4_bo]" Schema="[dbo]" Table="[BUY4_SETTLEMENT_EVENT]" Alias="[sett]" Column="SettlementDate"/><ColumnReference Database="[Buy4_bo]" Schema="[dbo]" Table="[ABC_TERMINAL]" Alias="[abc_t]" Column="ID_TERMINAL"/><ColumnReference Column="Expr1036"/><ColumnReference Column="Expr1069"/><ColumnReference Column="Expr1070"/><ColumnReference Column="Expr1071"/></OutputList><NestedLoops Optimized="0"><PassThru><ScalarOperator ScalarString="[IsBaseRow1032] IS NULL"><Compare CompareOp="IS"><ScalarOperator><Identifier><ColumnReference Column="IsBaseRow1032"/></Identifier></ScalarOperator><ScalarOperator><Const ConstValue="NULL"/></ScalarOperator></Compare></ScalarOperator></PassThru><OuterReferences><ColumnReference Column="Bmk1031"/></OuterReferences><RelOp NodeId="99" PhysicalOp="Nested Loops" LogicalOp="Left Outer Join" EstimateRows="9.04232" EstimateIO="0" EstimateCPU="3.75555e-005" AvgRowSize="169" EstimatedTotalSubtreeCost="0.382122" Parallel="0" EstimateRebinds="0" EstimateRewinds="0" EstimatedExecutionMode="Row"><OutputList><ColumnReference Database="[Buy4_bo]" Schema="[dbo]" Table="[AMR_MOVEMENT]" Alias="[mov]" Column="ID_MOVEMENT"/><ColumnReference Database="[Buy4_bo]" Schema="[dbo]" Table="[ATX_CONFIRMED_TRANSACTION]" Alias="[act]" Column="ID_CONFIRMED_TRANSACTION"/><ColumnReference Database="[Buy4_bo]" Schema="[dbo]" Table="[ATX_CONFIRMED_TRANSACTION]" Alias="[act]" Column="ORIGINAL_AMOUNT"/><ColumnReference Database="[Buy4_bo]" Schema="[dbo]" Table="[ATX_CONFIRMED_TRANSACTION]" Alias="[act]" Column="PRESENTATION_DATE"/><ColumnReference Database="[Buy4_bo]" Schema="[dbo]" Table="[ATX_CONFIRMED_TRANSACTION]" Alias="[act]" Column="INSTALLMENT_NUMBER"/><ColumnReference Database="[Buy4_bo]" Schema="[dbo]" Table="[ATX_CONFIRMED_TRANSACTION]" Alias="[act]" Column="TRANSACTION_MASKED_PAN"/><ColumnReference Database="[Buy4_bo]" Schema="[dbo]" Table="[ATX_CONFIRMED_TRANSACTION]" Alias="[act]" Column="ACQUIRER_TRANSACTION_KEY"/><ColumnReference Database="[Buy4_bo]" Schema="[dbo]" Table="[ABC_SALE_PLAN]" Alias="[sp]" Column="INSTALLMENTS"/><ColumnReference Database="[Buy4_bo]" Schema="[dbo]" Table="[ABC_PRODUCT]" Alias="[p]" Column="PRODUCT_TYPE"/><ColumnReference Database="[Buy4_bo]" Schema="[dbo]" Table="[ABC_PRODUCT]" Alias="[p]" Column="ID_BRAND"/><ColumnReference Database="[Buy4_bo]" Schema="[dbo]" Table="[BUY4_SETTLEMENT_EVENT]" Alias="[sett]" Column="SettlementDate"/><ColumnReference Column="Bmk1031"/><ColumnReference Column="IsBaseRow1032"/><ColumnReference Column="Expr1036"/><ColumnReference Column="Expr1069"/><ColumnReference Column="Expr1070"/><ColumnReference Column="Expr1071"/></OutputList><NestedLoops Optimized="0"><OuterReferences><ColumnReference Database="[Buy4_bo]" Schema="[dbo]" Table="[ATX_CONFIRMED_TRANSACTION]" Alias="[act]" Column="TERMINAL_CODE"/></OuterReferences><RelOp NodeId="100" PhysicalOp="Nested Loops" LogicalOp="Left Outer Join" EstimateRows="7.9783" EstimateIO="0" EstimateCPU="3.33493e-005" AvgRowSize="189" EstimatedTotalSubtreeCost="0.359122" Parallel="0" EstimateRebinds="0" EstimateRewinds="0" EstimatedExecutionMode="Row"><OutputList><ColumnReference Database="[Buy4_bo]" Schema="[dbo]" Table="[AMR_MOVEMENT]" Alias="[mov]" Column="ID_MOVEMENT"/><ColumnReference Database="[Buy4_bo]" Schema="[dbo]" Table="[ATX_CONFIRMED_TRANSACTION]" Alias="[act]" Column="ID_CONFIRMED_TRANSACTION"/><ColumnReference Database="[Buy4_bo]" Schema="[dbo]" Table="[ATX_CONFIRMED_TRANSACTION]" Alias="[act]" Column="ORIGINAL_AMOUNT"/><ColumnReference Database="[Buy4_bo]" Schema="[dbo]" Table="[ATX_CONFIRMED_TRANSACTION]" Alias="[act]" Column="PRESENTATION_DATE"/><ColumnReference Database="[Buy4_bo]" Schema="[dbo]" Table="[ATX_CONFIRMED_TRANSACTION]" Alias="[act]" Column="TERMINAL_CODE"/><ColumnReference Database="[Buy4_bo]" Schema="[dbo]" Table="[ATX_CONFIRMED_TRANSACTION]" Alias="[act]" Column="INSTALLMENT_NUMBER"/><ColumnReference Database="[Buy4_bo]" Schema="[dbo]" Table="[ATX_CONFIRMED_TRANSACTION]" Alias="[act]" Column="TRANSACTION_MASKED_PAN"/><ColumnReference Database="[Buy4_bo]" Schema="[dbo]" Table="[ATX_CONFIRMED_TRANSACTION]" Alias="[act]" Column="ACQUIRER_TRANSACTION_KEY"/><ColumnReference Database="[Buy4_bo]" Schema="[dbo]" Table="[ABC_SALE_PLAN]" Alias="[sp]" Column="INSTALLMENTS"/><ColumnReference Database="[Buy4_bo]" Schema="[dbo]" Table="[ABC_PRODUCT]" Alias="[p]" Column="PRODUCT_TYPE"/><ColumnReference Database="[Buy4_bo]" Schema="[dbo]" Table="[ABC_PRODUCT]" Alias="[p]" Column="ID_BRAND"/><ColumnReference Database="[Buy4_bo]" Schema="[dbo]" Table="[BUY4_SETTLEMENT_EVENT]" Alias="[sett]" Column="SettlementDate"/><ColumnReference Column="Expr1036"/><ColumnReference Column="Expr1069"/><ColumnReference Column="Expr1070"/><ColumnReference Column="Expr1071"/></OutputList><NestedLoops Optimized="0"><OuterReferences><ColumnReference Database="[Buy4_bo]" Schema="[dbo]" Table="[ATX_CONFIRMED_TRANSACTION]" Alias="[act]" Column="ID_PRODUCT"/></OuterReferences><RelOp NodeId="101" PhysicalOp="Nested Loops" LogicalOp="Inner Join" EstimateRows="7.9783" EstimateIO="0" EstimateCPU="3.33493e-005" AvgRowSize="184" EstimatedTotalSubtreeCost="0.354702" Parallel="0" EstimateRebinds="0" EstimateRewinds="0" EstimatedExecutionMode="Row"><OutputList><ColumnReference Database="[Buy4_bo]" Schema="[dbo]" Table="[AMR_MOVEMENT]" Alias="[mov]" Column="ID_MOVEMENT"/><ColumnReference Database="[Buy4_bo]" Schema="[dbo]" Table="[ATX_CONFIRMED_TRANSACTION]" Alias="[act]" Column="ID_CONFIRMED_TRANSACTION"/><ColumnReference Database="[Buy4_bo]" Schema="[dbo]" Table="[ATX_CONFIRMED_TRANSACTION]" Alias="[act]" Column="ID_PRODUCT"/><ColumnReference Database="[Buy4_bo]" Schema="[dbo]" Table="[ATX_CONFIRMED_TRANSACTION]" Alias="[act]" Column="ORIGINAL_AMOUNT"/><ColumnReference Database="[Buy4_bo]" Schema="[dbo]" Table="[ATX_CONFIRMED_TRANSACTION]" Alias="[act]" Column="PRESENTATION_DATE"/><ColumnReference Database="[Buy4_bo]" Schema="[dbo]" Table="[ATX_CONFIRMED_TRANSACTION]" Alias="[act]" Column="TERMINAL_CODE"/><ColumnReference Database="[Buy4_bo]" Schema="[dbo]" Table="[ATX_CONFIRMED_TRANSACTION]" Alias="[act]" Column="INSTALLMENT_NUMBER"/><ColumnReference Database="[Buy4_bo]" Schema="[dbo]" Table="[ATX_CONFIRMED_TRANSACTION]" Alias="[act]" Column="TRANSACTION_MASKED_PAN"/><ColumnReference Database="[Buy4_bo]" Schema="[dbo]" Table="[ATX_CONFIRMED_TRANSACTION]" Alias="[act]" Column="ACQUIRER_TRANSACTION_KEY"/><ColumnReference Database="[Buy4_bo]" Schema="[dbo]" Table="[ABC_SALE_PLAN]" Alias="[sp]" Column="INSTALLMENTS"/><ColumnReference Database="[Buy4_bo]" Schema="[dbo]" Table="[BUY4_SETTLEMENT_EVENT]" Alias="[sett]" Column="SettlementDate"/><ColumnReference Column="Expr1036"/><ColumnReference Column="Expr1069"/><ColumnReference Column="Expr1070"/><ColumnReference Column="Expr1071"/></OutputList><NestedLoops Optimized="0"><PassThru><ScalarOperator ScalarString="[IsBaseRow1027] IS NULL"><Compare CompareOp="IS"><ScalarOperator><Identifier><ColumnReference Column="IsBaseRow1027"/></Identifier></ScalarOperator><ScalarOperator><Const ConstValue="NULL"/></ScalarOperator></Compare></ScalarOperator></PassThru><OuterReferences><ColumnReference Column="Bmk1026"/></OuterReferences><RelOp NodeId="102" PhysicalOp="Nested Loops" LogicalOp="Left Outer Join" EstimateRows="7.9783" EstimateIO="0" EstimateCPU="3.33493e-005" AvgRowSize="188" EstimatedTotalSubtreeCost="0.336338" Parallel="0" EstimateRebinds="0" EstimateRewinds="0" EstimatedExecutionMode="Row"><OutputList><ColumnReference Database="[Buy4_bo]" Schema="[dbo]" Table="[AMR_MOVEMENT]" Alias="[mov]" Column="ID_MOVEMENT"/><ColumnReference Database="[Buy4_bo]" Schema="[dbo]" Table="[ATX_CONFIRMED_TRANSACTION]" Alias="[act]" Column="ID_CONFIRMED_TRANSACTION"/><ColumnReference Database="[Buy4_bo]" Schema="[dbo]" Table="[ATX_CONFIRMED_TRANSACTION]" Alias="[act]" Column="ID_PRODUCT"/><ColumnReference Database="[Buy4_bo]" Schema="[dbo]" Table="[ATX_CONFIRMED_TRANSACTION]" Alias="[act]" Column="ORIGINAL_AMOUNT"/><ColumnReference Database="[Buy4_bo]" Schema="[dbo]" Table="[ATX_CONFIRMED_TRANSACTION]" Alias="[act]" Column="PRESENTATION_DATE"/><ColumnReference Database="[Buy4_bo]" Schema="[dbo]" Table="[ATX_CONFIRMED_TRANSACTION]" Alias="[act]" Column="TERMINAL_CODE"/><ColumnReference Database="[Buy4_bo]" Schema="[dbo]" Table="[ATX_CONFIRMED_TRANSACTION]" Alias="[act]" Column="INSTALLMENT_NUMBER"/><ColumnReference Database="[Buy4_bo]" Schema="[dbo]" Table="[ATX_CONFIRMED_TRANSACTION]" Alias="[act]" Column="TRANSACTION_MASKED_PAN"/><ColumnReference Database="[Buy4_bo]" Schema="[dbo]" Table="[ATX_CONFIRMED_TRANSACTION]" Alias="[act]" Column="ACQUIRER_TRANSACTION_KEY"/><ColumnReference Column="Bmk1026"/><ColumnReference Column="IsBaseRow1027"/><ColumnReference Database="[Buy4_bo]" Schema="[dbo]" Table="[BUY4_SETTLEMENT_EVENT]" Alias="[sett]" Column="SettlementDate"/><ColumnReference Column="Expr1036"/><ColumnReference Column="Expr1069"/><ColumnReference Column="Expr1070"/><ColumnReference Column="Expr1071"/></OutputList><NestedLoops Optimized="0"><OuterReferences><ColumnReference Database="[Buy4_bo]" Schema="[dbo]" Table="[ATX_CONFIRMED_TRANSACTION]" Alias="[act]" Column="ID_SALE_PLAN"/></OuterReferences><RelOp NodeId="103" PhysicalOp="Nested Loops" LogicalOp="Left Outer Join" EstimateRows="7.9783" EstimateIO="0" EstimateCPU="3.33493e-005" AvgRowSize="184" EstimatedTotalSubtreeCost="0.328766" Parallel="0" EstimateRebinds="0" EstimateRewinds="0" EstimatedExecutionMode="Row"><OutputList><ColumnReference Database="[Buy4_bo]" Schema="[dbo]" Table="[AMR_MOVEMENT]" Alias="[mov]" Column="ID_MOVEMENT"/><ColumnReference Database="[Buy4_bo]" Schema="[dbo]" Table="[ATX_CONFIRMED_TRANSACTION]" Alias="[act]" Column="ID_CONFIRMED_TRANSACTION"/><ColumnReference Database="[Buy4_bo]" Schema="[dbo]" Table="[ATX_CONFIRMED_TRANSACTION]" Alias="[act]" Column="ID_PRODUCT"/><ColumnReference Database="[Buy4_bo]" Schema="[dbo]" Table="[ATX_CONFIRMED_TRANSACTION]" Alias="[act]" Column="ORIGINAL_AMOUNT"/><ColumnReference Database="[Buy4_bo]" Schema="[dbo]" Table="[ATX_CONFIRMED_TRANSACTION]" Alias="[act]" Column="PRESENTATION_DATE"/><ColumnReference Database="[Buy4_bo]" Schema="[dbo]" Table="[ATX_CONFIRMED_TRANSACTION]" Alias="[act]" Column="ID_SALE_PLAN"/><ColumnReference Database="[Buy4_bo]" Schema="[dbo]" Table="[ATX_CONFIRMED_TRANSACTION]" Alias="[act]" Column="TERMINAL_CODE"/><ColumnReference Database="[Buy4_bo]" Schema="[dbo]" Table="[ATX_CONFIRMED_TRANSACTION]" Alias="[act]" Column="INSTALLMENT_NUMBER"/><ColumnReference Database="[Buy4_bo]" Schema="[dbo]" Table="[ATX_CONFIRMED_TRANSACTION]" Alias="[act]" Column="TRANSACTION_MASKED_PAN"/><ColumnReference Database="[Buy4_bo]" Schema="[dbo]" Table="[ATX_CONFIRMED_TRANSACTION]" Alias="[act]" Column="ACQUIRER_TRANSACTION_KEY"/><ColumnReference Database="[Buy4_bo]" Schema="[dbo]" Table="[BUY4_SETTLEMENT_EVENT]" Alias="[sett]" Column="SettlementDate"/><ColumnReference Column="Expr1036"/><ColumnReference Column="Expr1069"/><ColumnReference Column="Expr1070"/><ColumnReference Column="Expr1071"/></OutputList><NestedLoops Optimized="1"><OuterReferences><ColumnReference Database="[Buy4_bo]" Schema="[dbo]" Table="[ATX_TX_MOVEMENT_DETAIL]" Alias="[movd]" Column="ID_CONFIRMED_TRANSACTION"/></OuterReferences><RelOp NodeId="105" PhysicalOp="Nested Loops" LogicalOp="Left Outer Join" EstimateRows="7.9783" EstimateIO="0" EstimateCPU="3.33493e-005" AvgRowSize="42" EstimatedTotalSubtreeCost="0.305664" Parallel="0" EstimateRebinds="0" EstimateRewinds="0" EstimatedExecutionMode="Row"><OutputList><ColumnReference Database="[Buy4_bo]" Schema="[dbo]" Table="[AMR_MOVEMENT]" Alias="[mov]" Column="ID_MOVEMENT"/><ColumnReference Database="[Buy4_bo]" Schema="[dbo]" Table="[ATX_TX_MOVEMENT_DETAIL]" Alias="[movd]" Column="ID_CONFIRMED_TRANSACTION"/><ColumnReference Database="[Buy4_bo]" Schema="[dbo]" Table="[BUY4_SETTLEMENT_EVENT]" Alias="[sett]" Column="SettlementDate"/><ColumnReference Column="Expr1036"/><ColumnReference Column="Expr1069"/><ColumnReference Column="Expr1070"/><ColumnReference Column="Expr1071"/></OutputList><NestedLoops Optimized="1"><OuterReferences><ColumnReference Database="[Buy4_bo]" Schema="[dbo]" Table="[AMR_MOVEMENT]" Alias="[mov]" Column="ID_MOVEMENT"/></OuterReferences><RelOp NodeId="107" PhysicalOp="Hash Match" LogicalOp="Inner Join" EstimateRows="7.9783" EstimateIO="0" EstimateCPU="0.133905" AvgRowSize="37" EstimatedTotalSubtreeCost="0.282562" Parallel="0" EstimateRebinds="0" EstimateRewinds="0" EstimatedExecutionMode="Row"><OutputList><ColumnReference Database="[Buy4_bo]" Schema="[dbo]" Table="[AMR_MOVEMENT]" Alias="[mov]" Column="ID_MOVEMENT"/><ColumnReference Database="[Buy4_bo]" Schema="[dbo]" Table="[BUY4_SETTLEMENT_EVENT]" Alias="[sett]" Column="SettlementDate"/><ColumnReference Column="Expr1036"/><ColumnReference Column="Expr1069"/><ColumnReference Column="Expr1070"/><ColumnReference Column="Expr1071"/></OutputList><MemoryFractions Input="0.857143" Output="0.428571"/><Hash><DefinedValues/><HashKeysBuild><ColumnReference Database="[Buy4_bo]" Schema="[dbo]" Table="[BUY4_SETTLEMENT_EVENT]" Alias="[sett]" Column="Id"/></HashKeysBuild><HashKeysProbe><ColumnReference Database="[Buy4_bo]" Schema="[dbo]" Table="[AMR_MOVEMENT]" Alias="[mov]" Column="ID_SETTLEMENT_EVENT"/></HashKeysProbe><ProbeResidual><ScalarOperator ScalarString="[Buy4_bo].[dbo].[BUY4_SETTLEMENT_EVENT].[Id] as [sett].[Id]=[Buy4_bo].[dbo].[AMR_MOVEMENT].[ID_SETTLEMENT_EVENT] as [mov].[ID_SETTLEMENT_EVENT]"><Compare CompareOp="EQ"><ScalarOperator><Identifier><ColumnReference Database="[Buy4_bo]" Schema="[dbo]" Table="[BUY4_SETTLEMENT_EVENT]" Alias="[sett]" Column="Id"/></Identifier></ScalarOperator><ScalarOperator><Identifier><ColumnReference Database="[Buy4_bo]" Schema="[dbo]" Table="[AMR_MOVEMENT]" Alias="[mov]" Column="ID_SETTLEMENT_EVENT"/></Identifier></ScalarOperator></Compare></ScalarOperator></ProbeResidual><RelOp NodeId="109" PhysicalOp="Index Seek" LogicalOp="Index Seek" EstimateRows="3671.11" EstimateIO="0.00675651" EstimateCPU="0.00419522" AvgRowSize="14" EstimatedTotalSubtreeCost="0.0109517" TableCardinality="2.59915e+006" Parallel="0" EstimateRebinds="0" EstimateRewinds="0" EstimatedExecutionMode="Row"><OutputList><ColumnReference Database="[Buy4_bo]" Schema="[dbo]" Table="[BUY4_SETTLEMENT_EVENT]" Alias="[sett]" Column="Id"/><ColumnReference Database="[Buy4_bo]" Schema="[dbo]" Table="[BUY4_SETTLEMENT_EVENT]" Alias="[sett]" Column="SettlementDate"/></OutputList><IndexScan Ordered="1" ScanDirection="FORWARD" ForcedIndex="0" ForceSeek="0" ForceScan="0" NoExpandHint="0" Storage="RowStore"><DefinedValues><DefinedValue><ColumnReference Database="[Buy4_bo]" Schema="[dbo]" Table="[BUY4_SETTLEMENT_EVENT]" Alias="[sett]" Column="Id"/></DefinedValue><DefinedValue><ColumnReference Database="[Buy4_bo]" Schema="[dbo]" Table="[BUY4_SETTLEMENT_EVENT]" Alias="[sett]" Column="SettlementDate"/></DefinedValue></DefinedValues><Object Database="[Buy4_bo]" Schema="[dbo]" Table="[BUY4_SETTLEMENT_EVENT]" Index="[ix_settlementDate]" Alias="[sett]" IndexKind="NonClustered" Storage="RowStore"/><SeekPredicates><SeekPredicateNew><SeekKeys><Prefix ScanType="EQ"><RangeColumns><ColumnReference Database="[Buy4_bo]" Schema="[dbo]" Table="[BUY4_SETTLEMENT_EVENT]" Alias="[sett]" Column="SettlementDate"/></RangeColumns><RangeExpressions><ScalarOperator ScalarString="[@startdate]"><Identifier><ColumnReference Column="@startdate"/></Identifier></ScalarOperator></RangeExpressions></Prefix></SeekKeys></SeekPredicateNew></SeekPredicates></IndexScan></RelOp><RelOp NodeId="111" PhysicalOp="Compute Scalar" LogicalOp="Compute Scalar" EstimateRows="8438.72" EstimateIO="0" EstimateCPU="0.000843872" AvgRowSize="38" EstimatedTotalSubtreeCost="0.137336" Parallel="0" EstimateRebinds="0" EstimateRewinds="0" EstimatedExecutionMode="Row"><OutputList><ColumnReference Database="[Buy4_bo]" Schema="[dbo]" Table="[AMR_MOVEMENT]" Alias="[mov]" Column="ID_MOVEMENT"/><ColumnReference Database="[Buy4_bo]" Schema="[dbo]" Table="[AMR_MOVEMENT]" Alias="[mov]" Column="ID_SETTLEMENT_EVENT"/><ColumnReference Column="Expr1036"/><ColumnReference Column="Expr1069"/><ColumnReference Column="Expr1070"/><ColumnReference Column="Expr1071"/></OutputList><ComputeScalar><DefinedValues><DefinedValue><ColumnReference Column="Expr1036"/><ScalarOperator ScalarString="CASE WHEN [Buy4_bo].[dbo].[AMR_MOVEMENT].[BUY4_MOVEMENT_CATEGORY] as [mov].[BUY4_MOVEMENT_CATEGORY]=(27) OR [Buy4_bo].[dbo].[AMR_MOVEMENT].[BUY4_MOVEMENT_CATEGORY] as [mov].[BUY4_MOVEMENT_CATEGORY]=(23) OR [Buy4_bo].[dbo].[AMR_MOVEMENT].[BUY4_MOVEMENT_CATEGORY] as [mov].[BUY4_MOVEMENT_CATEGORY]=(21) OR [Buy4_bo].[dbo].[AMR_MOVEMENT].[BUY4_MOVEMENT_CATEGORY] as [mov].[BUY4_MOVEMENT_CATEGORY]=(20) THEN [Buy4_bo].[dbo].[AMR_MOVEMENT].[ID_MOVEMENT] as [mov].[ID_MOVEMENT] ELSE NULL END"><IF><Condition><ScalarOperator><Logical Operation="OR"><ScalarOperator><Compare CompareOp="EQ"><ScalarOperator><Identifier><ColumnReference Database="[Buy4_bo]" Schema="[dbo]" Table="[AMR_MOVEMENT]" Alias="[mov]" Column="BUY4_MOVEMENT_CATEGORY"/></Identifier></ScalarOperator><ScalarOperator><Const ConstValue="(27)"/></ScalarOperator></Compare></ScalarOperator><ScalarOperator><Compare CompareOp="EQ"><ScalarOperator><Identifier><ColumnReference Database="[Buy4_bo]" Schema="[dbo]" Table="[AMR_MOVEMENT]" Alias="[mov]" Column="BUY4_MOVEMENT_CATEGORY"/></Identifier></ScalarOperator><ScalarOperator><Const ConstValue="(23)"/></ScalarOperator></Compare></ScalarOperator><ScalarOperator><Compare CompareOp="EQ"><ScalarOperator><Identifier><ColumnReference Database="[Buy4_bo]" Schema="[dbo]" Table="[AMR_MOVEMENT]" Alias="[mov]" Column="BUY4_MOVEMENT_CATEGORY"/></Identifier></ScalarOperator><ScalarOperator><Const ConstValue="(21)"/></ScalarOperator></Compare></ScalarOperator><ScalarOperator><Compare CompareOp="EQ"><ScalarOperator><Identifier><ColumnReference Database="[Buy4_bo]" Schema="[dbo]" Table="[AMR_MOVEMENT]" Alias="[mov]" Column="BUY4_MOVEMENT_CATEGORY"/></Identifier></ScalarOperator><ScalarOperator><Const ConstValue="(20)"/></ScalarOperator></Compare></ScalarOperator></Logical></ScalarOperator></Condition><Then><ScalarOperator><Identifier><ColumnReference Database="[Buy4_bo]" Schema="[dbo]" Table="[AMR_MOVEMENT]" Alias="[mov]" Column="ID_MOVEMENT"/></Identifier></ScalarOperator></Then><Else><ScalarOperator><Const ConstValue="NULL"/></ScalarOperator></Else></IF></ScalarOperator></DefinedValue><DefinedValue><ColumnReference Column="Expr1069"/><ScalarOperator ScalarString="CASE WHEN [Buy4_bo].[dbo].[AMR_MOVEMENT].[BUY4_MOVEMENT_CATEGORY] as [mov].[BUY4_MOVEMENT_CATEGORY]=(20) THEN (90) ELSE CASE WHEN [Buy4_bo].[dbo].[AMR_MOVEMENT].[BUY4_MOVEMENT_CATEGORY] as [mov].[BUY4_MOVEMENT_CATEGORY]=(21) THEN (80) ELSE CASE WHEN [Buy4_bo].[dbo].[AMR_MOVEMENT].[BUY4_MOVEMENT_CATEGORY] as [mov].[BUY4_MOVEMENT_CATEGORY]=(24) THEN (70) ELSE CASE WHEN [Buy4_bo].[dbo].[AMR_MOVEMENT].[BUY4_MOVEMENT_CATEGORY] as [mov].[BUY4_MOVEMENT_CATEGORY]=(25) THEN (60) ELSE CASE WHEN [Buy4_bo].[dbo].[AMR_MOVEMENT].[BUY4_MOVEMENT_CATEGORY] as [mov].[BUY4_MOVEMENT_CATEGORY]=(22) THEN (50) ELSE CASE WHEN [Buy4_bo].[dbo].[AMR_MOVEMENT].[BUY4_MOVEMENT_CATEGORY] as [mov].[BUY4_MOVEMENT_CATEGORY]=(23) THEN (41) ELSE CASE WHEN [Buy4_bo].[dbo].[AMR_MOVEMENT].[BUY4_MOVEMENT_CATEGORY] as [mov].[BUY4_MOVEMENT_CATEGORY]=(27) THEN (40) ELSE CASE WHEN [Buy4_bo].[dbo].[AMR_MOVEMENT].[BUY4_MOVEMENT_CATEGORY] as [mov].[BUY4_MOVEMENT_CATEGORY]=(6) THEN (30) ELSE CASE WHEN [Buy4_bo].[dbo].[AMR_MOVEMENT].[BUY4_MOVEMENT_CATEGORY] as [mov].[BUY4_MOVEMENT_CATEGORY]=(14) THEN (20) ELSE (0) END END END END END END END END END"><IF><Condition><ScalarOperator><Compare CompareOp="EQ"><ScalarOperator><Identifier><ColumnReference Database="[Buy4_bo]" Schema="[dbo]" Table="[AMR_MOVEMENT]" Alias="[mov]" Column="BUY4_MOVEMENT_CATEGORY"/></Identifier></ScalarOperator><ScalarOperator><Const ConstValue="(20)"/></ScalarOperator></Compare></ScalarOperator></Condition><Then><ScalarOperator><Const ConstValue="(90)"/></ScalarOperator></Then><Else><ScalarOperator><IF><Condition><ScalarOperator><Compare CompareOp="EQ"><ScalarOperator><Identifier><ColumnReference Database="[Buy4_bo]" Schema="[dbo]" Table="[AMR_MOVEMENT]" Alias="[mov]" Column="BUY4_MOVEMENT_CATEGORY"/></Identifier></ScalarOperator><ScalarOperator><Const ConstValue="(21)"/></ScalarOperator></Compare></ScalarOperator></Condition><Then><ScalarOperator><Const ConstValue="(80)"/></ScalarOperator></Then><Else><ScalarOperator><IF><Condition><ScalarOperator><Compare CompareOp="EQ"><ScalarOperator><Identifier><ColumnReference Database="[Buy4_bo]" Schema="[dbo]" Table="[AMR_MOVEMENT]" Alias="[mov]" Column="BUY4_MOVEMENT_CATEGORY"/></Identifier></ScalarOperator><ScalarOperator><Const ConstValue="(24)"/></ScalarOperator></Compare></ScalarOperator></Condition><Then><ScalarOperator><Const ConstValue="(70)"/></ScalarOperator></Then><Else><ScalarOperator><IF><Condition><ScalarOperator><Compare CompareOp="EQ"><ScalarOperator><Identifier><ColumnReference Database="[Buy4_bo]" Schema="[dbo]" Table="[AMR_MOVEMENT]" Alias="[mov]" Column="BUY4_MOVEMENT_CATEGORY"/></Identifier></ScalarOperator><ScalarOperator><Const ConstValue="(25)"/></ScalarOperator></Compare></ScalarOperator></Condition><Then><ScalarOperator><Const ConstValue="(60)"/></ScalarOperator></Then><Else><ScalarOperator><IF><Condition><ScalarOperator><Compare CompareOp="EQ"><ScalarOperator><Identifier><ColumnReference Database="[Buy4_bo]" Schema="[dbo]" Table="[AMR_MOVEMENT]" Alias="[mov]" Column="BUY4_MOVEMENT_CATEGORY"/></Identifier></ScalarOperator><ScalarOperator><Const ConstValue="(22)"/></ScalarOperator></Compare></ScalarOperator></Condition><Then><ScalarOperator><Const ConstValue="(50)"/></ScalarOperator></Then><Else><ScalarOperator><IF><Condition><ScalarOperator><Compare CompareOp="EQ"><ScalarOperator><Identifier><ColumnReference Database="[Buy4_bo]" Schema="[dbo]" Table="[AMR_MOVEMENT]" Alias="[mov]" Column="BUY4_MOVEMENT_CATEGORY"/></Identifier></ScalarOperator><ScalarOperator><Const ConstValue="(23)"/></ScalarOperator></Compare></ScalarOperator></Condition><Then><ScalarOperator><Const ConstValue="(41)"/></ScalarOperator></Then><Else><ScalarOperator><IF><Condition><ScalarOperator><Compare CompareOp="EQ"><ScalarOperator><Identifier><ColumnReference Database="[Buy4_bo]" Schema="[dbo]" Table="[AMR_MOVEMENT]" Alias="[mov]" Column="BUY4_MOVEMENT_CATEGORY"/></Identifier></ScalarOperator><ScalarOperator><Const ConstValue="(27)"/></ScalarOperator></Compare></ScalarOperator></Condition><Then><ScalarOperator><Const ConstValue="(40)"/></ScalarOperator></Then><Else><ScalarOperator><IF><Condition><ScalarOperator><Compare CompareOp="EQ"><ScalarOperator><Identifier><ColumnReference Database="[Buy4_bo]" Schema="[dbo]" Table="[AMR_MOVEMENT]" Alias="[mov]" Column="BUY4_MOVEMENT_CATEGORY"/></Identifier></ScalarOperator><ScalarOperator><Const ConstValue="(6)"/></ScalarOperator></Compare></ScalarOperator></Condition><Then><ScalarOperator><Const ConstValue="(30)"/></ScalarOperator></Then><Else><ScalarOperator><IF><Condition><ScalarOperator><Compare CompareOp="EQ"><ScalarOperator><Identifier><ColumnReference Database="[Buy4_bo]" Schema="[dbo]" Table="[AMR_MOVEMENT]" Alias="[mov]" Column="BUY4_MOVEMENT_CATEGORY"/></Identifier></ScalarOperator><ScalarOperator><Const ConstValue="(14)"/></ScalarOperator></Compare></ScalarOperator></Condition><Then><ScalarOperator><Const ConstValue="(20)"/></ScalarOperator></Then><Else><ScalarOperator><Const ConstValue="(0)"/></ScalarOperator></Else></IF></ScalarOperator></Else></IF></ScalarOperator></Else></IF></ScalarOperator></Else></IF></ScalarOperator></Else></IF></ScalarOperator></Else></IF></ScalarOperator></Else></IF></ScalarOperator></Else></IF></ScalarOperator></Else></IF></ScalarOperator></DefinedValue><DefinedValue><ColumnReference Column="Expr1070"/><ScalarOperator ScalarString="CASE WHEN [Buy4_bo].[dbo].[AMR_MOVEMENT].[ID_MERCHANT] as [mov].[ID_MERCHANT]=[Buy4_bo].[dbo].[AMR_MOVEMENT].[ID_PAYMENT_OWNER] as [mov].[ID_PAYMENT_OWNER] OR [Buy4_bo].[dbo].[AMR_MOVEMENT].[ID_PAYMENT_OWNER] as [mov].[ID_PAYMENT_OWNER] IS NULL THEN CASE WHEN [Buy4_bo].[dbo].[AMR_MOVEMENT].[OPERATION_CODE] as [mov].[OPERATION_CODE]=(1.) THEN [Buy4_bo].[dbo].[AMR_MOVEMENT].[AMOUNT] as [mov].[AMOUNT] ELSE  -[Buy4_bo].[dbo].[AMR_MOVEMENT].[AMOUNT] as [mov].[AMOUNT] END ELSE NULL END"><IF><Condition><ScalarOperator><Logical Operation="OR"><ScalarOperator><Compare CompareOp="EQ"><ScalarOperator><Identifier><ColumnReference Database="[Buy4_bo]" Schema="[dbo]" Table="[AMR_MOVEMENT]" Alias="[mov]" Column="ID_MERCHANT"/></Identifier></ScalarOperator><ScalarOperator><Identifier><ColumnReference Database="[Buy4_bo]" Schema="[dbo]" Table="[AMR_MOVEMENT]" Alias="[mov]" Column="ID_PAYMENT_OWNER"/></Identifier></ScalarOperator></Compare></ScalarOperator><ScalarOperator><Compare CompareOp="IS"><ScalarOperator><Identifier><ColumnReference Database="[Buy4_bo]" Schema="[dbo]" Table="[AMR_MOVEMENT]" Alias="[mov]" Column="ID_PAYMENT_OWNER"/></Identifier></ScalarOperator><ScalarOperator><Const ConstValue="NULL"/></ScalarOperator></Compare></ScalarOperator></Logical></ScalarOperator></Condition><Then><ScalarOperator><IF><Condition><ScalarOperator><Compare CompareOp="EQ"><ScalarOperator><Identifier><ColumnReference Database="[Buy4_bo]" Schema="[dbo]" Table="[AMR_MOVEMENT]" Alias="[mov]" Column="OPERATION_CODE"/></Identifier></ScalarOperator><ScalarOperator><Const ConstValue="(1.)"/></ScalarOperator></Compare></ScalarOperator></Condition><Then><ScalarOperator><Identifier><ColumnReference Database="[Buy4_bo]" Schema="[dbo]" Table="[AMR_MOVEMENT]" Alias="[mov]" Column="AMOUNT"/></Identifier></ScalarOperator></Then><Else><ScalarOperator><Arithmetic Operation="MINUS"><ScalarOperator><Identifier><ColumnReference Database="[Buy4_bo]" Schema="[dbo]" Table="[AMR_MOVEMENT]" Alias="[mov]" Column="AMOUNT"/></Identifier></ScalarOperator></Arithmetic></ScalarOperator></Else></IF></ScalarOperator></Then><Else><ScalarOperator><Const ConstValue="NULL"/></ScalarOperator></Else></IF></ScalarOperator></DefinedValue><DefinedValue><ColumnReference Column="Expr1071"/><ScalarOperator ScalarString="CASE WHEN [Buy4_bo].[dbo].[AMR_MOVEMENT].[BUY4_MOVEMENT_CATEGORY] as [mov].[BUY4_MOVEMENT_CATEGORY]=(20) THEN (-1) ELSE CASE WHEN [Buy4_bo].[dbo].[AMR_MOVEMENT].[BUY4_MOVEMENT_CATEGORY] as [mov].[BUY4_MOVEMENT_CATEGORY]=(24) THEN (-1) ELSE CASE WHEN [Buy4_bo].[dbo].[AMR_MOVEMENT].[BUY4_MOVEMENT_CATEGORY] as [mov].[BUY4_MOVEMENT_CATEGORY]=(25) THEN (-1) ELSE (1) END END END"><IF><Condition><ScalarOperator><Compare CompareOp="EQ"><ScalarOperator><Identifier><ColumnReference Database="[Buy4_bo]" Schema="[dbo]" Table="[AMR_MOVEMENT]" Alias="[mov]" Column="BUY4_MOVEMENT_CATEGORY"/></Identifier></ScalarOperator><ScalarOperator><Const ConstValue="(20)"/></ScalarOperator></Compare></ScalarOperator></Condition><Then><ScalarOperator><Const ConstValue="(-1)"/></ScalarOperator></Then><Else><ScalarOperator><IF><Condition><ScalarOperator><Compare CompareOp="EQ"><ScalarOperator><Identifier><ColumnReference Database="[Buy4_bo]" Schema="[dbo]" Table="[AMR_MOVEMENT]" Alias="[mov]" Column="BUY4_MOVEMENT_CATEGORY"/></Identifier></ScalarOperator><ScalarOperator><Const ConstValue="(24)"/></ScalarOperator></Compare></ScalarOperator></Condition><Then><ScalarOperator><Const ConstValue="(-1)"/></ScalarOperator></Then><Else><ScalarOperator><IF><Condition><ScalarOperator><Compare CompareOp="EQ"><ScalarOperator><Identifier><ColumnReference Database="[Buy4_bo]" Schema="[dbo]" Table="[AMR_MOVEMENT]" Alias="[mov]" Column="BUY4_MOVEMENT_CATEGORY"/></Identifier></ScalarOperator><ScalarOperator><Const ConstValue="(25)"/></ScalarOperator></Compare></ScalarOperator></Condition><Then><ScalarOperator><Const ConstValue="(-1)"/></ScalarOperator></Then><Else><ScalarOperator><Const ConstValue="(1)"/></ScalarOperator></Else></IF></ScalarOperator></Else></IF></ScalarOperator></Else></IF></ScalarOperator></DefinedValue></DefinedValues><RelOp NodeId="112" PhysicalOp="Nested Loops" LogicalOp="Inner Join" EstimateRows="8438.72" EstimateIO="0" EstimateCPU="0.0352739" AvgRowSize="43" EstimatedTotalSubtreeCost="0.136492" Parallel="0" EstimateRebinds="0" EstimateRewinds="0" EstimatedExecutionMode="Row"><OutputList><ColumnReference Database="[Buy4_bo]" Schema="[dbo]" Table="[AMR_MOVEMENT]" Alias="[mov]" Column="ID_MOVEMENT"/><ColumnReference Database="[Buy4_bo]" Schema="[dbo]" Table="[AMR_MOVEMENT]" Alias="[mov]" Column="ID_MERCHANT"/><ColumnReference Database="[Buy4_bo]" Schema="[dbo]" Table="[AMR_MOVEMENT]" Alias="[mov]" Column="OPERATION_CODE"/><ColumnReference Database="[Buy4_bo]" Schema="[dbo]" Table="[AMR_MOVEMENT]" Alias="[mov]" Column="AMOUNT"/><ColumnReference Database="[Buy4_bo]" Schema="[dbo]" Table="[AMR_MOVEMENT]" Alias="[mov]" Column="ID_SETTLEMENT_EVENT"/><ColumnReference Database="[Buy4_bo]" Schema="[dbo]" Table="[AMR_MOVEMENT]" Alias="[mov]" Column="ID_PAYMENT_OWNER"/><ColumnReference Database="[Buy4_bo]" Schema="[dbo]" Table="[AMR_MOVEMENT]" Alias="[mov]" Column="BUY4_MOVEMENT_CATEGORY"/></OutputList><NestedLoops Optimized="0"><OuterReferences><ColumnReference Database="[Buy4_bo]" Schema="[dbo]" Table="[AMR_MERCHANT]" Alias="[mer]" Column="ID_MERCHANT"/></OuterReferences><RelOp NodeId="113" PhysicalOp="Index Seek" LogicalOp="Index Seek" EstimateRows="1" EstimateIO="0.003125" EstimateCPU="0.0001581" AvgRowSize="12" EstimatedTotalSubtreeCost="0.0032831" TableCardinality="45007" Parallel="0" EstimateRebinds="0" EstimateRewinds="0" EstimatedExecutionMode="Row"><OutputList><ColumnReference Database="[Buy4_bo]" Schema="[dbo]" Table="[AMR_MERCHANT]" Alias="[mer]" Column="ID_MERCHANT"/></OutputList><IndexScan Ordered="1" ScanDirection="FORWARD" ForcedIndex="0" ForceSeek="0" ForceScan="0" NoExpandHint="0" Storage="RowStore"><DefinedValues><DefinedValue><ColumnReference Database="[Buy4_bo]" Schema="[dbo]" Table="[AMR_MERCHANT]" Alias="[mer]" Column="ID_MERCHANT"/></DefinedValue></DefinedValues><Object Database="[Buy4_bo]" Schema="[dbo]" Table="[AMR_MERCHANT]" Index="[UQ__AMR_MERC__5452827A201EE55F]" Alias="[mer]" TableReferenceId="2" IndexKind="NonClustered" Storage="RowStore"/><SeekPredicates><SeekPredicateNew><SeekKeys><Prefix ScanType="EQ"><RangeColumns><ColumnReference Database="[Buy4_bo]" Schema="[dbo]" Table="[AMR_MERCHANT]" Alias="[mer]" Column="MERCHANT_IDENTIFIER"/></RangeColumns><RangeExpressions><ScalarOperator ScalarString="[@stonecode]"><Identifier><ColumnReference Column="@stonecode"/></Identifier></ScalarOperator></RangeExpressions></Prefix></SeekKeys></SeekPredicateNew></SeekPredicates></IndexScan></RelOp><RelOp NodeId="114" PhysicalOp="Index Seek" LogicalOp="Index Seek" EstimateRows="8438.72" EstimateIO="0.0742361" EstimateCPU="0.00947214" AvgRowSize="48" EstimatedTotalSubtreeCost="0.0837082" TableCardinality="5.38322e+008" Parallel="0" EstimateRebinds="0" EstimateRewinds="0" EstimatedExecutionMode="Row"><OutputList><ColumnReference Database="[Buy4_bo]" Schema="[dbo]" Table="[AMR_MOVEMENT]" Alias="[mov]" Column="ID_MOVEMENT"/><ColumnReference Database="[Buy4_bo]" Schema="[dbo]" Table="[AMR_MOVEMENT]" Alias="[mov]" Column="ID_MERCHANT"/><ColumnReference Database="[Buy4_bo]" Schema="[dbo]" Table="[AMR_MOVEMENT]" Alias="[mov]" Column="OPERATION_CODE"/><ColumnReference Database="[Buy4_bo]" Schema="[dbo]" Table="[AMR_MOVEMENT]" Alias="[mov]" Column="AMOUNT"/><ColumnReference Database="[Buy4_bo]" Schema="[dbo]" Table="[AMR_MOVEMENT]" Alias="[mov]" Column="ID_SETTLEMENT_EVENT"/><ColumnReference Database="[Buy4_bo]" Schema="[dbo]" Table="[AMR_MOVEMENT]" Alias="[mov]" Column="ID_PAYMENT_OWNER"/><ColumnReference Database="[Buy4_bo]" Schema="[dbo]" Table="[AMR_MOVEMENT]" Alias="[mov]" Column="BUY4_MOVEMENT_CATEGORY"/></OutputList><IndexScan Ordered="1" ScanDirection="FORWARD" ForcedIndex="0" ForceSeek="0" ForceScan="0" NoExpandHint="0" Storage="RowStore"><DefinedValues><DefinedValue><ColumnReference Database="[Buy4_bo]" Schema="[dbo]" Table="[AMR_MOVEMENT]" Alias="[mov]" Column="ID_MOVEMENT"/></DefinedValue><DefinedValue><ColumnReference Database="[Buy4_bo]" Schema="[dbo]" Table="[AMR_MOVEMENT]" Alias="[mov]" Column="ID_MERCHANT"/></DefinedValue><DefinedValue><ColumnReference Database="[Buy4_bo]" Schema="[dbo]" Table="[AMR_MOVEMENT]" Alias="[mov]" Column="OPERATION_CODE"/></DefinedValue><DefinedValue><ColumnReference Database="[Buy4_bo]" Schema="[dbo]" Table="[AMR_MOVEMENT]" Alias="[mov]" Column="AMOUNT"/></DefinedValue><DefinedValue><ColumnReference Database="[Buy4_bo]" Schema="[dbo]" Table="[AMR_MOVEMENT]" Alias="[mov]" Column="ID_SETTLEMENT_EVENT"/></DefinedValue><DefinedValue><ColumnReference Database="[Buy4_bo]" Schema="[dbo]" Table="[AMR_MOVEMENT]" Alias="[mov]" Column="ID_PAYMENT_OWNER"/></DefinedValue><DefinedValue><ColumnReference Database="[Buy4_bo]" Schema="[dbo]" Table="[AMR_MOVEMENT]" Alias="[mov]" Column="BUY4_MOVEMENT_CATEGORY"/></DefinedValue></DefinedValues><Object Database="[Buy4_bo]" Schema="[dbo]" Table="[AMR_MOVEMENT]" Index="[IX_AMR_MOVEMENT_ID_MERCHANT_ID_ORIGINAL_MOVEMENT_BUY4_MOVEMENT_CATEGORY_SETTLEMENT_DATE_MOVEMENT_TYPE_ID_MOVEMENT_OPERATION_CODE]" Alias="[mov]" TableReferenceId="2" IndexKind="NonClustered" Storage="RowStore"/><SeekPredicates><SeekPredicateNew><SeekKeys><Prefix ScanType="EQ"><RangeColumns><ColumnReference Database="[Buy4_bo]" Schema="[dbo]" Table="[AMR_MOVEMENT]" Alias="[mov]" Column="ID_MERCHANT"/><ColumnReference Database="[Buy4_bo]" Schema="[dbo]" Table="[AMR_MOVEMENT]" Alias="[mov]" Column="ID_ORIGINAL_MOVEMENT"/></RangeColumns><RangeExpressions><ScalarOperator ScalarString="[Buy4_bo].[dbo].[AMR_MERCHANT].[ID_MERCHANT] as [mer].[ID_MERCHANT]"><Identifier><ColumnReference Database="[Buy4_bo]" Schema="[dbo]" Table="[AMR_MERCHANT]" Alias="[mer]" Column="ID_MERCHANT"/></Identifier></ScalarOperator><ScalarOperator ScalarString="NULL"><Const ConstValue="NULL"/></ScalarOperator></RangeExpressions></Prefix></SeekKeys></SeekPredicateNew></SeekPredicates><Predicate><ScalarOperator ScalarString="([Buy4_bo].[dbo].[AMR_MOVEMENT].[ID_PAYMENT_OWNER] as [mov].[ID_PAYMENT_OWNER] IS NULL OR [Buy4_bo].[dbo].[AMR_MOVEMENT].[ID_MERCHANT] as [mov].[ID_MERCHANT]=[Buy4_bo].[dbo].[AMR_MOVEMENT].[ID_PAYMENT_OWNER] as [mov].[ID_PAYMENT_OWNER]) AND ([Buy4_bo].[dbo].[AMR_MOVEMENT].[MOVEMENT_TYPE] as [mov].[MOVEMENT_TYPE]=(3.) OR [Buy4_bo].[dbo].[AMR_MOVEMENT].[MOVEMENT_TYPE] as [mov].[MOVEMENT_TYPE]=(4.))"><Logical Operation="AND"><ScalarOperator><Logical Operation="OR"><ScalarOperator><Compare CompareOp="IS"><ScalarOperator><Identifier><ColumnReference Database="[Buy4_bo]" Schema="[dbo]" Table="[AMR_MOVEMENT]" Alias="[mov]" Column="ID_PAYMENT_OWNER"/></Identifier></ScalarOperator><ScalarOperator><Const ConstValue="NULL"/></ScalarOperator></Compare></ScalarOperator><ScalarOperator><Compare CompareOp="EQ"><ScalarOperator><Identifier><ColumnReference Database="[Buy4_bo]" Schema="[dbo]" Table="[AMR_MOVEMENT]" Alias="[mov]" Column="ID_MERCHANT"/></Identifier></ScalarOperator><ScalarOperator><Identifier><ColumnReference Database="[Buy4_bo]" Schema="[dbo]" Table="[AMR_MOVEMENT]" Alias="[mov]" Column="ID_PAYMENT_OWNER"/></Identifier></ScalarOperator></Compare></ScalarOperator></Logical></ScalarOperator><ScalarOperator><Logical Operation="OR"><ScalarOperator><Compare CompareOp="EQ"><ScalarOperator><Identifier><ColumnReference Database="[Buy4_bo]" Schema="[dbo]" Table="[AMR_MOVEMENT]" Alias="[mov]" Column="MOVEMENT_TYPE"/></Identifier></ScalarOperator><ScalarOperator><Const ConstValue="(3.)"/></ScalarOperator></Compare></ScalarOperator><ScalarOperator><Compare CompareOp="EQ"><ScalarOperator><Identifier><ColumnReference Database="[Buy4_bo]" Schema="[dbo]" Table="[AMR_MOVEMENT]" Alias="[mov]" Column="MOVEMENT_TYPE"/></Identifier></ScalarOperator><ScalarOperator><Const ConstValue="(4.)"/></ScalarOperator></Compare></ScalarOperator></Logical></ScalarOperator></Logical></ScalarOperator></Predicate></IndexScan></RelOp></NestedLoops></RelOp></ComputeScalar></RelOp></Hash></RelOp><RelOp NodeId="125" PhysicalOp="Index Seek" LogicalOp="Index Seek" EstimateRows="1" EstimateIO="0.003125" EstimateCPU="0.0001581" AvgRowSize="12" EstimatedTotalSubtreeCost="0.0230685" TableCardinality="5.35922e+008" Parallel="0" EstimateRebinds="6.9783" EstimateRewinds="0" EstimatedExecutionMode="Row"><OutputList><ColumnReference Database="[Buy4_bo]" Schema="[dbo]" Table="[ATX_TX_MOVEMENT_DETAIL]" Alias="[movd]" Column="ID_CONFIRMED_TRANSACTION"/></OutputList><IndexScan Ordered="1" ScanDirection="FORWARD" ForcedIndex="0" ForceSeek="0" ForceScan="0" NoExpandHint="0" Storage="RowStore"><DefinedValues><DefinedValue><ColumnReference Database="[Buy4_bo]" Schema="[dbo]" Table="[ATX_TX_MOVEMENT_DETAIL]" Alias="[movd]" Column="ID_CONFIRMED_TRANSACTION"/></DefinedValue></DefinedValues><Object Database="[Buy4_bo]" Schema="[dbo]" Table="[ATX_TX_MOVEMENT_DETAIL]" Index="[ix_idMovement_idConfirmedTransaction]" Alias="[movd]" TableReferenceId="2" IndexKind="NonClustered" Storage="RowStore"/><SeekPredicates><SeekPredicateNew><SeekKeys><Prefix ScanType="EQ"><RangeColumns><ColumnReference Database="[Buy4_bo]" Schema="[dbo]" Table="[ATX_TX_MOVEMENT_DETAIL]" Alias="[movd]" Column="ID_MOVEMENT"/></RangeColumns><RangeExpressions><ScalarOperator ScalarString="[Buy4_bo].[dbo].[AMR_MOVEMENT].[ID_MOVEMENT] as [mov].[ID_MOVEMENT]"><Identifier><ColumnReference Database="[Buy4_bo]" Schema="[dbo]" Table="[AMR_MOVEMENT]" Alias="[mov]" Column="ID_MOVEMENT"/></Identifier></ScalarOperator></RangeExpressions></Prefix></SeekKeys></SeekPredicateNew></SeekPredicates></IndexScan></RelOp></NestedLoops></RelOp><RelOp NodeId="126" PhysicalOp="Clustered Index Seek" LogicalOp="Clustered Index Seek" EstimateRows="1" EstimateIO="0.003125" EstimateCPU="0.0001581" AvgRowSize="154" EstimatedTotalSubtreeCost="0.0230685" TableCardinality="1.50595e+008" Parallel="0" EstimateRebinds="6.9783" EstimateRewinds="3.19482e-008" EstimatedExecutionMode="Row"><OutputList><ColumnReference Database="[Buy4_bo]" Schema="[dbo]" Table="[ATX_CONFIRMED_TRANSACTION]" Alias="[act]" Column="ID_CONFIRMED_TRANSACTION"/><ColumnReference Database="[Buy4_bo]" Schema="[dbo]" Table="[ATX_CONFIRMED_TRANSACTION]" Alias="[act]" Column="ID_PRODUCT"/><ColumnReference Database="[Buy4_bo]" Schema="[dbo]" Table="[ATX_CONFIRMED_TRANSACTION]" Alias="[act]" Column="ORIGINAL_AMOUNT"/><ColumnReference Database="[Buy4_bo]" Schema="[dbo]" Table="[ATX_CONFIRMED_TRANSACTION]" Alias="[act]" Column="PRESENTATION_DATE"/><ColumnReference Database="[Buy4_bo]" Schema="[dbo]" Table="[ATX_CONFIRMED_TRANSACTION]" Alias="[act]" Column="ID_SALE_PLAN"/><ColumnReference Database="[Buy4_bo]" Schema="[dbo]" Table="[ATX_CONFIRMED_TRANSACTION]" Alias="[act]" Column="TERMINAL_CODE"/><ColumnReference Database="[Buy4_bo]" Schema="[dbo]" Table="[ATX_CONFIRMED_TRANSACTION]" Alias="[act]" Column="INSTALLMENT_NUMBER"/><ColumnReference Database="[Buy4_bo]" Schema="[dbo]" Table="[ATX_CONFIRMED_TRANSACTION]" Alias="[act]" Column="TRANSACTION_MASKED_PAN"/><ColumnReference Database="[Buy4_bo]" Schema="[dbo]" Table="[ATX_CONFIRMED_TRANSACTION]" Alias="[act]" Column="ACQUIRER_TRANSACTION_KEY"/></OutputList><IndexScan Ordered="1" ScanDirection="FORWARD" ForcedIndex="0" ForceSeek="0" ForceScan="0" NoExpandHint="0" Storage="RowStore"><DefinedValues><DefinedValue><ColumnReference Database="[Buy4_bo]" Schema="[dbo]" Table="[ATX_CONFIRMED_TRANSACTION]" Alias="[act]" Column="ID_CONFIRMED_TRANSACTION"/></DefinedValue><DefinedValue><ColumnReference Database="[Buy4_bo]" Schema="[dbo]" Table="[ATX_CONFIRMED_TRANSACTION]" Alias="[act]" Column="ID_PRODUCT"/></DefinedValue><DefinedValue><ColumnReference Database="[Buy4_bo]" Schema="[dbo]" Table="[ATX_CONFIRMED_TRANSACTION]" Alias="[act]" Column="ORIGINAL_AMOUNT"/></DefinedValue><DefinedValue><ColumnReference Database="[Buy4_bo]" Schema="[dbo]" Table="[ATX_CONFIRMED_TRANSACTION]" Alias="[act]" Column="PRESENTATION_DATE"/></DefinedValue><DefinedValue><ColumnReference Database="[Buy4_bo]" Schema="[dbo]" Table="[ATX_CONFIRMED_TRANSACTION]" Alias="[act]" Column="ID_SALE_PLAN"/></DefinedValue><DefinedValue><ColumnReference Database="[Buy4_bo]" Schema="[dbo]" Table="[ATX_CONFIRMED_TRANSACTION]" Alias="[act]" Column="TERMINAL_CODE"/></DefinedValue><DefinedValue><ColumnReference Database="[Buy4_bo]" Schema="[dbo]" Table="[ATX_CONFIRMED_TRANSACTION]" Alias="[act]" Column="INSTALLMENT_NUMBER"/></DefinedValue><DefinedValue><ColumnReference Database="[Buy4_bo]" Schema="[dbo]" Table="[ATX_CONFIRMED_TRANSACTION]" Alias="[act]" Column="TRANSACTION_MASKED_PAN"/></DefinedValue><DefinedValue><ColumnReference Database="[Buy4_bo]" Schema="[dbo]" Table="[ATX_CONFIRMED_TRANSACTION]" Alias="[act]" Column="ACQUIRER_TRANSACTION_KEY"/></DefinedValue></DefinedValues><Object Database="[Buy4_bo]" Schema="[dbo]" Table="[ATX_CONFIRMED_TRANSACTION]" Index="[PK_MTRANSACTION]" Alias="[act]" TableReferenceId="2" IndexKind="Clustered" Storage="RowStore"/><SeekPredicates><SeekPredicateNew><SeekKeys><Prefix ScanType="EQ"><RangeColumns><ColumnReference Database="[Buy4_bo]" Schema="[dbo]" Table="[ATX_CONFIRMED_TRANSACTION]" Alias="[act]" Column="ID_CONFIRMED_TRANSACTION"/></RangeColumns><RangeExpressions><ScalarOperator ScalarString="[Buy4_bo].[dbo].[ATX_TX_MOVEMENT_DETAIL].[ID_CONFIRMED_TRANSACTION] as [movd].[ID_CONFIRMED_TRANSACTION]"><Identifier><ColumnReference Database="[Buy4_bo]" Schema="[dbo]" Table="[ATX_TX_MOVEMENT_DETAIL]" Alias="[movd]" Column="ID_CONFIRMED_TRANSACTION"/></Identifier></ScalarOperator></RangeExpressions></Prefix></SeekKeys></SeekPredicateNew></SeekPredicates></IndexScan></RelOp></NestedLoops></RelOp><RelOp NodeId="127" PhysicalOp="Index Seek" LogicalOp="Index Seek" EstimateRows="1" EstimateIO="0.003125" EstimateCPU="0.0001581" AvgRowSize="16" EstimatedTotalSubtreeCost="0.00753835" TableCardinality="872" Parallel="0" EstimateRebinds="6.96557" EstimateRewinds="0.0127329" EstimatedExecutionMode="Row"><OutputList><ColumnReference Column="Bmk1026"/><ColumnReference Column="IsBaseRow1027"/></OutputList><IndexScan Ordered="1" ScanDirection="FORWARD" ForcedIndex="0" ForceSeek="0" ForceScan="0" NoExpandHint="0" Storage="RowStore"><DefinedValues><DefinedValue><ColumnReference Column="Bmk1026"/></DefinedValue><DefinedValue><ColumnReference Column="IsBaseRow1027"/></DefinedValue></DefinedValues><Object Database="[Buy4_bo]" Schema="[dbo]" Table="[ABC_SALE_PLAN]" Index="[PK_MSALE_PLAN]" Alias="[sp]" TableReferenceId="2" IndexKind="NonClustered" Storage="RowStore"/><SeekPredicates><SeekPredicateNew><SeekKeys><Prefix ScanType="EQ"><RangeColumns><ColumnReference Database="[Buy4_bo]" Schema="[dbo]" Table="[ABC_SALE_PLAN]" Alias="[sp]" Column="ID_SALE_PLAN"/></RangeColumns><RangeExpressions><ScalarOperator ScalarString="[Buy4_bo].[dbo].[ATX_CONFIRMED_TRANSACTION].[ID_SALE_PLAN] as [act].[ID_SALE_PLAN]"><Identifier><ColumnReference Database="[Buy4_bo]" Schema="[dbo]" Table="[ATX_CONFIRMED_TRANSACTION]" Alias="[act]" Column="ID_SALE_PLAN"/></Identifier></ScalarOperator></RangeExpressions></Prefix></SeekKeys></SeekPredicateNew></SeekPredicates></IndexScan></RelOp></NestedLoops></RelOp><RelOp NodeId="129" PhysicalOp="RID Lookup" LogicalOp="RID Lookup" EstimateRows="1" EstimateIO="0.003125" EstimateCPU="0.0001581" AvgRowSize="12" EstimatedTotalSubtreeCost="0.0183284" TableCardinality="872" Parallel="0" EstimateRebinds="6.9783" EstimateRewinds="0" EstimatedExecutionMode="Row"><OutputList><ColumnReference Database="[Buy4_bo]" Schema="[dbo]" Table="[ABC_SALE_PLAN]" Alias="[sp]" Column="INSTALLMENTS"/></OutputList><IndexScan Lookup="1" Ordered="1" ScanDirection="FORWARD" ForcedIndex="0" ForceSeek="0" ForceScan="0" NoExpandHint="0" Storage="RowStore"><DefinedValues><DefinedValue><ColumnReference Database="[Buy4_bo]" Schema="[dbo]" Table="[ABC_SALE_PLAN]" Alias="[sp]" Column="INSTALLMENTS"/></DefinedValue></DefinedValues><Object Database="[Buy4_bo]" Schema="[dbo]" Table="[ABC_SALE_PLAN]" Alias="[sp]" TableReferenceId="-1" IndexKind="Heap" Storage="RowStore"/><SeekPredicates><SeekPredicateNew><SeekKeys><Prefix ScanType="EQ"><RangeColumns><ColumnReference Column="Bmk1026"/></RangeColumns><RangeExpressions><ScalarOperator ScalarString="[Bmk1026]"><Identifier><ColumnReference Column="Bmk1026"/></Identifier></ScalarOperator></RangeExpressions></Prefix></SeekKeys></SeekPredicateNew></SeekPredicates></IndexScan></RelOp></NestedLoops></RelOp><RelOp NodeId="133" PhysicalOp="Clustered Index Seek" LogicalOp="Clustered Index Seek" EstimateRows="1" EstimateIO="0.003125" EstimateCPU="0.0001581" AvgRowSize="17" EstimatedTotalSubtreeCost="0.00438637" TableCardinality="345" Parallel="0" EstimateRebinds="6.55392" EstimateRewinds="0.424382" EstimatedExecutionMode="Row"><OutputList><ColumnReference Database="[Buy4_bo]" Schema="[dbo]" Table="[ABC_PRODUCT]" Alias="[p]" Column="PRODUCT_TYPE"/><ColumnReference Database="[Buy4_bo]" Schema="[dbo]" Table="[ABC_PRODUCT]" Alias="[p]" Column="ID_BRAND"/></OutputList><IndexScan Ordered="1" ScanDirection="FORWARD" ForcedIndex="0" ForceSeek="0" ForceScan="0" NoExpandHint="0" Storage="RowStore"><DefinedValues><DefinedValue><ColumnReference Database="[Buy4_bo]" Schema="[dbo]" Table="[ABC_PRODUCT]" Alias="[p]" Column="PRODUCT_TYPE"/></DefinedValue><DefinedValue><ColumnReference Database="[Buy4_bo]" Schema="[dbo]" Table="[ABC_PRODUCT]" Alias="[p]" Column="ID_BRAND"/></DefinedValue></DefinedValues><Object Database="[Buy4_bo]" Schema="[dbo]" Table="[ABC_PRODUCT]" Index="[PK_SUB_PRODUCT]" Alias="[p]" TableReferenceId="2" IndexKind="Clustered" Storage="RowStore"/><SeekPredicates><SeekPredicateNew><SeekKeys><Prefix ScanType="EQ"><RangeColumns><ColumnReference Database="[Buy4_bo]" Schema="[dbo]" Table="[ABC_PRODUCT]" Alias="[p]" Column="ID_PRODUCT"/></RangeColumns><RangeExpressions><ScalarOperator ScalarString="[Buy4_bo].[dbo].[ATX_CONFIRMED_TRANSACTION].[ID_PRODUCT] as [act].[ID_PRODUCT]"><Identifier><ColumnReference Database="[Buy4_bo]" Schema="[dbo]" Table="[ATX_CONFIRMED_TRANSACTION]" Alias="[act]" Column="ID_PRODUCT"/></Identifier></ScalarOperator></RangeExpressions></Prefix></SeekKeys></SeekPredicateNew></SeekPredicates></IndexScan></RelOp></NestedLoops></RelOp><RelOp NodeId="134" PhysicalOp="Index Seek" LogicalOp="Index Seek" EstimateRows="1.12613" EstimateIO="0.003125" EstimateCPU="0.000158239" AvgRowSize="16" EstimatedTotalSubtreeCost="0.0229631" TableCardinality="75506" Parallel="0" EstimateRebinds="6.9783" EstimateRewinds="0" EstimatedExecutionMode="Row"><OutputList><ColumnReference Column="Bmk1031"/><ColumnReference Column="IsBaseRow1032"/></OutputList><IndexScan Ordered="1" ScanDirection="FORWARD" ForcedIndex="0" ForceSeek="0" ForceScan="0" NoExpandHint="0" Storage="RowStore"><DefinedValues><DefinedValue><ColumnReference Column="Bmk1031"/></DefinedValue><DefinedValue><ColumnReference Column="IsBaseRow1032"/></DefinedValue></DefinedValues><Object Database="[Buy4_bo]" Schema="[dbo]" Table="[ABC_TERMINAL]" Index="[Idx_TerminalCode]" Alias="[abc_t]" TableReferenceId="2" IndexKind="NonClustered" Storage="RowStore"/><SeekPredicates><SeekPredicateNew><SeekKeys><Prefix ScanType="EQ"><RangeColumns><ColumnReference Database="[Buy4_bo]" Schema="[dbo]" Table="[ABC_TERMINAL]" Alias="[abc_t]" Column="TERMINAL_CODE"/></RangeColumns><RangeExpressions><ScalarOperator ScalarString="[Buy4_bo].[dbo].[ATX_CONFIRMED_TRANSACTION].[TERMINAL_CODE] as [act].[TERMINAL_CODE]"><Identifier><ColumnReference Database="[Buy4_bo]" Schema="[dbo]" Table="[ATX_CONFIRMED_TRANSACTION]" Alias="[act]" Column="TERMINAL_CODE"/></Identifier></ScalarOperator></RangeExpressions></Prefix></SeekKeys></SeekPredicateNew></SeekPredicates></IndexScan></RelOp></NestedLoops></RelOp><RelOp NodeId="136" PhysicalOp="RID Lookup" LogicalOp="RID Lookup" EstimateRows="1" EstimateIO="0.003125" EstimateCPU="0.0001581" AvgRowSize="12" EstimatedTotalSubtreeCost="0.0264175" TableCardinality="75506" Parallel="0" EstimateRebinds="8.04232" EstimateRewinds="0" EstimatedExecutionMode="Row"><OutputList><ColumnReference Database="[Buy4_bo]" Schema="[dbo]" Table="[ABC_TERMINAL]" Alias="[abc_t]" Column="ID_TERMINAL"/></OutputList><IndexScan Lookup="1" Ordered="1" ScanDirection="FORWARD" ForcedIndex="0" ForceSeek="0" ForceScan="0" NoExpandHint="0" Storage="RowStore"><DefinedValues><DefinedValue><ColumnReference Database="[Buy4_bo]" Schema="[dbo]" Table="[ABC_TERMINAL]" Alias="[abc_t]" Column="ID_TERMINAL"/></DefinedValue></DefinedValues><Object Database="[Buy4_bo]" Schema="[dbo]" Table="[ABC_TERMINAL]" Alias="[abc_t]" TableReferenceId="-1" IndexKind="Heap" Storage="RowStore"/><SeekPredicates><SeekPredicateNew><SeekKeys><Prefix ScanType="EQ"><RangeColumns><ColumnReference Column="Bmk1031"/></RangeColumns><RangeExpressions><ScalarOperator ScalarString="[Bmk1031]"><Identifier><ColumnReference Column="Bmk1031"/></Identifier></ScalarOperator></RangeExpressions></Prefix></SeekKeys></SeekPredicateNew></SeekPredicates></IndexScan></RelOp></NestedLoops></RelOp><RelOp NodeId="140" PhysicalOp="Index Seek" LogicalOp="Index Seek" EstimateRows="1.12692" EstimateIO="0.003125" EstimateCPU="0.00015824" AvgRowSize="23" EstimatedTotalSubtreeCost="0.0263339" TableCardinality="75514" Parallel="0" EstimateRebinds="8.04232" EstimateRewinds="0" EstimatedExecutionMode="Row"><OutputList><ColumnReference Database="[Buy4_bo]" Schema="[dbo]" Table="[BUY4_TERMINAL]" Alias="[bt]" Column="Buy4TerminalId"/></OutputList><IndexScan Ordered="1" ScanDirection="FORWARD" ForcedIndex="0" ForceSeek="0" ForceScan="0" NoExpandHint="0" Storage="RowStore"><DefinedValues><DefinedValue><ColumnReference Database="[Buy4_bo]" Schema="[dbo]" Table="[BUY4_TERMINAL]" Alias="[bt]" Column="Buy4TerminalId"/></DefinedValue></DefinedValues><Object Database="[Buy4_bo]" Schema="[dbo]" Table="[BUY4_TERMINAL]" Index="[idx_TerminalId]" Alias="[bt]" TableReferenceId="2" IndexKind="NonClustered" Storage="RowStore"/><SeekPredicates><SeekPredicateNew><SeekKeys><Prefix ScanType="EQ"><RangeColumns><ColumnReference Database="[Buy4_bo]" Schema="[dbo]" Table="[BUY4_TERMINAL]" Alias="[bt]" Column="TerminalId"/></RangeColumns><RangeExpressions><ScalarOperator ScalarString="[Buy4_bo].[dbo].[ABC_TERMINAL].[ID_TERMINAL] as [abc_t].[ID_TERMINAL]"><Identifier><ColumnReference Database="[Buy4_bo]" Schema="[dbo]" Table="[ABC_TERMINAL]" Alias="[abc_t]" Column="ID_TERMINAL"/></Identifier></ScalarOperator></RangeExpressions></Prefix></SeekKeys></SeekPredicateNew></SeekPredicates></IndexScan></RelOp></NestedLoops></RelOp></ComputeScalar></RelOp><RelOp NodeId="144" PhysicalOp="Index Seek" LogicalOp="Index Seek" EstimateRows="1" EstimateIO="0.003125" EstimateCPU="0.0001581" AvgRowSize="11" EstimatedTotalSubtreeCost="0.0303751" TableCardinality="75484" Parallel="0" EstimateRebinds="9.24884" EstimateRewinds="0" EstimatedExecutionMode="Row"><OutputList><ColumnReference Database="[Buy4]" Schema="[dbo]" Table="[CaptureMethod]" Alias="[cm]" Column="Id"/></OutputList><IndexScan Ordered="1" ScanDirection="FORWARD" ForcedIndex="0" ForceSeek="0" ForceScan="0" NoExpandHint="0" Storage="RowStore"><DefinedValues><DefinedValue><ColumnReference Database="[Buy4]" Schema="[dbo]" Table="[CaptureMethod]" Alias="[cm]" Column="Id"/></DefinedValue></DefinedValues><Object Database="[Buy4]" Schema="[dbo]" Table="[CaptureMethod]" Index="[Idx_CaptureMethodKey]" Alias="[cm]" TableReferenceId="2" IndexKind="NonClustered" Storage="RowStore"/><SeekPredicates><SeekPredicateNew><SeekKeys><Prefix ScanType="EQ"><RangeColumns><ColumnReference Database="[Buy4]" Schema="[dbo]" Table="[CaptureMethod]" Alias="[cm]" Column="CaptureMethodKey"/></RangeColumns><RangeExpressions><ScalarOperator ScalarString="[Expr1072]"><Identifier><ColumnReference Column="Expr1072"/></Identifier></ScalarOperator></RangeExpressions></Prefix></SeekKeys></SeekPredicateNew></SeekPredicates></IndexScan></RelOp></NestedLoops></RelOp><RelOp NodeId="145" PhysicalOp="Clustered Index Seek" LogicalOp="Clustered Index Seek" EstimateRows="1" EstimateIO="0.003125" EstimateCPU="0.0001581" AvgRowSize="36" EstimatedTotalSubtreeCost="0.0303206" TableCardinality="75458" Parallel="0" EstimateRebinds="9.24476" EstimateRewinds="0" EstimatedExecutionMode="Row"><OutputList><ColumnReference Database="[Buy4]" Schema="[dbo]" Table="[AllocatedCaptureMethod]" Alias="[acm]" Column="SerialNumber"/></OutputList><IndexScan Ordered="1" ScanDirection="FORWARD" ForcedIndex="0" ForceSeek="0" ForceScan="0" NoExpandHint="0" Storage="RowStore"><DefinedValues><DefinedValue><ColumnReference Database="[Buy4]" Schema="[dbo]" Table="[AllocatedCaptureMethod]" Alias="[acm]" Column="SerialNumber"/></DefinedValue></DefinedValues><Object Database="[Buy4]" Schema="[dbo]" Table="[AllocatedCaptureMethod]" Index="[PK__Allocate__DF43794106240423]" Alias="[acm]" TableReferenceId="2" IndexKind="Clustered" Storage="RowStore"/><SeekPredicates><SeekPredicateNew><SeekKeys><Prefix ScanType="EQ"><RangeColumns><ColumnReference Database="[Buy4]" Schema="[dbo]" Table="[AllocatedCaptureMethod]" Alias="[acm]" Column="MerchantCaptureMethodId"/></RangeColumns><RangeExpressions><ScalarOperator ScalarString="[Buy4].[dbo].[CaptureMethod].[Id] as [cm].[Id]"><Identifier><ColumnReference Database="[Buy4]" Schema="[dbo]" Table="[CaptureMethod]" Alias="[cm]" Column="Id"/></Identifier></ScalarOperator></RangeExpressions></Prefix></SeekKeys></SeekPredicateNew></SeekPredicates></IndexScan></RelOp></NestedLoops></RelOp></Sort></RelOp></StreamAggregate></RelOp></ComputeScalar></RelOp></ComputeScalar></RelOp></Concat></RelOp></Sort></RelOp></StreamAggregate></RelOp></ComputeScalar></RelOp></QueryPlan></StmtSimple></Statements></Batch></BatchSequence></ShowPlanXML>')